This is pdfTeX, Version 3.14159265-2.6-1.40.19 (MiKTeX 2.9.6840 64-bit) (preloaded format=pdflatex 2018.10.20)  20 OCT 2018 17:42
entering extended mode
**./Thesis.tex
(Thesis.tex
LaTeX2e <2018-04-01> patch level 5
(discothesis.cls
Document Class: discothesis 2005/09/16 v1.4f.a Modified from Standard LaTeX doc
ument class book.cls by Khaireel A. Mohamed April 2007 and by Tobias Langner No
vember 2009 and June 2011
("C:\Users\he_ying\AppData\Local\Programs\MiKTeX 2.9\tex\latex\base\bk11.clo"
File: bk11.clo 2014/09/29 v1.4h Standard LaTeX file (size option)
)
\c@part=\count80
\c@chapter=\count81
\c@section=\count82
\c@subsection=\count83
\c@subsubsection=\count84
\c@paragraph=\count85
\c@subparagraph=\count86
\c@appendix=\count87
\c@figure=\count88
\c@table=\count89
\abovecaptionskip=\skip41
\belowcaptionskip=\skip42
\bibindent=\dimen102
)
("C:\Users\he_ying\AppData\Local\Programs\MiKTeX 2.9\tex\latex\amsmath\amsmath.
sty"
Package: amsmath 2017/09/02 v2.17a AMS math features
\@mathmargin=\skip43

For additional information on amsmath, use the `?' option.

("C:\Users\he_ying\AppData\Local\Programs\MiKTeX 2.9\tex\latex\amsmath\amstext.
sty"
Package: amstext 2000/06/29 v2.01 AMS text

("C:\Users\he_ying\AppData\Local\Programs\MiKTeX 2.9\tex\latex\amsmath\amsgen.s
ty"
File: amsgen.sty 1999/11/30 v2.0 generic functions
\@emptytoks=\toks14
\ex@=\dimen103
))
("C:\Users\he_ying\AppData\Local\Programs\MiKTeX 2.9\tex\latex\amsmath\amsbsy.s
ty"
Package: amsbsy 1999/11/29 v1.2d Bold Symbols
\pmbraise@=\dimen104
)
("C:\Users\he_ying\AppData\Local\Programs\MiKTeX 2.9\tex\latex\amsmath\amsopn.s
ty"
Package: amsopn 2016/03/08 v2.02 operator names
)
\inf@bad=\count90
LaTeX Info: Redefining \frac on input line 213.
\uproot@=\count91
\leftroot@=\count92
LaTeX Info: Redefining \overline on input line 375.
\classnum@=\count93
\DOTSCASE@=\count94
LaTeX Info: Redefining \ldots on input line 472.
LaTeX Info: Redefining \dots on input line 475.
LaTeX Info: Redefining \cdots on input line 596.
\Mathstrutbox@=\box26
\strutbox@=\box27
\big@size=\dimen105
LaTeX Font Info:    Redeclaring font encoding OML on input line 712.
LaTeX Font Info:    Redeclaring font encoding OMS on input line 713.
\macc@depth=\count95
\c@MaxMatrixCols=\count96
\dotsspace@=\muskip10
\c@parentequation=\count97
\dspbrk@lvl=\count98
\tag@help=\toks15
\row@=\count99
\column@=\count100
\maxfields@=\count101
\andhelp@=\toks16
\eqnshift@=\dimen106
\alignsep@=\dimen107
\tagshift@=\dimen108
\tagwidth@=\dimen109
\totwidth@=\dimen110
\lineht@=\dimen111
\@envbody=\toks17
\multlinegap=\skip44
\multlinetaggap=\skip45
\mathdisplay@stack=\toks18
LaTeX Info: Redefining \[ on input line 2817.
LaTeX Info: Redefining \] on input line 2818.
)
("C:\Users\he_ying\AppData\Local\Programs\MiKTeX 2.9\tex\latex\amscls\amsthm.st
y"
Package: amsthm 2017/10/31 v2.20.4
\thm@style=\toks19
\thm@bodyfont=\toks20
\thm@headfont=\toks21
\thm@notefont=\toks22
\thm@headpunct=\toks23
\thm@preskip=\skip46
\thm@postskip=\skip47
\thm@headsep=\skip48
\dth@everypar=\toks24
)
("C:\Users\he_ying\AppData\Local\Programs\MiKTeX 2.9\tex\latex\amsfonts\amssymb
.sty"
Package: amssymb 2013/01/14 v3.01 AMS font symbols

("C:\Users\he_ying\AppData\Local\Programs\MiKTeX 2.9\tex\latex\amsfonts\amsfont
s.sty"
Package: amsfonts 2013/01/14 v3.01 Basic AMSFonts support
\symAMSa=\mathgroup4
\symAMSb=\mathgroup5
LaTeX Font Info:    Overwriting math alphabet `\mathfrak' in version `bold'
(Font)                  U/euf/m/n --> U/euf/b/n on input line 106.
))
("C:\Users\he_ying\AppData\Local\Programs\MiKTeX 2.9\tex\latex\setspace\setspac
e.sty"
Package: setspace 2011/12/19 v6.7a set line spacing
)
\c@theorem=\count102

("C:\Users\he_ying\AppData\Local\Programs\MiKTeX 2.9\tex\latex\xcolor\xcolor.st
y"
Package: xcolor 2016/05/11 v2.12 LaTeX color extensions (UK)

("C:\Users\he_ying\AppData\Local\Programs\MiKTeX 2.9\tex\latex\graphics-cfg\col
or.cfg"
File: color.cfg 2016/01/02 v1.6 sample color configuration
)
Package xcolor Info: Driver file: pdftex.def on input line 225.

("C:\Users\he_ying\AppData\Local\Programs\MiKTeX 2.9\tex\latex\graphics-def\pdf
tex.def"
File: pdftex.def 2018/01/08 v1.0l Graphics/color driver for pdftex
)
Package xcolor Info: Model `cmy' substituted by `cmy0' on input line 1348.
Package xcolor Info: Model `hsb' substituted by `rgb' on input line 1352.
Package xcolor Info: Model `RGB' extended on input line 1364.
Package xcolor Info: Model `HTML' substituted by `rgb' on input line 1366.
Package xcolor Info: Model `Hsb' substituted by `hsb' on input line 1367.
Package xcolor Info: Model `tHsb' substituted by `hsb' on input line 1368.
Package xcolor Info: Model `HSB' substituted by `hsb' on input line 1369.
Package xcolor Info: Model `Gray' substituted by `gray' on input line 1370.
Package xcolor Info: Model `wave' substituted by `hsb' on input line 1371.
)
("C:\Users\he_ying\AppData\Local\Programs\MiKTeX 2.9\tex\latex\hyperref\hyperre
f.sty"
Package: hyperref 2018/09/30 v6.88a Hypertext links for LaTeX

("C:\Users\he_ying\AppData\Local\Programs\MiKTeX 2.9\tex\generic\oberdiek\hobsu
b-hyperref.sty"
Package: hobsub-hyperref 2016/05/16 v1.14 Bundle oberdiek, subset hyperref (HO)


("C:\Users\he_ying\AppData\Local\Programs\MiKTeX 2.9\tex\generic\oberdiek\hobsu
b-generic.sty"
Package: hobsub-generic 2016/05/16 v1.14 Bundle oberdiek, subset generic (HO)
Package: hobsub 2016/05/16 v1.14 Construct package bundles (HO)
Package: infwarerr 2016/05/16 v1.4 Providing info/warning/error messages (HO)
Package: ltxcmds 2016/05/16 v1.23 LaTeX kernel commands for general use (HO)
Package: ifluatex 2016/05/16 v1.4 Provides the ifluatex switch (HO)
Package ifluatex Info: LuaTeX not detected.
Package: ifvtex 2016/05/16 v1.6 Detect VTeX and its facilities (HO)
Package ifvtex Info: VTeX not detected.
Package: intcalc 2016/05/16 v1.2 Expandable calculations with integers (HO)
Package: ifpdf 2018/09/07 v3.3 Provides the ifpdf switch
Package: etexcmds 2016/05/16 v1.6 Avoid name clashes with e-TeX commands (HO)
Package etexcmds Info: Could not find \expanded.
(etexcmds)             That can mean that you are not using pdfTeX 1.50 or
(etexcmds)             that some package has redefined \expanded.
(etexcmds)             In the latter case, load this package earlier.
Package: kvsetkeys 2016/05/16 v1.17 Key value parser (HO)
Package: kvdefinekeys 2016/05/16 v1.4 Define keys (HO)
Package: pdftexcmds 2018/09/10 v0.29 Utility functions of pdfTeX for LuaTeX (HO
)
Package pdftexcmds Info: LuaTeX not detected.
Package pdftexcmds Info: \pdf@primitive is available.
Package pdftexcmds Info: \pdf@ifprimitive is available.
Package pdftexcmds Info: \pdfdraftmode found.
Package: pdfescape 2016/05/16 v1.14 Implements pdfTeX's escape features (HO)
Package: bigintcalc 2016/05/16 v1.4 Expandable calculations on big integers (HO
)
Package: bitset 2016/05/16 v1.2 Handle bit-vector datatype (HO)
Package: uniquecounter 2016/05/16 v1.3 Provide unlimited unique counter (HO)
)
Package hobsub Info: Skipping package `hobsub' (already loaded).
Package: letltxmacro 2016/05/16 v1.5 Let assignment for LaTeX macros (HO)
Package: hopatch 2016/05/16 v1.3 Wrapper for package hooks (HO)
Package: xcolor-patch 2016/05/16 xcolor patch
Package: atveryend 2016/05/16 v1.9 Hooks at the very end of document (HO)
Package atveryend Info: \enddocument detected (standard20110627).
Package: atbegshi 2016/06/09 v1.18 At begin shipout hook (HO)
Package: refcount 2016/05/16 v3.5 Data extraction from label references (HO)
Package: hycolor 2016/05/16 v1.8 Color options for hyperref/bookmark (HO)
)
("C:\Users\he_ying\AppData\Local\Programs\MiKTeX 2.9\tex\latex\graphics\keyval.
sty"
Package: keyval 2014/10/28 v1.15 key=value parser (DPC)
\KV@toks@=\toks25
)
("C:\Users\he_ying\AppData\Local\Programs\MiKTeX 2.9\tex\generic\ifxetex\ifxete
x.sty"
Package: ifxetex 2010/09/12 v0.6 Provides ifxetex conditional
)
("C:\Users\he_ying\AppData\Local\Programs\MiKTeX 2.9\tex\latex\oberdiek\auxhook
.sty"
Package: auxhook 2016/05/16 v1.4 Hooks for auxiliary files (HO)
)
("C:\Users\he_ying\AppData\Local\Programs\MiKTeX 2.9\tex\latex\oberdiek\kvoptio
ns.sty"
Package: kvoptions 2016/05/16 v3.12 Key value format for package options (HO)
)
\@linkdim=\dimen112
\Hy@linkcounter=\count103
\Hy@pagecounter=\count104

("C:\Users\he_ying\AppData\Local\Programs\MiKTeX 2.9\tex\latex\hyperref\pd1enc.
def"
File: pd1enc.def 2018/09/30 v6.88a Hyperref: PDFDocEncoding definition (HO)
Now handling font encoding PD1 ...
... no UTF-8 mapping file for font encoding PD1
)
\Hy@SavedSpaceFactor=\count105

("C:\Users\he_ying\AppData\Local\Programs\MiKTeX 2.9\tex\latex\00miktex\hyperre
f.cfg"
File: hyperref.cfg 2002/06/06 v1.2 hyperref configuration of TeXLive
)
Package hyperref Info: Option `colorlinks' set `true' on input line 4409.
Package hyperref Info: Option `raiselinks' set `true' on input line 4409.
Package hyperref Info: Option `bookmarks' set `true' on input line 4409.
Package hyperref Info: Option `bookmarksopen' set `true' on input line 4409.
Package hyperref Info: Option `bookmarksnumbered' set `true' on input line 4409
.
Package hyperref Info: Option `hyperindex' set `true' on input line 4409.
Package hyperref Info: Option `plainpages' set `false' on input line 4409.
Package hyperref Info: Option `pdfpagelabels' set `true' on input line 4409.
Package hyperref Info: Hyper figures OFF on input line 4535.
Package hyperref Info: Link nesting OFF on input line 4540.
Package hyperref Info: Hyper index ON on input line 4543.
Package hyperref Info: Plain pages OFF on input line 4550.
Package hyperref Info: Backreferencing OFF on input line 4555.
Package hyperref Info: Implicit mode ON; LaTeX internals redefined.
Package hyperref Info: Bookmarks ON on input line 4788.
\c@Hy@tempcnt=\count106

("C:\Users\he_ying\AppData\Local\Programs\MiKTeX 2.9\tex\latex\url\url.sty"
\Urlmuskip=\muskip11
Package: url 2013/09/16  ver 3.4  Verb mode for urls, etc.
)
LaTeX Info: Redefining \url on input line 5141.
\XeTeXLinkMargin=\dimen113
\Fld@menulength=\count107
\Field@Width=\dimen114
\Fld@charsize=\dimen115
Package hyperref Info: Hyper figures OFF on input line 6396.
Package hyperref Info: Link nesting OFF on input line 6401.
Package hyperref Info: Hyper index ON on input line 6404.
Package hyperref Info: backreferencing OFF on input line 6411.
Package hyperref Info: Link coloring ON on input line 6414.
Package hyperref Info: Link coloring with OCG OFF on input line 6421.
Package hyperref Info: PDF/A mode OFF on input line 6426.
LaTeX Info: Redefining \ref on input line 6466.
LaTeX Info: Redefining \pageref on input line 6470.
\Hy@abspage=\count108
\c@Item=\count109
\c@Hfootnote=\count110
)
Package hyperref Info: Driver (autodetected): hpdftex.

("C:\Users\he_ying\AppData\Local\Programs\MiKTeX 2.9\tex\latex\hyperref\hpdftex
.def"
File: hpdftex.def 2018/09/30 v6.88a Hyperref driver for pdfTeX
\Fld@listcount=\count111
\c@bookmark@seq@number=\count112

("C:\Users\he_ying\AppData\Local\Programs\MiKTeX 2.9\tex\latex\oberdiek\rerunfi
lecheck.sty"
Package: rerunfilecheck 2016/05/16 v1.8 Rerun checks for auxiliary files (HO)
Package uniquecounter Info: New unique counter `rerunfilecheck' on input line 2
82.
)
\Hy@SectionHShift=\skip49
)
("C:\Users\he_ying\AppData\Local\Programs\MiKTeX 2.9\tex\latex\todonotes\todono
tes.sty"
Package: todonotes 2015/07/09 .dtx Todonotes source and documentation.
Package: todonotes 2012/07/25

("C:\Users\he_ying\AppData\Local\Programs\MiKTeX 2.9\tex\latex\base\ifthen.sty"
Package: ifthen 2014/09/29 v1.1c Standard LaTeX ifthen package (DPC)
)
("C:\Users\he_ying\AppData\Local\Programs\MiKTeX 2.9\tex\latex\xkeyval\xkeyval.
sty"
Package: xkeyval 2014/12/03 v2.7a package option processing (HA)

("C:\Users\he_ying\AppData\Local\Programs\MiKTeX 2.9\tex\generic\xkeyval\xkeyva
l.tex"
("C:\Users\he_ying\AppData\Local\Programs\MiKTeX 2.9\tex\generic\xkeyval\xkvuti
ls.tex"
\XKV@toks=\toks26
\XKV@tempa@toks=\toks27
)
\XKV@depth=\count113
File: xkeyval.tex 2014/12/03 v2.7a key=value parser (HA)
))
("C:\Users\he_ying\AppData\Local\Programs\MiKTeX 2.9\tex\latex\pgf\frontendlaye
r\tikz.sty"
("C:\Users\he_ying\AppData\Local\Programs\MiKTeX 2.9\tex\latex\pgf\basiclayer\p
gf.sty"
("C:\Users\he_ying\AppData\Local\Programs\MiKTeX 2.9\tex\latex\pgf\utilities\pg
frcs.sty"
("C:\Users\he_ying\AppData\Local\Programs\MiKTeX 2.9\tex\generic\pgf\utilities\
pgfutil-common.tex"
\pgfutil@everybye=\toks28
\pgfutil@tempdima=\dimen116
\pgfutil@tempdimb=\dimen117

("C:\Users\he_ying\AppData\Local\Programs\MiKTeX 2.9\tex\generic\pgf\utilities\
pgfutil-common-lists.tex"))
("C:\Users\he_ying\AppData\Local\Programs\MiKTeX 2.9\tex\generic\pgf\utilities\
pgfutil-latex.def"
\pgfutil@abb=\box28

("C:\Users\he_ying\AppData\Local\Programs\MiKTeX 2.9\tex\latex\ms\everyshi.sty"
Package: everyshi 2001/05/15 v3.00 EveryShipout Package (MS)
))
("C:\Users\he_ying\AppData\Local\Programs\MiKTeX 2.9\tex\generic\pgf\utilities\
pgfrcs.code.tex"
Package: pgfrcs 2015/08/07 v3.0.1a (rcs-revision 1.31)
))
Package: pgf 2015/08/07 v3.0.1a (rcs-revision 1.15)

("C:\Users\he_ying\AppData\Local\Programs\MiKTeX 2.9\tex\latex\pgf\basiclayer\p
gfcore.sty"
("C:\Users\he_ying\AppData\Local\Programs\MiKTeX 2.9\tex\latex\graphics\graphic
x.sty"
Package: graphicx 2017/06/01 v1.1a Enhanced LaTeX Graphics (DPC,SPQR)

("C:\Users\he_ying\AppData\Local\Programs\MiKTeX 2.9\tex\latex\graphics\graphic
s.sty"
Package: graphics 2017/06/25 v1.2c Standard LaTeX Graphics (DPC,SPQR)

("C:\Users\he_ying\AppData\Local\Programs\MiKTeX 2.9\tex\latex\graphics\trig.st
y"
Package: trig 2016/01/03 v1.10 sin cos tan (DPC)
)
("C:\Users\he_ying\AppData\Local\Programs\MiKTeX 2.9\tex\latex\graphics-cfg\gra
phics.cfg"
File: graphics.cfg 2016/06/04 v1.11 sample graphics configuration
)
Package graphics Info: Driver file: pdftex.def on input line 99.
)
\Gin@req@height=\dimen118
\Gin@req@width=\dimen119
)
("C:\Users\he_ying\AppData\Local\Programs\MiKTeX 2.9\tex\latex\pgf\systemlayer\
pgfsys.sty"
("C:\Users\he_ying\AppData\Local\Programs\MiKTeX 2.9\tex\generic\pgf\systemlaye
r\pgfsys.code.tex"
Package: pgfsys 2014/07/09 v3.0.1a (rcs-revision 1.48)

("C:\Users\he_ying\AppData\Local\Programs\MiKTeX 2.9\tex\generic\pgf\utilities\
pgfkeys.code.tex"
\pgfkeys@pathtoks=\toks29
\pgfkeys@temptoks=\toks30

("C:\Users\he_ying\AppData\Local\Programs\MiKTeX 2.9\tex\generic\pgf\utilities\
pgfkeysfiltered.code.tex"
\pgfkeys@tmptoks=\toks31
))
\pgf@x=\dimen120
\pgf@y=\dimen121
\pgf@xa=\dimen122
\pgf@ya=\dimen123
\pgf@xb=\dimen124
\pgf@yb=\dimen125
\pgf@xc=\dimen126
\pgf@yc=\dimen127
\w@pgf@writea=\write3
\r@pgf@reada=\read1
\c@pgf@counta=\count114
\c@pgf@countb=\count115
\c@pgf@countc=\count116
\c@pgf@countd=\count117
\t@pgf@toka=\toks32
\t@pgf@tokb=\toks33
\t@pgf@tokc=\toks34

("C:\Users\he_ying\AppData\Local\Programs\MiKTeX 2.9\tex\generic\pgf\systemlaye
r\pgf.cfg"
File: pgf.cfg 2008/05/14  (rcs-revision 1.7)
)
Driver file for pgf: pgfsys-pdftex.def

("C:\Users\he_ying\AppData\Local\Programs\MiKTeX 2.9\tex\generic\pgf\systemlaye
r\pgfsys-pdftex.def"
File: pgfsys-pdftex.def 2014/10/11  (rcs-revision 1.35)

("C:\Users\he_ying\AppData\Local\Programs\MiKTeX 2.9\tex\generic\pgf\systemlaye
r\pgfsys-common-pdf.def"
File: pgfsys-common-pdf.def 2013/10/10  (rcs-revision 1.13)
)))
("C:\Users\he_ying\AppData\Local\Programs\MiKTeX 2.9\tex\generic\pgf\systemlaye
r\pgfsyssoftpath.code.tex"
File: pgfsyssoftpath.code.tex 2013/09/09  (rcs-revision 1.9)
\pgfsyssoftpath@smallbuffer@items=\count118
\pgfsyssoftpath@bigbuffer@items=\count119
)
("C:\Users\he_ying\AppData\Local\Programs\MiKTeX 2.9\tex\generic\pgf\systemlaye
r\pgfsysprotocol.code.tex"
File: pgfsysprotocol.code.tex 2006/10/16  (rcs-revision 1.4)
))
("C:\Users\he_ying\AppData\Local\Programs\MiKTeX 2.9\tex\generic\pgf\basiclayer
\pgfcore.code.tex"
Package: pgfcore 2010/04/11 v3.0.1a (rcs-revision 1.7)

("C:\Users\he_ying\AppData\Local\Programs\MiKTeX 2.9\tex\generic\pgf\math\pgfma
th.code.tex"
("C:\Users\he_ying\AppData\Local\Programs\MiKTeX 2.9\tex\generic\pgf\math\pgfma
thcalc.code.tex"
("C:\Users\he_ying\AppData\Local\Programs\MiKTeX 2.9\tex\generic\pgf\math\pgfma
thutil.code.tex")
("C:\Users\he_ying\AppData\Local\Programs\MiKTeX 2.9\tex\generic\pgf\math\pgfma
thparser.code.tex"
\pgfmath@dimen=\dimen128
\pgfmath@count=\count120
\pgfmath@box=\box29
\pgfmath@toks=\toks35
\pgfmath@stack@operand=\toks36
\pgfmath@stack@operation=\toks37
)
("C:\Users\he_ying\AppData\Local\Programs\MiKTeX 2.9\tex\generic\pgf\math\pgfma
thfunctions.code.tex"
("C:\Users\he_ying\AppData\Local\Programs\MiKTeX 2.9\tex\generic\pgf\math\pgfma
thfunctions.basic.code.tex")
("C:\Users\he_ying\AppData\Local\Programs\MiKTeX 2.9\tex\generic\pgf\math\pgfma
thfunctions.trigonometric.code.tex")
("C:\Users\he_ying\AppData\Local\Programs\MiKTeX 2.9\tex\generic\pgf\math\pgfma
thfunctions.random.code.tex")
("C:\Users\he_ying\AppData\Local\Programs\MiKTeX 2.9\tex\generic\pgf\math\pgfma
thfunctions.comparison.code.tex")
("C:\Users\he_ying\AppData\Local\Programs\MiKTeX 2.9\tex\generic\pgf\math\pgfma
thfunctions.base.code.tex")
("C:\Users\he_ying\AppData\Local\Programs\MiKTeX 2.9\tex\generic\pgf\math\pgfma
thfunctions.round.code.tex")
("C:\Users\he_ying\AppData\Local\Programs\MiKTeX 2.9\tex\generic\pgf\math\pgfma
thfunctions.misc.code.tex")
("C:\Users\he_ying\AppData\Local\Programs\MiKTeX 2.9\tex\generic\pgf\math\pgfma
thfunctions.integerarithmetics.code.tex")))
("C:\Users\he_ying\AppData\Local\Programs\MiKTeX 2.9\tex\generic\pgf\math\pgfma
thfloat.code.tex"
\c@pgfmathroundto@lastzeros=\count121
))
("C:\Users\he_ying\AppData\Local\Programs\MiKTeX 2.9\tex\generic\pgf\basiclayer
\pgfcorepoints.code.tex"
File: pgfcorepoints.code.tex 2013/10/07  (rcs-revision 1.27)
\pgf@picminx=\dimen129
\pgf@picmaxx=\dimen130
\pgf@picminy=\dimen131
\pgf@picmaxy=\dimen132
\pgf@pathminx=\dimen133
\pgf@pathmaxx=\dimen134
\pgf@pathminy=\dimen135
\pgf@pathmaxy=\dimen136
\pgf@xx=\dimen137
\pgf@xy=\dimen138
\pgf@yx=\dimen139
\pgf@yy=\dimen140
\pgf@zx=\dimen141
\pgf@zy=\dimen142
)
("C:\Users\he_ying\AppData\Local\Programs\MiKTeX 2.9\tex\generic\pgf\basiclayer
\pgfcorepathconstruct.code.tex"
File: pgfcorepathconstruct.code.tex 2013/10/07  (rcs-revision 1.29)
\pgf@path@lastx=\dimen143
\pgf@path@lasty=\dimen144
)
("C:\Users\he_ying\AppData\Local\Programs\MiKTeX 2.9\tex\generic\pgf\basiclayer
\pgfcorepathusage.code.tex"
File: pgfcorepathusage.code.tex 2014/11/02  (rcs-revision 1.24)
\pgf@shorten@end@additional=\dimen145
\pgf@shorten@start@additional=\dimen146
)
("C:\Users\he_ying\AppData\Local\Programs\MiKTeX 2.9\tex\generic\pgf\basiclayer
\pgfcorescopes.code.tex"
File: pgfcorescopes.code.tex 2015/05/08  (rcs-revision 1.46)
\pgfpic=\box30
\pgf@hbox=\box31
\pgf@layerbox@main=\box32
\pgf@picture@serial@count=\count122
)
("C:\Users\he_ying\AppData\Local\Programs\MiKTeX 2.9\tex\generic\pgf\basiclayer
\pgfcoregraphicstate.code.tex"
File: pgfcoregraphicstate.code.tex 2014/11/02  (rcs-revision 1.12)
\pgflinewidth=\dimen147
)
("C:\Users\he_ying\AppData\Local\Programs\MiKTeX 2.9\tex\generic\pgf\basiclayer
\pgfcoretransformations.code.tex"
File: pgfcoretransformations.code.tex 2015/08/07  (rcs-revision 1.20)
\pgf@pt@x=\dimen148
\pgf@pt@y=\dimen149
\pgf@pt@temp=\dimen150
)
("C:\Users\he_ying\AppData\Local\Programs\MiKTeX 2.9\tex\generic\pgf\basiclayer
\pgfcorequick.code.tex"
File: pgfcorequick.code.tex 2008/10/09  (rcs-revision 1.3)
)
("C:\Users\he_ying\AppData\Local\Programs\MiKTeX 2.9\tex\generic\pgf\basiclayer
\pgfcoreobjects.code.tex"
File: pgfcoreobjects.code.tex 2006/10/11  (rcs-revision 1.2)
)
("C:\Users\he_ying\AppData\Local\Programs\MiKTeX 2.9\tex\generic\pgf\basiclayer
\pgfcorepathprocessing.code.tex"
File: pgfcorepathprocessing.code.tex 2013/09/09  (rcs-revision 1.9)
)
("C:\Users\he_ying\AppData\Local\Programs\MiKTeX 2.9\tex\generic\pgf\basiclayer
\pgfcorearrows.code.tex"
File: pgfcorearrows.code.tex 2015/05/14  (rcs-revision 1.43)
\pgfarrowsep=\dimen151
)
("C:\Users\he_ying\AppData\Local\Programs\MiKTeX 2.9\tex\generic\pgf\basiclayer
\pgfcoreshade.code.tex"
File: pgfcoreshade.code.tex 2013/07/15  (rcs-revision 1.15)
\pgf@max=\dimen152
\pgf@sys@shading@range@num=\count123
)
("C:\Users\he_ying\AppData\Local\Programs\MiKTeX 2.9\tex\generic\pgf\basiclayer
\pgfcoreimage.code.tex"
File: pgfcoreimage.code.tex 2013/07/15  (rcs-revision 1.18)

("C:\Users\he_ying\AppData\Local\Programs\MiKTeX 2.9\tex\generic\pgf\basiclayer
\pgfcoreexternal.code.tex"
File: pgfcoreexternal.code.tex 2014/07/09  (rcs-revision 1.21)
\pgfexternal@startupbox=\box33
))
("C:\Users\he_ying\AppData\Local\Programs\MiKTeX 2.9\tex\generic\pgf\basiclayer
\pgfcorelayers.code.tex"
File: pgfcorelayers.code.tex 2013/07/18  (rcs-revision 1.7)
)
("C:\Users\he_ying\AppData\Local\Programs\MiKTeX 2.9\tex\generic\pgf\basiclayer
\pgfcoretransparency.code.tex"
File: pgfcoretransparency.code.tex 2013/09/30  (rcs-revision 1.5)
)
("C:\Users\he_ying\AppData\Local\Programs\MiKTeX 2.9\tex\generic\pgf\basiclayer
\pgfcorepatterns.code.tex"
File: pgfcorepatterns.code.tex 2013/11/07  (rcs-revision 1.5)
)))
("C:\Users\he_ying\AppData\Local\Programs\MiKTeX 2.9\tex\generic\pgf\modules\pg
fmoduleshapes.code.tex"
File: pgfmoduleshapes.code.tex 2014/03/21  (rcs-revision 1.35)
\pgfnodeparttextbox=\box34
)
("C:\Users\he_ying\AppData\Local\Programs\MiKTeX 2.9\tex\generic\pgf\modules\pg
fmoduleplot.code.tex"
File: pgfmoduleplot.code.tex 2015/08/03  (rcs-revision 1.13)
)
("C:\Users\he_ying\AppData\Local\Programs\MiKTeX 2.9\tex\latex\pgf\compatibilit
y\pgfcomp-version-0-65.sty"
Package: pgfcomp-version-0-65 2007/07/03 v3.0.1a (rcs-revision 1.7)
\pgf@nodesepstart=\dimen153
\pgf@nodesepend=\dimen154
)
("C:\Users\he_ying\AppData\Local\Programs\MiKTeX 2.9\tex\latex\pgf\compatibilit
y\pgfcomp-version-1-18.sty"
Package: pgfcomp-version-1-18 2007/07/23 v3.0.1a (rcs-revision 1.1)
))
("C:\Users\he_ying\AppData\Local\Programs\MiKTeX 2.9\tex\latex\pgf\utilities\pg
ffor.sty"
("C:\Users\he_ying\AppData\Local\Programs\MiKTeX 2.9\tex\latex\pgf\utilities\pg
fkeys.sty"
("C:\Users\he_ying\AppData\Local\Programs\MiKTeX 2.9\tex\generic\pgf\utilities\
pgfkeys.code.tex"))
("C:\Users\he_ying\AppData\Local\Programs\MiKTeX 2.9\tex\latex\pgf\math\pgfmath
.sty"
("C:\Users\he_ying\AppData\Local\Programs\MiKTeX 2.9\tex\generic\pgf\math\pgfma
th.code.tex"))
("C:\Users\he_ying\AppData\Local\Programs\MiKTeX 2.9\tex\generic\pgf\utilities\
pgffor.code.tex"
Package: pgffor 2013/12/13 v3.0.1a (rcs-revision 1.25)

("C:\Users\he_ying\AppData\Local\Programs\MiKTeX 2.9\tex\generic\pgf\math\pgfma
th.code.tex")
\pgffor@iter=\dimen155
\pgffor@skip=\dimen156
\pgffor@stack=\toks38
\pgffor@toks=\toks39
))
("C:\Users\he_ying\AppData\Local\Programs\MiKTeX 2.9\tex\generic\pgf\frontendla
yer\tikz\tikz.code.tex"
Package: tikz 2015/08/07 v3.0.1a (rcs-revision 1.151)

("C:\Users\he_ying\AppData\Local\Programs\MiKTeX 2.9\tex\generic\pgf\libraries\
pgflibraryplothandlers.code.tex"
File: pgflibraryplothandlers.code.tex 2013/08/31 v3.0.1a (rcs-revision 1.20)
\pgf@plot@mark@count=\count124
\pgfplotmarksize=\dimen157
)
\tikz@lastx=\dimen158
\tikz@lasty=\dimen159
\tikz@lastxsaved=\dimen160
\tikz@lastysaved=\dimen161
\tikzleveldistance=\dimen162
\tikzsiblingdistance=\dimen163
\tikz@figbox=\box35
\tikz@figbox@bg=\box36
\tikz@tempbox=\box37
\tikz@tempbox@bg=\box38
\tikztreelevel=\count125
\tikznumberofchildren=\count126
\tikznumberofcurrentchild=\count127
\tikz@fig@count=\count128

("C:\Users\he_ying\AppData\Local\Programs\MiKTeX 2.9\tex\generic\pgf\modules\pg
fmodulematrix.code.tex"
File: pgfmodulematrix.code.tex 2013/09/17  (rcs-revision 1.8)
\pgfmatrixcurrentrow=\count129
\pgfmatrixcurrentcolumn=\count130
\pgf@matrix@numberofcolumns=\count131
)
\tikz@expandcount=\count132

("C:\Users\he_ying\AppData\Local\Programs\MiKTeX 2.9\tex\generic\pgf\frontendla
yer\tikz\libraries\tikzlibrarytopaths.code.tex"
File: tikzlibrarytopaths.code.tex 2008/06/17 v3.0.1a (rcs-revision 1.2)
)))
("C:\Users\he_ying\AppData\Local\Programs\MiKTeX 2.9\tex\generic\pgf\frontendla
yer\tikz\libraries\tikzlibrarypositioning.code.tex"
File: tikzlibrarypositioning.code.tex 2008/10/06 v3.0.1a (rcs-revision 1.7)
)
("C:\Users\he_ying\AppData\Local\Programs\MiKTeX 2.9\tex\latex\tools\calc.sty"
Package: calc 2017/05/25 v4.3 Infix arithmetic (KKT,FJ)
\calc@Acount=\count133
\calc@Bcount=\count134
\calc@Adimen=\dimen164
\calc@Bdimen=\dimen165
\calc@Askip=\skip50
\calc@Bskip=\skip51
LaTeX Info: Redefining \setlength on input line 80.
LaTeX Info: Redefining \addtolength on input line 81.
\calc@Ccount=\count135
\calc@Cskip=\skip52
)
\c@@todonotes@numberoftodonotes=\count136
)
("C:\Users\he_ying\AppData\Local\Programs\MiKTeX 2.9\tex\latex\base\inputenc.st
y"
Package: inputenc 2018/04/06 v1.3b Input encoding file
\inpenc@prehook=\toks40
\inpenc@posthook=\toks41
)
("C:\Users\he_ying\AppData\Local\Programs\MiKTeX 2.9\tex\latex\base\fontenc.sty
"
Package: fontenc 2017/04/05 v2.0i Standard LaTeX package
 ("C:\Users\he_ying\AppData\Local\Programs\MiKTeX 2.9\tex\latex\base\t1enc.def"
File: t1enc.def 2017/04/05 v2.0i Standard LaTeX file
LaTeX Font Info:    Redeclaring font encoding T1 on input line 48.
))
("C:\Users\he_ying\AppData\Local\Programs\MiKTeX 2.9\tex\latex\float\float.sty"
Package: float 2001/11/08 v1.3d Float enhancements (AL)
\c@float@type=\count137
\float@exts=\toks42
\float@box=\box39
\@float@everytoks=\toks43
\@floatcapt=\box40
)
("C:\Users\he_ying\AppData\Local\Programs\MiKTeX 2.9\tex\latex\multirow\multiro
w.sty"
Package: multirow 2018/08/03 v2.3 Span multiple rows of a table
\multirow@colwidth=\skip53
\multirow@cntb=\count138
\multirow@dima=\skip54
\bigstrutjot=\dimen166
)
("C:\Users\he_ying\AppData\Local\Programs\MiKTeX 2.9\tex\latex\booktabs\booktab
s.sty"
Package: booktabs 2005/04/14 v1.61803 publication quality tables
\heavyrulewidth=\dimen167
\lightrulewidth=\dimen168
\cmidrulewidth=\dimen169
\belowrulesep=\dimen170
\belowbottomsep=\dimen171
\aboverulesep=\dimen172
\abovetopsep=\dimen173
\cmidrulesep=\dimen174
\cmidrulekern=\dimen175
\defaultaddspace=\dimen176
\@cmidla=\count139
\@cmidlb=\count140
\@aboverulesep=\dimen177
\@belowrulesep=\dimen178
\@thisruleclass=\count141
\@lastruleclass=\count142
\@thisrulewidth=\dimen179
)
("C:\Users\he_ying\AppData\Local\Programs\MiKTeX 2.9\tex\latex\makecell\makecel
l.sty"
Package: makecell 2009/08/03 V0.1e Managing of Tab Column Heads and Cells

("C:\Users\he_ying\AppData\Local\Programs\MiKTeX 2.9\tex\latex\tools\array.sty"
Package: array 2018/04/30 v2.4h Tabular extension package (FMi)
\col@sep=\dimen180
\ar@mcellbox=\box41
\extrarowheight=\dimen181
\NC@list=\toks44
\extratabsurround=\skip55
\backup@length=\skip56
\ar@cellbox=\box42
)
\rotheadsize=\dimen182
\c@nlinenum=\count143
\TeXr@lab=\toks45
) ("C:\Users\he_ying\AppData\Local\Programs\MiKTeX 2.9\tex\latex\tabu\tabu.sty"
Package: tabu 2011/02/26 v2.8 - flexible LaTeX tabulars (FC)

("C:\Users\he_ying\AppData\Local\Programs\MiKTeX 2.9\tex\latex\varwidth\varwidt
h.sty"
Package: varwidth 2009/03/30 ver 0.92;  Variable-width minipages
\@vwid@box=\box43
\sift@deathcycles=\count144
\@vwid@loff=\dimen183
\@vwid@roff=\dimen184
)
\c@taburow=\count145
\tabu@nbcols=\count146
\tabu@cnt=\count147
\tabu@Xcol=\count148
\tabu@alloc=\count149
\tabu@nested=\count150
\tabu@target=\dimen185
\tabu@spreadtarget=\dimen186
\tabu@naturalX=\dimen187
\tabucolX=\dimen188
\tabu@Xsum=\dimen189
\extrarowdepth=\dimen190
\abovetabulinesep=\dimen191
\belowtabulinesep=\dimen192
\tabustrutrule=\dimen193
\tabu@thebody=\toks46
\tabu@footnotes=\toks47
\tabu@box=\box44
\tabu@arstrutbox=\box45
\tabu@hleads=\box46
\tabu@vleads=\box47
\tabu@cellskip=\skip57
)
("C:\Users\he_ying\AppData\Local\Programs\MiKTeX 2.9\tex\latex\lm\lmodern.sty"
Package: lmodern 2009/10/30 v1.6 Latin Modern Fonts
LaTeX Font Info:    Overwriting symbol font `operators' in version `normal'
(Font)                  OT1/cmr/m/n --> OT1/lmr/m/n on input line 22.
LaTeX Font Info:    Overwriting symbol font `letters' in version `normal'
(Font)                  OML/cmm/m/it --> OML/lmm/m/it on input line 23.
LaTeX Font Info:    Overwriting symbol font `symbols' in version `normal'
(Font)                  OMS/cmsy/m/n --> OMS/lmsy/m/n on input line 24.
LaTeX Font Info:    Overwriting symbol font `largesymbols' in version `normal'
(Font)                  OMX/cmex/m/n --> OMX/lmex/m/n on input line 25.
LaTeX Font Info:    Overwriting symbol font `operators' in version `bold'
(Font)                  OT1/cmr/bx/n --> OT1/lmr/bx/n on input line 26.
LaTeX Font Info:    Overwriting symbol font `letters' in version `bold'
(Font)                  OML/cmm/b/it --> OML/lmm/b/it on input line 27.
LaTeX Font Info:    Overwriting symbol font `symbols' in version `bold'
(Font)                  OMS/cmsy/b/n --> OMS/lmsy/b/n on input line 28.
LaTeX Font Info:    Overwriting symbol font `largesymbols' in version `bold'
(Font)                  OMX/cmex/m/n --> OMX/lmex/m/n on input line 29.
LaTeX Font Info:    Overwriting math alphabet `\mathbf' in version `normal'
(Font)                  OT1/cmr/bx/n --> OT1/lmr/bx/n on input line 31.
LaTeX Font Info:    Overwriting math alphabet `\mathsf' in version `normal'
(Font)                  OT1/cmss/m/n --> OT1/lmss/m/n on input line 32.
LaTeX Font Info:    Overwriting math alphabet `\mathit' in version `normal'
(Font)                  OT1/cmr/m/it --> OT1/lmr/m/it on input line 33.
LaTeX Font Info:    Overwriting math alphabet `\mathtt' in version `normal'
(Font)                  OT1/cmtt/m/n --> OT1/lmtt/m/n on input line 34.
LaTeX Font Info:    Overwriting math alphabet `\mathbf' in version `bold'
(Font)                  OT1/cmr/bx/n --> OT1/lmr/bx/n on input line 35.
LaTeX Font Info:    Overwriting math alphabet `\mathsf' in version `bold'
(Font)                  OT1/cmss/bx/n --> OT1/lmss/bx/n on input line 36.
LaTeX Font Info:    Overwriting math alphabet `\mathit' in version `bold'
(Font)                  OT1/cmr/bx/it --> OT1/lmr/bx/it on input line 37.
LaTeX Font Info:    Overwriting math alphabet `\mathtt' in version `bold'
(Font)                  OT1/cmtt/m/n --> OT1/lmtt/m/n on input line 38.
)
("C:\Users\he_ying\AppData\Local\Programs\MiKTeX 2.9\tex\latex\geometry\geometr
y.sty"
Package: geometry 2018/04/16 v5.8 Page Geometry
\Gm@cnth=\count151
\Gm@cntv=\count152
\c@Gm@tempcnt=\count153
\Gm@bindingoffset=\dimen194
\Gm@wd@mp=\dimen195
\Gm@odd@mp=\dimen196
\Gm@even@mp=\dimen197
\Gm@layoutwidth=\dimen198
\Gm@layoutheight=\dimen199
\Gm@layouthoffset=\dimen256
\Gm@layoutvoffset=\dimen257
\Gm@dimlist=\toks48

("C:\Users\he_ying\AppData\Local\Programs\MiKTeX 2.9\tex\latex\geometry\geometr
y.cfg")) (Thesis.aux)
\openout1 = `Thesis.aux'.

LaTeX Font Info:    Checking defaults for OML/cmm/m/it on input line 39.
LaTeX Font Info:    ... okay on input line 39.
LaTeX Font Info:    Checking defaults for T1/cmr/m/n on input line 39.
LaTeX Font Info:    ... okay on input line 39.
LaTeX Font Info:    Checking defaults for OT1/cmr/m/n on input line 39.
LaTeX Font Info:    ... okay on input line 39.
LaTeX Font Info:    Checking defaults for OMS/cmsy/m/n on input line 39.
LaTeX Font Info:    ... okay on input line 39.
LaTeX Font Info:    Checking defaults for OMX/cmex/m/n on input line 39.
LaTeX Font Info:    ... okay on input line 39.
LaTeX Font Info:    Checking defaults for U/cmr/m/n on input line 39.
LaTeX Font Info:    ... okay on input line 39.
LaTeX Font Info:    Checking defaults for PD1/pdf/m/n on input line 39.
LaTeX Font Info:    ... okay on input line 39.
LaTeX Font Info:    Try loading font information for T1+lmr on input line 39.

("C:\Users\he_ying\AppData\Local\Programs\MiKTeX 2.9\tex\latex\lm\t1lmr.fd"
File: t1lmr.fd 2009/10/30 v1.6 Font defs for Latin Modern
)
("C:\Users\he_ying\AppData\Local\Programs\MiKTeX 2.9\tex\context\base\supp-pdf.
mkii"
[Loading MPS to PDF converter (version 2006.09.02).]
\scratchcounter=\count154
\scratchdimen=\dimen258
\scratchbox=\box48
\nofMPsegments=\count155
\nofMParguments=\count156
\everyMPshowfont=\toks49
\MPscratchCnt=\count157
\MPscratchDim=\dimen259
\MPnumerator=\count158
\makeMPintoPDFobject=\count159
\everyMPtoPDFconversion=\toks50
)
("C:\Users\he_ying\AppData\Local\Programs\MiKTeX 2.9\tex\latex\oberdiek\epstopd
f-base.sty"
Package: epstopdf-base 2016/05/15 v2.6 Base part for package epstopdf

("C:\Users\he_ying\AppData\Local\Programs\MiKTeX 2.9\tex\latex\oberdiek\grfext.
sty"
Package: grfext 2016/05/16 v1.2 Manage graphics extensions (HO)
)
Package epstopdf-base Info: Redefining graphics rule for `.eps' on input line 4
38.
Package grfext Info: Graphics extension search list:
(grfext)             [.pdf,.png,.jpg,.mps,.jpeg,.jbig2,.jb2,.PDF,.PNG,.JPG,.JPE
G,.JBIG2,.JB2,.eps]
(grfext)             \AppendGraphicsExtensions on input line 456.
)
\AtBeginShipoutBox=\box49
Package hyperref Info: Link coloring ON on input line 39.

("C:\Users\he_ying\AppData\Local\Programs\MiKTeX 2.9\tex\latex\hyperref\nameref
.sty"
Package: nameref 2016/05/21 v2.44 Cross-referencing by name of section

("C:\Users\he_ying\AppData\Local\Programs\MiKTeX 2.9\tex\generic\oberdiek\getti
tlestring.sty"
Package: gettitlestring 2016/05/16 v1.5 Cleanup title references (HO)
)
\c@section@level=\count160
)
LaTeX Info: Redefining \ref on input line 39.
LaTeX Info: Redefining \pageref on input line 39.
LaTeX Info: Redefining \nameref on input line 39.
 (Thesis.out) (Thesis.out)
\@outlinefile=\write4
\openout4 = `Thesis.out'.


ABD: EveryShipout initializing macros
*geometry* driver: auto-detecting
*geometry* detected driver: pdftex
*geometry* verbose mode - [ preamble ] result:
* driver: pdftex
* paper: a4paper
* layout: <same size as paper>
* layoutoffset:(h,v)=(0.0pt,0.0pt)
* modes: 
* h-part:(L,W,R)=(62.59596pt, 478.00641pt, 56.9055pt)
* v-part:(T,H,B)=(56.9055pt, 731.23584pt, 56.9055pt)
* \paperwidth=597.50787pt
* \paperheight=845.04684pt
* \textwidth=478.00641pt
* \textheight=731.23584pt
* \oddsidemargin=-9.67403pt
* \evensidemargin=-9.67403pt
* \topmargin=-47.23828pt
* \headheight=12.0pt
* \headsep=19.8738pt
* \topskip=11.0pt
* \footskip=27.46295pt
* \marginparwidth=71.13188pt
* \marginparsep=7.0pt
* \columnsep=10.0pt
* \skip\footins=10.0pt plus 4.0pt minus 2.0pt
* \hoffset=0.0pt
* \voffset=0.0pt
* \mag=1000
* \@twocolumnfalse
* \@twosidefalse
* \@mparswitchfalse
* \@reversemarginfalse
* (1in=72.27pt=25.4mm, 1cm=28.453pt)

Package epstopdf Info: Source file: <figures/eth_logo_black.eps>
(epstopdf)                    date: 2018-10-20 08:34:06
(epstopdf)                    size: 258515 bytes
(epstopdf)             Output file: <figures/eth_logo_black-eps-converted-to.pd
f>
(epstopdf)                    date: 2018-10-20 08:34:06
(epstopdf)                    size: 14140 bytes
(epstopdf)             Command: <epstopdf --outfile=figures/eth_logo_black-eps-
converted-to.pdf figures/eth_logo_black.eps>
(epstopdf)             \includegraphics on input line 43.
Package epstopdf Info: Output file is already uptodate.
<figures/eth_logo_black-eps-converted-to.pdf, id=190, 191.71625pt x 57.21375pt>

File: figures/eth_logo_black-eps-converted-to.pdf Graphic file (type pdf)
<use figures/eth_logo_black-eps-converted-to.pdf>
Package pdftex.def Info: figures/eth_logo_black-eps-converted-to.pdf  used on i
nput line 43.
(pdftex.def)             Requested size: 177.66374pt x 47.17624pt.
Package epstopdf Info: Source file: <figures/disco-logo-col.eps>
(epstopdf)                    date: 2018-10-20 08:34:06
(epstopdf)                    size: 238524 bytes
(epstopdf)             Output file: <figures/disco-logo-col-eps-converted-to.pd
f>
(epstopdf)                    date: 2018-10-20 08:34:06
(epstopdf)                    size: 26991 bytes
(epstopdf)             Command: <epstopdf --outfile=figures/disco-logo-col-eps-
converted-to.pdf figures/disco-logo-col.eps>
(epstopdf)             \includegraphics on input line 43.
Package epstopdf Info: Output file is already uptodate.


pdfTeX warning: pdflatex (file ./figures/disco-logo-col-eps-converted-to.pdf): 
PDF inclusion: found PDF version <1.6>, but at most version <1.5> allowed
<figures/disco-logo-col-eps-converted-to.pdf, id=191, 498.36188pt x 143.03438pt
>
File: figures/disco-logo-col-eps-converted-to.pdf Graphic file (type pdf)
<use figures/disco-logo-col-eps-converted-to.pdf>
Package pdftex.def Info: figures/disco-logo-col-eps-converted-to.pdf  used on i
nput line 43.
(pdftex.def)             Requested size: 149.5097pt x 42.91063pt.
LaTeX Font Info:    Try loading font information for T1+lmtt on input line 43.
("C:\Users\he_ying\AppData\Local\Programs\MiKTeX 2.9\tex\latex\lm\t1lmtt.fd"
File: t1lmtt.fd 2009/10/30 v1.6 Font defs for Latin Modern
)
[1



{C:/Users/he_ying/AppData/Local/MiKTeX/2.9/pdftex/config/pdftex.map} <./figures
/eth_logo_black-eps-converted-to.pdf> <./figures/disco-logo-col-eps-converted-t
o.pdf>]pdfTeX warning (ext4): destination with the same identifier (name{page.i
}) has been already used, duplicate ignored
<to be read again> 
                   \relax 
l.51 \begin{abstract}
                      [1


] [2

] (Thesis.toc
LaTeX Font Info:    Try loading font information for OT1+lmr on input line 5.

("C:\Users\he_ying\AppData\Local\Programs\MiKTeX 2.9\tex\latex\lm\ot1lmr.fd"
File: ot1lmr.fd 2009/10/30 v1.6 Font defs for Latin Modern
)
LaTeX Font Info:    Try loading font information for OML+lmm on input line 5.

("C:\Users\he_ying\AppData\Local\Programs\MiKTeX 2.9\tex\latex\lm\omllmm.fd"
File: omllmm.fd 2009/10/30 v1.6 Font defs for Latin Modern
)
LaTeX Font Info:    Try loading font information for OMS+lmsy on input line 5.

("C:\Users\he_ying\AppData\Local\Programs\MiKTeX 2.9\tex\latex\lm\omslmsy.fd"
File: omslmsy.fd 2009/10/30 v1.6 Font defs for Latin Modern
)
LaTeX Font Info:    Try loading font information for OMX+lmex on input line 5.

("C:\Users\he_ying\AppData\Local\Programs\MiKTeX 2.9\tex\latex\lm\omxlmex.fd"
File: omxlmex.fd 2009/10/30 v1.6 Font defs for Latin Modern
)
LaTeX Font Info:    External font `lmex10' loaded for size
(Font)              <10.95> on input line 5.
LaTeX Font Info:    External font `lmex10' loaded for size
(Font)              <8> on input line 5.
LaTeX Font Info:    External font `lmex10' loaded for size
(Font)              <6> on input line 5.
LaTeX Font Info:    Try loading font information for U+msa on input line 5.

("C:\Users\he_ying\AppData\Local\Programs\MiKTeX 2.9\tex\latex\amsfonts\umsa.fd
"
File: umsa.fd 2013/01/14 v3.01 AMS symbols A
)
LaTeX Font Info:    Try loading font information for U+msb on input line 5.

("C:\Users\he_ying\AppData\Local\Programs\MiKTeX 2.9\tex\latex\amsfonts\umsb.fd
"
File: umsb.fd 2013/01/14 v3.01 AMS symbols B
) [3

])
\tf@toc=\write5
\openout5 = `Thesis.toc'.

 [4]
Chapter 1.

Underfull \hbox (badness 10000) in paragraph at lines 61--62

 []


Underfull \hbox (badness 10000) in paragraph at lines 64--65

 []


Underfull \hbox (badness 10000) in paragraph at lines 67--68

 []

<./figures/SIA380Issue.jpg, id=276, 376.40625pt x 392.21532pt>
File: ./figures/SIA380Issue.jpg Graphic file (type jpg)
<use ./figures/SIA380Issue.jpg>
Package pdftex.def Info: ./figures/SIA380Issue.jpg  used on input line 71.
(pdftex.def)             Requested size: 244.66115pt x 254.93694pt.
[1


pdfTeX warning (ext4): destination with the same identifier (name{figure.1.1}) 
has been already used, duplicate ignored

\AtBegShi@Output ...ipout \box \AtBeginShipoutBox 
                                                  \fi \fi 
l.78 \chapter
             {Literature Review} <./figures/SIA380Issue.jpg>]
Chapter 2.

Underfull \hbox (badness 10000) in paragraph at lines 79--80

 []


Underfull \hbox (badness 10000) in paragraph at lines 81--82

 []


Underfull \hbox (badness 10000) in paragraph at lines 83--85

 []


Underfull \hbox (badness 10000) in paragraph at lines 86--88

 []


Underfull \hbox (badness 10000) in paragraph at lines 89--91

 []

[2

]
Underfull \hbox (badness 10000) in paragraph at lines 92--94

 []


Underfull \hbox (badness 10000) in paragraph at lines 99--100

 []


Underfull \hbox (badness 10000) in paragraph at lines 101--102

 []


Underfull \hbox (badness 10000) in paragraph at lines 107--108

 []

[3]
Underfull \hbox (badness 10000) in paragraph at lines 109--110

 []


Underfull \hbox (badness 10000) in paragraph at lines 111--113

 []


Underfull \hbox (badness 10000) in paragraph at lines 114--115

 []

<./figures/Energy-relatedData.jpg, id=346, 800.9925pt x 637.63219pt>
File: ./figures/Energy-relatedData.jpg Graphic file (type jpg)
<use ./figures/Energy-relatedData.jpg>
Package pdftex.def Info: ./figures/Energy-relatedData.jpg  used on input line 1
19.
(pdftex.def)             Requested size: 400.49527pt x 318.8153pt.

LaTeX Warning: `!h' float specifier changed to `!ht'.


Underfull \hbox (badness 10000) in paragraph at lines 124--125

 []


Underfull \hbox (badness 10000) in paragraph at lines 126--127

 []


Underfull \hbox (badness 10000) in paragraph at lines 128--130

 []


Underfull \hbox (badness 10000) in paragraph at lines 131--132

 []

[4]
Underfull \hbox (badness 10000) in paragraph at lines 134--136

 []


Underfull \hbox (badness 10000) in paragraph at lines 140--141

 []

[5pdfTeX warning (ext4): destination with the same identifier (name{figure.2.1}
) has been already used, duplicate ignored

\AtBegShi@Output ...ipout \box \AtBeginShipoutBox 
                                                  \fi \fi 
l.141 
       <./figures/Energy-relatedData.jpg>]
Underfull \hbox (badness 10000) in paragraph at lines 142--143

 []


Underfull \hbox (badness 10000) in paragraph at lines 144--145

 []

[6]
Chapter 3.

Underfull \hbox (badness 10000) in paragraph at lines 154--155

 []

<./figures/overview.JPG, id=396, 791.95876pt x 314.67563pt>
File: ./figures/overview.JPG Graphic file (type jpg)
<use ./figures/overview.JPG>
Package pdftex.def Info: ./figures/overview.JPG  used on input line 158.
(pdftex.def)             Requested size: 395.97841pt x 157.33742pt.
<./figures/Sumatra_photo.jpg, id=397, 828.84656pt x 615.80063pt>
File: ./figures/Sumatra_photo.jpg Graphic file (type jpg)
<use ./figures/Sumatra_photo.jpg>
Package pdftex.def Info: ./figures/Sumatra_photo.jpg  used on input line 167.
(pdftex.def)             Requested size: 372.9775pt x 277.10771pt.

Underfull \hbox (badness 10000) in paragraph at lines 173--174

 []

[7

pdfTeX warning (ext4): destination with the same identifier (name{figure.3.1}) 
has been already used, duplicate ignored

\AtBegShi@Output ...ipout \box \AtBeginShipoutBox 
                                                  \fi \fi 
l.177 		
         <./figures/overview.JPG>]
<./figures/Sumatra_OG2_Plan.pdf, id=407, 3709.86pt x 1915.155pt>
File: ./figures/Sumatra_OG2_Plan.pdf Graphic file (type pdf)
<use ./figures/Sumatra_OG2_Plan.pdf>
Package pdftex.def Info: ./figures/Sumatra_OG2_Plan.pdf  used on input line 180
.
(pdftex.def)             Requested size: 445.164pt x 229.80869pt.


pdfTeX warning: pdflatex (file ./figures/Sumatra_OG3_Plan.pdf): PDF inclusion: 
found PDF version <1.6>, but at most version <1.5> allowed
<./figures/Sumatra_OG3_Plan.pdf, id=408, 3848.5069pt x 1997.19244pt>
File: ./figures/Sumatra_OG3_Plan.pdf Graphic file (type pdf)
<use ./figures/Sumatra_OG3_Plan.pdf>
Package pdftex.def Info: ./figures/Sumatra_OG3_Plan.pdf  used on input line 187
.
(pdftex.def)             Requested size: 461.8009pt x 239.65276pt.

Underfull \hbox (badness 10000) in paragraph at lines 194--195

 []

[8pdfTeX warning (ext4): destination with the same identifier (name{figure.3.2}
) has been already used, duplicate ignored

\AtBegShi@Output ...ipout \box \AtBeginShipoutBox 
                                                  \fi \fi 
l.195 		
        pdfTeX warning (ext4): destination with the same identifier (name{figur
e.3.3}) has been already used, duplicate ignored

\AtBegShi@Output ...ipout \box \AtBeginShipoutBox 
                                                  \fi \fi 
l.195 		
         <./figures/Sumatra_photo.jpg> <./figures/Sumatra_OG2_Plan.pdf, page is
 rotated 90 degrees>]

pdfTeX warning: pdflatex (file ./figures/Hongg_photo1.pdf): PDF inclusion: foun
d PDF version <1.6>, but at most version <1.5> allowed
<./figures/Hongg_photo1.pdf, id=427, 277.035pt x 502.87875pt>
File: ./figures/Hongg_photo1.pdf Graphic file (type pdf)
<use ./figures/Hongg_photo1.pdf>
Package pdftex.def Info: ./figures/Hongg_photo1.pdf  used on input line 201.
(pdftex.def)             Requested size: 142.26378pt x 258.23729pt.


pdfTeX warning: pdflatex (file ./figures/Hongg_photo0.pdf): PDF inclusion: foun
d PDF version <1.6>, but at most version <1.5> allowed
<./figures/Hongg_photo0.pdf, id=428, 380.42125pt x 563.10374pt>
File: ./figures/Hongg_photo0.pdf Graphic file (type pdf)
<use ./figures/Hongg_photo0.pdf>
Package pdftex.def Info: ./figures/Hongg_photo0.pdf  used on input line 207.
(pdftex.def)             Requested size: 170.71652pt x 252.69836pt.


pdfTeX warning: pdflatex (file ./figures/Hongg_EG_Plan.pdf): PDF inclusion: fou
nd PDF version <1.6>, but at most version <1.5> allowed
<./figures/Hongg_EG_Plan.pdf, id=429, 287.32947pt x 394.20174pt>
File: ./figures/Hongg_EG_Plan.pdf Graphic file (type pdf)
<use ./figures/Hongg_EG_Plan.pdf>
Package pdftex.def Info: ./figures/Hongg_EG_Plan.pdf  used on input line 215.
(pdftex.def)             Requested size: 344.79364pt x 473.0397pt.


pdfTeX warning: pdflatex (file ./figures/Hongg_1OG_Plan.pdf): PDF inclusion: fo
und PDF version <1.6>, but at most version <1.5> allowed
<./figures/Hongg_1OG_Plan.pdf, id=430, 289.95528pt x 399.01672pt>
File: ./figures/Hongg_1OG_Plan.pdf Graphic file (type pdf)
<use ./figures/Hongg_1OG_Plan.pdf>
Package pdftex.def Info: ./figures/Hongg_1OG_Plan.pdf  used on input line 222.
(pdftex.def)             Requested size: 347.94458pt x 478.81766pt.
[9pdfTeX warning (ext4): destination with the same identifier (name{figure.3.4}
) has been already used, duplicate ignored

\AtBegShi@Output ...ipout \box \AtBeginShipoutBox 
                                                  \fi \fi 
l.230 
      pdfTeX warning (ext4): destination with the same identifier (name{figure.
3.5}) has been already used, duplicate ignored

\AtBegShi@Output ...ipout \box \AtBeginShipoutBox 
                                                  \fi \fi 
l.230 
      pdfTeX warning (ext4): destination with the same identifier (name{figure.
3.6}) has been already used, duplicate ignored

\AtBegShi@Output ...ipout \box \AtBeginShipoutBox 
                                                  \fi \fi 
l.230 
       <./figures/Sumatra_OG3_Plan.pdf, page is rotated 90 degrees> <./figures/
Hongg_photo1.pdf> <./figures/Hongg_photo0.pdf>] [10pdfTeX warning (ext4): desti
nation with the same identifier (name{figure.3.7}) has been already used, dupli
cate ignored

\AtBegShi@Output ...ipout \box \AtBeginShipoutBox 
                                                  \fi \fi 
l.230 
       <./figures/Hongg_EG_Plan.pdf>] [11pdfTeX warning (ext4): destination wit
h the same identifier (name{figure.3.8}) has been already used, duplicate ignor
ed

\AtBegShi@Output ...ipout \box \AtBeginShipoutBox 
                                                  \fi \fi 
l.230 
       <./figures/Hongg_1OG_Plan.pdf>]
<./figures/Sumatra_dxf.jpg, id=475, 367.3725pt x 414.79968pt>
File: ./figures/Sumatra_dxf.jpg Graphic file (type jpg)
<use ./figures/Sumatra_dxf.jpg>
Package pdftex.def Info: ./figures/Sumatra_dxf.jpg  used on input line 236.
(pdftex.def)             Requested size: 220.42519pt x 248.88173pt.
<./figures/Hongger_dxf.jpg, id=476, 701.62125pt x 457.71pt>
File: ./figures/Hongger_dxf.jpg Graphic file (type jpg)
<use ./figures/Hongger_dxf.jpg>
Package pdftex.def Info: ./figures/Hongger_dxf.jpg  used on input line 243.
(pdftex.def)             Requested size: 385.89287pt x 251.74129pt.
 [12pdfTeX warning (ext4): destination with the same identifier (name{figure.3.
9}) has been already used, duplicate ignored

\AtBegShi@Output ...ipout \box \AtBeginShipoutBox 
                                                  \fi \fi 
l.247 			
          <./figures/Sumatra_dxf.jpg>]
Underfull \hbox (badness 10000) in paragraph at lines 249--250

 []

[13pdfTeX warning (ext4): destination with the same identifier (name{figure.3.1
0}) has been already used, duplicate ignored

\AtBegShi@Output ...ipout \box \AtBeginShipoutBox 
                                                  \fi \fi 
l.312 
      pdfTeX warning (ext4): destination with the same identifier (name{table.3
.1}) has been already used, duplicate ignored

\AtBegShi@Output ...ipout \box \AtBeginShipoutBox 
                                                  \fi \fi 
l.312 
       <./figures/Hongger_dxf.jpg>]
Underfull \hbox (badness 10000) in paragraph at lines 320--320
[]|\T1/lmr/m/n/10.95 U-Value
 []


Underfull \hbox (badness 10000) in paragraph at lines 348--348
[]|\T1/lmr/m/n/10.95 U-Value
 []

[14pdfTeX warning (ext4): destination with the same identifier (name{table.3.2}
) has been already used, duplicate ignored

\AtBegShi@Output ...ipout \box \AtBeginShipoutBox 
                                                  \fi \fi 
l.365 		
        pdfTeX warning (ext4): destination with the same identifier (name{table
.3.3}) has been already used, duplicate ignored

\AtBegShi@Output ...ipout \box \AtBeginShipoutBox 
                                                  \fi \fi 
l.365 		
        ]
Underfull \hbox (badness 10000) in paragraph at lines 368--370

 []

[15pdfTeX warning (ext4): destination with the same identifier (name{table.3.4}
) has been already used, duplicate ignored

\AtBegShi@Output ...ipout \box \AtBeginShipoutBox 
                                                  \fi \fi 
l.371 			\newpage
                 ]
Overfull \hbox (3.16335pt too wide) in paragraph at lines 377--377
[]|\T1/lmr/m/n/10.95 Thickness 
 []


Overfull \hbox (1.97144pt too wide) in paragraph at lines 377--377
[]|\T1/lmr/m/n/10.95 Density 
 []


Overfull \hbox (3.11404pt too wide) in paragraph at lines 377--377
[]|\T1/lmr/m/n/10.95 Lambda 
 []


Underfull \hbox (badness 10000) in paragraph at lines 377--377
[]|\T1/lmr/m/n/10.95 Heat
 []


Underfull \hbox (badness 10000) in paragraph at lines 377--377
\T1/lmr/m/n/10.95 Ca-pac-
 []


Overfull \hbox (6.07793pt too wide) in paragraph at lines 377--377
\T1/lmr/m/n/10.95 KJ/Kg.K| 
 []


Underfull \hbox (badness 10000) in paragraph at lines 377--377
[]|\T1/lmr/m/n/10.95 R
 []


Overfull \hbox (7.03749pt too wide) in paragraph at lines 377--377
\T1/lmr/m/n/10.95 m$[]$K/W| 
 []


Underfull \hbox (badness 10000) in paragraph at lines 377--377
[]|\T1/lmr/m/n/10.95 U
 []


Overfull \hbox (4.68312pt too wide) in paragraph at lines 377--377
\T1/lmr/m/n/10.95 W/m$[]$K| 
 []

[16pdfTeX warning (ext4): destination with the same identifier (name{table.3.5}
) has been already used, duplicate ignored

\AtBegShi@Output ...ipout \box \AtBeginShipoutBox 
                                                  \fi \fi 
l.424 			\newpage
                 ]
Overfull \hbox (3.92993pt too wide) in paragraph at lines 430--430
[]|\T1/lmr/m/n/10.95 Thickness
 []


Overfull \hbox (2.79265pt too wide) in paragraph at lines 430--430
[]|\T1/lmr/m/n/10.95 Density
 []


Overfull \hbox (4.64705pt too wide) in paragraph at lines 430--430
[]|\T1/lmr/m/n/10.95 Lambda
 []


Overfull \hbox (0.84636pt too wide) in paragraph at lines 430--430
\T1/lmr/m/n/10.95 W/MK| 
 []


Underfull \hbox (badness 10000) in paragraph at lines 430--430
[]|\T1/lmr/m/n/10.95 Heat
 []


Underfull \hbox (badness 10000) in paragraph at lines 430--430
\T1/lmr/m/n/10.95 Ca-
 []


Underfull \hbox (badness 10000) in paragraph at lines 430--430
\T1/lmr/m/n/10.95 pac-ity
 []


Overfull \hbox (6.07793pt too wide) in paragraph at lines 430--430
\T1/lmr/m/n/10.95 KJ/Kg.K| 
 []


Underfull \hbox (badness 10000) in paragraph at lines 430--430
[]|\T1/lmr/m/n/10.95 R
 []


Underfull \hbox (badness 10000) in paragraph at lines 430--430
\T1/lmr/m/n/10.95 Value
 []


Overfull \hbox (2.38371pt too wide) in paragraph at lines 430--430
\T1/lmr/m/n/10.95 m$[]$K/W| 
 []


Underfull \hbox (badness 10000) in paragraph at lines 430--430
[]|\T1/lmr/m/n/10.95 U
 []


Underfull \hbox (badness 10000) in paragraph at lines 430--430
\T1/lmr/m/n/10.95 Value
 []


Overfull \hbox (3.1087pt too wide) in paragraph at lines 430--430
\T1/lmr/m/n/10.95 W/m2K| 
 []

<./figures/SumatraDesignBuilderModel.JPG, id=518, 823.57687pt x 648.17157pt>
File: ./figures/SumatraDesignBuilderModel.JPG Graphic file (type jpg)
<use ./figures/SumatraDesignBuilderModel.JPG>
Package pdftex.def Info: ./figures/SumatraDesignBuilderModel.JPG  used on input
 line 470.
(pdftex.def)             Requested size: 329.42491pt x 259.26402pt.
<./figures/HonggDesignBuilderModel.JPG, id=519, 516.42938pt x 638.385pt>
File: ./figures/HonggDesignBuilderModel.JPG Graphic file (type jpg)
<use ./figures/HonggDesignBuilderModel.JPG>
Package pdftex.def Info: ./figures/HonggDesignBuilderModel.JPG  used on input l
ine 477.
(pdftex.def)             Requested size: 206.56808pt x 255.34947pt.
[17pdfTeX warning (ext4): destination with the same identifier (name{table.3.6}
) has been already used, duplicate ignored

\AtBegShi@Output ...ipout \box \AtBeginShipoutBox 
                                                  \fi \fi 
l.481 
      pdfTeX warning (ext4): destination with the same identifier (name{figure.
3.11}) has been already used, duplicate ignored

\AtBegShi@Output ...ipout \box \AtBeginShipoutBox 
                                                  \fi \fi 
l.481 
       <./figures/SumatraDesignBuilderModel.JPG>]
Underfull \hbox (badness 10000) in paragraph at lines 484--485

 []


Underfull \hbox (badness 10000) in paragraph at lines 486--488

 []


Underfull \hbox (badness 10000) in paragraph at lines 489--493

 []

[18pdfTeX warning (ext4): destination with the same identifier (name{figure.3.1
2}) has been already used, duplicate ignored

\AtBegShi@Output ...ipout \box \AtBeginShipoutBox 
                                                  \fi \fi 
l.495 		\textbf{EnergyPlus}
                           \\ <./figures/HonggDesignBuilderModel.JPG>]
Underfull \hbox (badness 10000) in paragraph at lines 495--497

 []


Underfull \hbox (badness 10000) in paragraph at lines 501--502

 []


Underfull \hbox (badness 10000) in paragraph at lines 503--505

 []


Underfull \hbox (badness 10000) in paragraph at lines 507--509

 []


Underfull \hbox (badness 10000) in paragraph at lines 510--511

 []


Underfull \hbox (badness 10000) in paragraph at lines 512--514

 []


Underfull \hbox (badness 10000) in paragraph at lines 515--516

 []

[19]
Underfull \hbox (badness 10000) in paragraph at lines 523--525

 []

LaTeX Font Info:    External font `lmex10' loaded for size
(Font)              <10> on input line 531.
LaTeX Font Info:    External font `lmex10' loaded for size
(Font)              <7> on input line 531.
LaTeX Font Info:    External font `lmex10' loaded for size
(Font)              <5> on input line 531.

Underfull \hbox (badness 10000) in paragraph at lines 537--537
[]|\T1/lmr/m/n/10 Average
 []


Underfull \hbox (badness 10000) in paragraph at lines 537--537
\T1/lmr/m/n/10 Tem-per-
 []


Underfull \hbox (badness 10000) in paragraph at lines 537--537
\T1/lmr/m/n/10 a-ture
 []


Underfull \hbox (badness 1112) in paragraph at lines 541--541
[]|\T1/lmr/m/n/10 Solar En-
 []


Underfull \hbox (badness 1112) in paragraph at lines 543--543
[]|\T1/lmr/m/n/10 Solar En-
 []


Underfull \hbox (badness 1112) in paragraph at lines 545--545
[]|\T1/lmr/m/n/10 Solar En-
 []


Underfull \hbox (badness 1112) in paragraph at lines 547--547
[]|\T1/lmr/m/n/10 Solar En-
 []


Overfull \hbox (0.5834pt too wide) in paragraph at lines 549--549
[]|\T1/lmr/m/n/10 Horizontal
 []


Underfull \hbox (badness 1112) in paragraph at lines 549--549
\T1/lmr/m/n/10 So-lar En-
 []


Underfull \hbox (badness 10000) in paragraph at lines 549--549
\T1/lmr/m/n/10 ergy
 []


Underfull \hbox (badness 10000) in paragraph at lines 551--551
[]|\T1/lmr/m/n/10 Solar
 []


Underfull \hbox (badness 10000) in paragraph at lines 551--551
\T1/lmr/m/n/10 En-ergy
 []


Underfull \hbox (badness 10000) in paragraph at lines 551--551
\T1/lmr/m/n/10 at NE
 []


Underfull \hbox (badness 10000) in paragraph at lines 553--553
[]|\T1/lmr/m/n/10 Solar
 []


Underfull \hbox (badness 10000) in paragraph at lines 553--553
\T1/lmr/m/n/10 En-ergy
 []


Underfull \hbox (badness 10000) in paragraph at lines 553--553
\T1/lmr/m/n/10 at SW
 []

[20]
Underfull \hbox (badness 10000) in paragraph at lines 574--574
[]|\T1/lmr/m/n/10 Average
 []


Underfull \hbox (badness 10000) in paragraph at lines 574--574
\T1/lmr/m/n/10 Tem-per-a-
 []


Underfull \hbox (badness 10000) in paragraph at lines 578--578
[]|\T1/lmr/m/n/10 Solar En-
 []


Underfull \hbox (badness 3895) in paragraph at lines 578--578
\T1/lmr/m/n/10 ergy at N
 []


Underfull \hbox (badness 10000) in paragraph at lines 580--580
[]|\T1/lmr/m/n/10 Solar En-
 []


Underfull \hbox (badness 4660) in paragraph at lines 580--580
\T1/lmr/m/n/10 ergy at E
 []


Underfull \hbox (badness 10000) in paragraph at lines 582--582
[]|\T1/lmr/m/n/10 Solar En-
 []


Underfull \hbox (badness 6268) in paragraph at lines 582--582
\T1/lmr/m/n/10 ergy at S
 []


Underfull \hbox (badness 10000) in paragraph at lines 584--584
[]|\T1/lmr/m/n/10 Solar En-
 []


Underfull \hbox (badness 1668) in paragraph at lines 584--584
\T1/lmr/m/n/10 ergy at W
 []


Underfull \hbox (badness 10000) in paragraph at lines 586--586
[]|\T1/lmr/m/n/10 Horizontal
 []


Underfull \hbox (badness 10000) in paragraph at lines 586--586
\T1/lmr/m/n/10 So-lar
 []


Underfull \hbox (badness 10000) in paragraph at lines 586--586
\T1/lmr/m/n/10 En-ergy
 []


Underfull \hbox (badness 10000) in paragraph at lines 588--588
[]|\T1/lmr/m/n/10 Solar En-
 []


Underfull \hbox (badness 10000) in paragraph at lines 590--590
[]|\T1/lmr/m/n/10 Solar En-
 []


Overfull \hbox (6.90327pt too wide) in paragraph at lines 568--594
 [][][] 
 []

[21pdfTeX warning (ext4): destination with the same identifier (name{table.3.7}
) has been already used, duplicate ignored

\AtBegShi@Output ...ipout \box \AtBeginShipoutBox 
                                                  \fi \fi 
l.595 
      ]
Overfull \hbox (1.92822pt too wide) in paragraph at lines 600--612
 [][][] 
 []


Underfull \hbox (badness 10000) in paragraph at lines 616--617

 []

Package hyperref Info: bookmark level for unknown todo defaults to 0 on input l
ine 619.

Underfull \hbox (badness 10000) in paragraph at lines 618--620

 []

[22pdfTeX warning (ext4): destination with the same identifier (name{table.3.8}
) has been already used, duplicate ignored

\AtBegShi@Output ...ipout \box \AtBeginShipoutBox 
                                                  \fi \fi 
l.621 			\textbf{2015 Weather File}
                                   \\pdfTeX warning (ext4): destination with th
e same identifier (name{table.3.9}) has been already used, duplicate ignored

\AtBegShi@Output ...ipout \box \AtBeginShipoutBox 
                                                  \fi \fi 
l.621 			\textbf{2015 Weather File}
                                   \\]
<./figures/WeatherStation.jpg, id=570, 531.48563pt x 499.11469pt>
File: ./figures/WeatherStation.jpg Graphic file (type jpg)
<use ./figures/WeatherStation.jpg>
Package pdftex.def Info: ./figures/WeatherStation.jpg  used on input line 626.
(pdftex.def)             Requested size: 372.0374pt x 349.37788pt.

Underfull \hbox (badness 10000) in paragraph at lines 655--657

 []

[23pdfTeX warning (ext4): destination with the same identifier (name{figure.3.1
3}) has been already used, duplicate ignored

\AtBegShi@Output ...ipout \box \AtBeginShipoutBox 
                                                  \fi \fi 
l.657 
      pdfTeX warning (ext4): destination with the same identifier (name{table.3
.10}) has been already used, duplicate ignored

\AtBegShi@Output ...ipout \box \AtBeginShipoutBox 
                                                  \fi \fi 
l.657 
       <./figures/WeatherStation.jpg>]
<./figures/HeatIsland_Construction.jpg, id=580, 828.84656pt x 420.06938pt>
File: ./figures/HeatIsland_Construction.jpg Graphic file (type jpg)
<use ./figures/HeatIsland_Construction.jpg>
Package pdftex.def Info: ./figures/HeatIsland_Construction.jpg  used on input l
ine 664.
(pdftex.def)             Requested size: 455.86702pt x 231.03888pt.
<./figures/HeatIslandConstruction.jpg, id=581, 555.57562pt x 330.48468pt>
File: ./figures/HeatIslandConstruction.jpg Graphic file (type jpg)
<use ./figures/HeatIslandConstruction.jpg>
Package pdftex.def Info: ./figures/HeatIslandConstruction.jpg  used on input li
ne 671.
(pdftex.def)             Requested size: 416.68068pt x 247.8629pt.

Underfull \hbox (badness 10000) in paragraph at lines 680--681

 []

[24pdfTeX warning (ext4): destination with the same identifier (name{figure.3.1
4}) has been already used, duplicate ignored

\AtBegShi@Output ...ipout \box \AtBeginShipoutBox 
                                                  \fi \fi 
l.681 		\[
          \text{Heating Demand} = \text{Heat Losses} - \text{Heat Gains}\]pdfTe
X warning (ext4): destination with the same identifier (name{figure.3.15}) has 
been already used, duplicate ignored

\AtBegShi@Output ...ipout \box \AtBeginShipoutBox 
                                                  \fi \fi 
l.681 		\[
          \text{Heating Demand} = \text{Heat Losses} - \text{Heat Gains}\] <./f
igures/HeatIsland_Construction.jpg> <./figures/HeatIslandConstruction.jpg>]
Underfull \hbox (badness 10000) in paragraph at lines 683--685

 []


Underfull \hbox (badness 10000) in paragraph at lines 686--688

 []


Underfull \hbox (badness 10000) in paragraph at lines 696--697

 []

LaTeX Font Info:    Try loading font information for OMS+lmr on input line 701.

("C:\Users\he_ying\AppData\Local\Programs\MiKTeX 2.9\tex\latex\lm\omslmr.fd"
File: omslmr.fd 2009/10/30 v1.6 Font defs for Latin Modern
)
LaTeX Font Info:    Font shape `OMS/lmr/m/n' in size <10.95> not available
(Font)              Font shape `OMS/lmsy/m/n' tried instead on input line 701.

[25]
Underfull \hbox (badness 10000) in paragraph at lines 713--714

 []

<./figures/TempSetpoint.jpg, id=597, 344.03531pt x 212.29312pt>
File: ./figures/TempSetpoint.jpg Graphic file (type jpg)
<use ./figures/TempSetpoint.jpg>
Package pdftex.def Info: ./figures/TempSetpoint.jpg  used on input line 717.
(pdftex.def)             Requested size: 378.44pt x 233.52315pt.
<figures/JanOffice_Vent.jpg, id=598, 516.42938pt x 255.95625pt>
File: figures/JanOffice_Vent.jpg Graphic file (type jpg)
<use figures/JanOffice_Vent.jpg>
Package pdftex.def Info: figures/JanOffice_Vent.jpg  used on input line 726.
(pdftex.def)             Requested size: 413.14406pt x 204.76526pt.

Underfull \hbox (badness 10000) in paragraph at lines 732--733

 []

[26pdfTeX warning (ext4): destination with the same identifier (name{figure.3.1
6}) has been already used, duplicate ignored

\AtBegShi@Output ...ipout \box \AtBeginShipoutBox 
                                                  \fi \fi 
l.733 		
        pdfTeX warning (ext4): destination with the same identifier (name{figur
e.3.17}) has been already used, duplicate ignored

\AtBegShi@Output ...ipout \box \AtBeginShipoutBox 
                                                  \fi \fi 
l.733 		
         <./figures/TempSetpoint.jpg> <./figures/JanOffice_Vent.jpg>]
Underfull \hbox (badness 10000) in paragraph at lines 736--738

 []


Underfull \hbox (badness 10000) in paragraph at lines 740--742

 []


Underfull \hbox (badness 10000) in paragraph at lines 744--746

 []


Underfull \hbox (badness 10000) in paragraph at lines 750--752

 []


Underfull \hbox (badness 10000) in paragraph at lines 754--756

 []


Underfull \hbox (badness 10000) in paragraph at lines 802--805

 []

<./figures/Residential_TempSetpoint.jpg, id=611, 456.95718pt x 345.54094pt>
File: ./figures/Residential_TempSetpoint.jpg Graphic file (type jpg)
<use ./figures/Residential_TempSetpoint.jpg>
Package pdftex.def Info: ./figures/Residential_TempSetpoint.jpg  used on input 
line 808.
(pdftex.def)             Requested size: 388.41542pt x 293.71117pt.
[27] [28pdfTeX warning (ext4): destination with the same identifier (name{table
.3.11}) has been already used, duplicate ignored

\AtBegShi@Output ...ipout \box \AtBeginShipoutBox 
                                                  \fi \fi 
l.815 
      pdfTeX warning (ext4): destination with the same identifier (name{figure.
3.18}) has been already used, duplicate ignored

\AtBegShi@Output ...ipout \box \AtBeginShipoutBox 
                                                  \fi \fi 
l.815 
       <./figures/Residential_TempSetpoint.jpg>]
<figures/RoomOccupancy.JPG, id=625, 416.30531pt x 277.78781pt>
File: figures/RoomOccupancy.JPG Graphic file (type jpg)
<use figures/RoomOccupancy.JPG>
Package pdftex.def Info: figures/RoomOccupancy.JPG  used on input line 818.
(pdftex.def)             Requested size: 374.67131pt x 250.0067pt.

Underfull \hbox (badness 10000) in paragraph at lines 823--825

 []

<figures/LightingLevelDistribution.jpg, id=627, 530.73282pt x 315.42844pt>
File: figures/LightingLevelDistribution.jpg Graphic file (type jpg)
<use figures/LightingLevelDistribution.jpg>
Package pdftex.def Info: figures/LightingLevelDistribution.jpg  used on input l
ine 828.
(pdftex.def)             Requested size: 371.51044pt x 220.79839pt.
<figures/ApplianceLevelDistribution.jpg, id=629, 478.03593pt x 291.33844pt>
File: figures/ApplianceLevelDistribution.jpg Graphic file (type jpg)
<use figures/ApplianceLevelDistribution.jpg>
Package pdftex.def Info: figures/ApplianceLevelDistribution.jpg  used on input 
line 837.
(pdftex.def)             Requested size: 334.62286pt x 203.93552pt.
[29pdfTeX warning (ext4): destination with the same identifier (name{figure.3.1
9}) has been already used, duplicate ignored

\AtBegShi@Output ...ipout \box \AtBeginShipoutBox 
                                                  \fi \fi 
l.841 
      pdfTeX warning (ext4): destination with the same identifier (name{figure.
3.20}) has been already used, duplicate ignored

\AtBegShi@Output ...ipout \box \AtBeginShipoutBox 
                                                  \fi \fi 
l.841 
       <./figures/RoomOccupancy.JPG> <./figures/LightingLevelDistribution.jpg>]

Underfull \hbox (badness 10000) in paragraph at lines 842--844

 []

<figures/DHWLevelDistribution.jpg, id=637, 463.7325pt x 283.81032pt>
File: figures/DHWLevelDistribution.jpg Graphic file (type jpg)
<use figures/DHWLevelDistribution.jpg>
Package pdftex.def Info: figures/DHWLevelDistribution.jpg  used on input line 8
48.
(pdftex.def)             Requested size: 324.61052pt x 198.66586pt.

Underfull \hbox (badness 10000) in paragraph at lines 855--857

 []

<./figures/VentilationLevel.jpg, id=640, 660.21657pt x 339.51843pt>
File: ./figures/VentilationLevel.jpg Graphic file (type jpg)
<use ./figures/VentilationLevel.jpg>
Package pdftex.def Info: ./figures/VentilationLevel.jpg  used on input line 860
.
(pdftex.def)             Requested size: 448.94133pt x 230.86948pt.
<./figures/Office_Vent.jpg, id=641, 895.84688pt x 462.22687pt>
File: ./figures/Office_Vent.jpg Graphic file (type jpg)
<use ./figures/Office_Vent.jpg>
Package pdftex.def Info: ./figures/Office_Vent.jpg  used on input line 867.
(pdftex.def)             Requested size: 403.12737pt x 208.00017pt.

Underfull \hbox (badness 10000) in paragraph at lines 872--874

 []

<./figures/Example_Normal_Distribution.jpg, id=643, 761.09344pt x 475.02469pt>
File: ./figures/Example_Normal_Distribution.jpg Graphic file (type jpg)
<use ./figures/Example_Normal_Distribution.jpg>
Package pdftex.def Info: ./figures/Example_Normal_Distribution.jpg  used on inp
ut line 877.
(pdftex.def)             Requested size: 380.54579pt x 237.51175pt.

Underfull \hbox (badness 10000) in paragraph at lines 882--885

 []

[30pdfTeX warning (ext4): destination with the same identifier (name{figure.3.2
1}) has been already used, duplicate ignored

\AtBegShi@Output ...ipout \box \AtBeginShipoutBox 
                                                  \fi \fi 
l.885 
      pdfTeX warning (ext4): destination with the same identifier (name{figure.
3.22}) has been already used, duplicate ignored

\AtBegShi@Output ...ipout \box \AtBeginShipoutBox 
                                                  \fi \fi 
l.885 
       <./figures/ApplianceLevelDistribution.jpg> <./figures/DHWLevelDistributi
on.jpg>]
<./figures/Hongger_InConvDist.jpg, id=654, 871.75688pt x 462.97969pt>
File: ./figures/Hongger_InConvDist.jpg Graphic file (type jpg)
<use ./figures/Hongger_InConvDist.jpg>
Package pdftex.def Info: ./figures/Hongger_InConvDist.jpg  used on input line 8
88.
(pdftex.def)             Requested size: 305.11948pt x 162.0453pt.
File: ./figures/Hongger_InConvDist.jpg Graphic file (type jpg)
<use ./figures/Hongger_InConvDist.jpg>
Package pdftex.def Info: ./figures/Hongger_InConvDist.jpg  used on input line 8
95.
(pdftex.def)             Requested size: 305.11948pt x 162.0453pt.
 [31pdfTeX warning (ext4): destination with the same identifier (name{figure.3.
23}) has been already used, duplicate ignored

\AtBegShi@Output ...ipout \box \AtBeginShipoutBox 
                                                  \fi \fi 
l.905 
      pdfTeX warning (ext4): destination with the same identifier (name{figure.
3.24}) has been already used, duplicate ignored

\AtBegShi@Output ...ipout \box \AtBeginShipoutBox 
                                                  \fi \fi 
l.905 
       <./figures/VentilationLevel.jpg> <./figures/Office_Vent.jpg>] [32pdfTeX 
warning (ext4): destination with the same identifier (name{figure.3.25}) has be
en already used, duplicate ignored

\AtBegShi@Output ...ipout \box \AtBeginShipoutBox 
                                                  \fi \fi 
l.905 
      pdfTeX warning (ext4): destination with the same identifier (name{figure.
3.26}) has been already used, duplicate ignored

\AtBegShi@Output ...ipout \box \AtBeginShipoutBox 
                                                  \fi \fi 
l.905 
      pdfTeX warning (ext4): destination with the same identifier (name{figure.
3.27}) has been already used, duplicate ignored

\AtBegShi@Output ...ipout \box \AtBeginShipoutBox 
                                                  \fi \fi 
l.905 
       <./figures/Example_Normal_Distribution.jpg> <./figures/Hongger_InConvDis
t.jpg>]
Underfull \hbox (badness 10000) in paragraph at lines 910--912

 []

[33]
Chapter 4.
<./figures/Office_SIA.jpg, id=670, 864.22874pt x 496.10344pt>
File: ./figures/Office_SIA.jpg Graphic file (type jpg)
<use ./figures/Office_SIA.jpg>
Package pdftex.def Info: ./figures/Office_SIA.jpg  used on input line 921.
(pdftex.def)             Requested size: 397.55005pt x 228.21034pt.
<./figures/Residential_SIA.jpg, id=671, 828.09375pt x 459.21562pt>
File: ./figures/Residential_SIA.jpg Graphic file (type jpg)
<use ./figures/Residential_SIA.jpg>
Package pdftex.def Info: ./figures/Residential_SIA.jpg  used on input line 928.

(pdftex.def)             Requested size: 380.92775pt x 211.24174pt.
[34

pdfTeX warning (ext4): destination with the same identifier (name{figure.4.1}) 
has been already used, duplicate ignored

\AtBegShi@Output ...ipout \box \AtBeginShipoutBox 
                                                  \fi \fi 
l.934 	\newpage
               		 <./figures/Office_SIA.jpg>]
<./figures/Office_EP.jpg, id=679, 817.55438pt x 438.8897pt>
File: ./figures/Office_EP.jpg Graphic file (type jpg)
<use ./figures/Office_EP.jpg>
Package pdftex.def Info: ./figures/Office_EP.jpg  used on input line 941.
(pdftex.def)             Requested size: 408.7762pt x 219.4443pt.
<./figures/Residential_EP.jpg, id=680, 960.58875pt x 489.32813pt>
File: ./figures/Residential_EP.jpg Graphic file (type jpg)
<use ./figures/Residential_EP.jpg>
Package pdftex.def Info: ./figures/Residential_EP.jpg  used on input line 948.
(pdftex.def)             Requested size: 384.22868pt x 195.72777pt.

Underfull \hbox (badness 10000) in paragraph at lines 960--961

 []

[35pdfTeX warning (ext4): destination with the same identifier (name{figure.4.2
}) has been already used, duplicate ignored

\AtBegShi@Output ...ipout \box \AtBeginShipoutBox 
                                                  \fi \fi 
l.961 		
        pdfTeX warning (ext4): destination with the same identifier (name{figur
e.4.3}) has been already used, duplicate ignored

\AtBegShi@Output ...ipout \box \AtBeginShipoutBox 
                                                  \fi \fi 
l.961 		
         <./figures/Residential_SIA.jpg> <./figures/Office_EP.jpg>]
<./figures/ACH_Compare.JPG, id=690, 560.8453pt x 329.73187pt>
File: ./figures/ACH_Compare.JPG Graphic file (type jpg)
<use ./figures/ACH_Compare.JPG>
Package pdftex.def Info: ./figures/ACH_Compare.JPG  used on input line 964.
(pdftex.def)             Requested size: 392.58904pt x 230.81071pt.
<figures/Hongg_Clibration_Origin.JPG, id=691, 594.72188pt x 313.9228pt>
File: figures/Hongg_Clibration_Origin.JPG Graphic file (type jpg)
<use figures/Hongg_Clibration_Origin.JPG>
Package pdftex.def Info: figures/Hongg_Clibration_Origin.JPG  used on input lin
e 971.
(pdftex.def)             Requested size: 416.30247pt x 219.74446pt.
 [36pdfTeX warning (ext4): destination with the same identifier (name{figure.4.
4}) has been already used, duplicate ignored

\AtBegShi@Output ...ipout \box \AtBeginShipoutBox 
                                                  \fi \fi 
l.975 			
         pdfTeX warning (ext4): destination with the same identifier (name{figu
re.4.5}) has been already used, duplicate ignored

\AtBegShi@Output ...ipout \box \AtBeginShipoutBox 
                                                  \fi \fi 
l.975 			
          <./figures/Residential_EP.jpg> <./figures/ACH_Compare.JPG>]
Underfull \hbox (badness 10000) in paragraph at lines 976--977

 []

<figures/Hongg_Cali_NoFacility.JPG, id=697, 761.84625pt x 394.47375pt>
File: figures/Hongg_Cali_NoFacility.JPG Graphic file (type jpg)
<use figures/Hongg_Cali_NoFacility.JPG>
Package pdftex.def Info: figures/Hongg_Cali_NoFacility.JPG  used on input line 
980.
(pdftex.def)             Requested size: 457.11128pt x 236.68607pt.

Underfull \hbox (badness 10000) in paragraph at lines 985--986

 []

<./figures/Hongg_Clibration_03NoLight.JPG, id=699, 584.93532pt x 286.82156pt>
File: ./figures/Hongg_Clibration_03NoLight.JPG Graphic file (type jpg)
<use ./figures/Hongg_Clibration_03NoLight.JPG>
Package pdftex.def Info: ./figures/Hongg_Clibration_03NoLight.JPG  used on inpu
t line 989.
(pdftex.def)             Requested size: 438.70041pt x 215.11563pt.
[37pdfTeX warning (ext4): destination with the same identifier (name{figure.4.6
}) has been already used, duplicate ignored

\AtBegShi@Output ...ipout \box \AtBeginShipoutBox 
                                                  \fi \fi 
l.992 			\end{figure}
                     pdfTeX warning (ext4): destination with the same identifie
r (name{figure.4.7}) has been already used, duplicate ignored

\AtBegShi@Output ...ipout \box \AtBeginShipoutBox 
                                                  \fi \fi 
l.992 			\end{figure}
                      <./figures/Hongg_Clibration_Origin.JPG> <./figures/Hongg_
Cali_NoFacility.JPG>]
<./figures/Hongg_Clibration_03NewLight.JPG, id=708, 600.74437pt x 310.15875pt>
File: ./figures/Hongg_Clibration_03NewLight.JPG Graphic file (type jpg)
<use ./figures/Hongg_Clibration_03NewLight.JPG>
Package pdftex.def Info: ./figures/Hongg_Clibration_03NewLight.JPG  used on inp
ut line 1018.
(pdftex.def)             Requested size: 300.37144pt x 155.079pt.

Underfull \hbox (badness 10000) in paragraph at lines 1023--1025

 []

[38pdfTeX warning (ext4): destination with the same identifier (name{figure.4.8
}) has been already used, duplicate ignored

\AtBegShi@Output ...ipout \box \AtBeginShipoutBox 
                                                  \fi \fi 
l.1025 
       pdfTeX warning (ext4): destination with the same identifier (name{table.
4.1}) has been already used, duplicate ignored

\AtBegShi@Output ...ipout \box \AtBeginShipoutBox 
                                                  \fi \fi 
l.1025 
       pdfTeX warning (ext4): destination with the same identifier (name{figure
.4.9}) has been already used, duplicate ignored

\AtBegShi@Output ...ipout \box \AtBeginShipoutBox 
                                                  \fi \fi 
l.1025 
        <./figures/Hongg_Clibration_03NoLight.JPG> <./figures/Hongg_Clibration_
03NewLight.JPG>]
<figures/Office_Calibration_Ori.JPG, id=719, 910.90312pt x 418.56375pt>
File: figures/Office_Calibration_Ori.JPG Graphic file (type jpg)
<use figures/Office_Calibration_Ori.JPG>
Package pdftex.def Info: figures/Office_Calibration_Ori.JPG  used on input line
 1031.
(pdftex.def)             Requested size: 318.82086pt x 146.4995pt.
<./figures/Sumatra_Calibration_AllonShading.JPG, id=720, 1072.005pt x 500.62032
pt>
File: ./figures/Sumatra_Calibration_AllonShading.JPG Graphic file (type jpg)
<use ./figures/Sumatra_Calibration_AllonShading.JPG>
Package pdftex.def Info: ./figures/Sumatra_Calibration_AllonShading.JPG  used o
n input line 1038.
(pdftex.def)             Requested size: 321.60399pt x 150.18726pt.

Underfull \hbox (badness 10000) in paragraph at lines 1043--1044

 []

<./figures/Sumatra_Calibration_NewShading.JPG, id=725, 700.11563pt x 352.31625p
t>
File: ./figures/Sumatra_Calibration_NewShading.JPG Graphic file (type jpg)
<use ./figures/Sumatra_Calibration_NewShading.JPG>
Package pdftex.def Info: ./figures/Sumatra_Calibration_NewShading.JPG  used on 
input line 1079.
(pdftex.def)             Requested size: 350.05696pt x 176.15768pt.
[39pdfTeX warning (ext4): destination with the same identifier (name{figure.4.1
0}) has been already used, duplicate ignored

\AtBegShi@Output ...ipout \box \AtBeginShipoutBox 
                                                  \fi \fi 
l.1083 			
          pdfTeX warning (ext4): destination with the same identifier (name{fig
ure.4.11}) has been already used, duplicate ignored

\AtBegShi@Output ...ipout \box \AtBeginShipoutBox 
                                                  \fi \fi 
l.1083 			
           <./figures/Office_Calibration_Ori.JPG> <./figures/Sumatra_Calibratio
n_AllonShading.JPG>]
Underfull \hbox (badness 10000) in paragraph at lines 1086--1087

 []


Underfull \hbox (badness 10000) in paragraph at lines 1088--1089

 []

<./figures/Sumatra_2015Distribution.jpg, id=737, 615.0478pt x 309.40594pt>
File: ./figures/Sumatra_2015Distribution.jpg Graphic file (type jpg)
<use ./figures/Sumatra_2015Distribution.jpg>
Package pdftex.def Info: ./figures/Sumatra_2015Distribution.jpg  used on input 
line 1092.
(pdftex.def)             Requested size: 399.77634pt x 201.11147pt.
[40pdfTeX warning (ext4): destination with the same identifier (name{table.4.2}
) has been already used, duplicate ignored

\AtBegShi@Output ...ipout \box \AtBeginShipoutBox 
                                                  \fi \fi 
l.1096 
       pdfTeX warning (ext4): destination with the same identifier (name{table.
4.3}) has been already used, duplicate ignored

\AtBegShi@Output ...ipout \box \AtBeginShipoutBox 
                                                  \fi \fi 
l.1096 
       pdfTeX warning (ext4): destination with the same identifier (name{figure
.4.12}) has been already used, duplicate ignored

\AtBegShi@Output ...ipout \box \AtBeginShipoutBox 
                                                  \fi \fi 
l.1096 
        <./figures/Sumatra_Calibration_NewShading.JPG>]
<./figures/Hongg_2015Distribution.jpg, id=744, 609.02531pt x 292.84406pt>
File: ./figures/Hongg_2015Distribution.jpg Graphic file (type jpg)
<use ./figures/Hongg_2015Distribution.jpg>
Package pdftex.def Info: ./figures/Hongg_2015Distribution.jpg  used on input li
ne 1099.
(pdftex.def)             Requested size: 426.3148pt x 204.98944pt.

Underfull \hbox (badness 10000) in paragraph at lines 1104--1105

 []


Underfull \hbox (badness 10000) in paragraph at lines 1106--1107

 []

[41pdfTeX warning (ext4): destination with the same identifier (name{figure.4.1
3}) has been already used, duplicate ignored

\AtBegShi@Output ...ipout \box \AtBeginShipoutBox 
                                                  \fi \fi 
l.1109 
       pdfTeX warning (ext4): destination with the same identifier (name{figure
.4.14}) has been already used, duplicate ignored

\AtBegShi@Output ...ipout \box \AtBeginShipoutBox 
                                                  \fi \fi 
l.1109 
        <./figures/Sumatra_2015Distribution.jpg> <./figures/Hongg_2015Distribut
ion.jpg>]
<./figures/Sumatra_Matrix.jpg, id=753, 813.79031pt x 696.35156pt>
File: ./figures/Sumatra_Matrix.jpg Graphic file (type jpg)
<use ./figures/Sumatra_Matrix.jpg>
Package pdftex.def Info: ./figures/Sumatra_Matrix.jpg  used on input line 1113.

(pdftex.def)             Requested size: 488.27795pt x 417.81415pt.

Overfull \hbox (10.27155pt too wide) in paragraph at lines 1113--1114
 [][] 
 []

<./figures/Hongger_Matrix.jpg, id=754, 797.98125pt x 690.32906pt>
File: ./figures/Hongger_Matrix.jpg Graphic file (type jpg)
<use ./figures/Hongger_Matrix.jpg>
Package pdftex.def Info: ./figures/Hongger_Matrix.jpg  used on input line 1120.

(pdftex.def)             Requested size: 478.79243pt x 414.20064pt.

Overfull \hbox (0.78603pt too wide) in paragraph at lines 1120--1121
 [][] 
 []

[42pdfTeX warning (ext4): destination with the same identifier (name{figure.4.1
5}) has been already used, duplicate ignored

\AtBegShi@Output ...ipout \box \AtBeginShipoutBox 
                                                  \fi \fi 
l.1124 
        <./figures/Sumatra_Matrix.jpg>]

LaTeX Warning: Reference `fig:Hong_solar' on page 43 undefined on input line 11
28.


Underfull \hbox (badness 10000) in paragraph at lines 1128--1129

 []

<./figures/Solar_HeatingDemand.JPG, id=759, 829.59938pt x 429.85594pt>
File: ./figures/Solar_HeatingDemand.JPG Graphic file (type jpg)
<use ./figures/Solar_HeatingDemand.JPG>
Package pdftex.def Info: ./figures/Solar_HeatingDemand.JPG  used on input line 
1132.
(pdftex.def)             Requested size: 414.79868pt x 214.92744pt.

Underfull \hbox (badness 10000) in paragraph at lines 1140--1141

 []

[43pdfTeX warning (ext4): destination with the same identifier (name{figure.4.1
6}) has been already used, duplicate ignored

\AtBegShi@Output ...ipout \box \AtBeginShipoutBox 
                                                  \fi \fi 
l.1141         	
                 <./figures/Hongger_Matrix.jpg>]
<./figures/Hongg_ConvCoe.JPG, id=764, 772.38562pt x 430.60875pt>
File: ./figures/Hongg_ConvCoe.JPG Graphic file (type jpg)
<use ./figures/Hongg_ConvCoe.JPG>
Package pdftex.def Info: ./figures/Hongg_ConvCoe.JPG  used on input line 1144.
(pdftex.def)             Requested size: 386.19186pt x 215.30383pt.
<./figures/Sumatra_Comparison.jpg, id=767, 444.15938pt x 341.02406pt>
File: ./figures/Sumatra_Comparison.jpg Graphic file (type jpg)
<use ./figures/Sumatra_Comparison.jpg>
Package pdftex.def Info: ./figures/Sumatra_Comparison.jpg  used on input line 1
154.
(pdftex.def)             Requested size: 279.82188pt x 214.84628pt.
 [44pdfTeX warning (ext4): destination with the same identifier (name{figure.4.
17}) has been already used, duplicate ignored

\AtBegShi@Output ...ipout \box \AtBeginShipoutBox 
                                                  \fi \fi 
l.1158 
       pdfTeX warning (ext4): destination with the same identifier (name{figure
.4.18}) has been already used, duplicate ignored

\AtBegShi@Output ...ipout \box \AtBeginShipoutBox 
                                                  \fi \fi 
l.1158 
        <./figures/Solar_HeatingDemand.JPG> <./figures/Hongg_ConvCoe.JPG>]
<./figures/Hongg_Comparison.jpg, id=777, 441.90094pt x 348.55219pt>
File: ./figures/Hongg_Comparison.jpg Graphic file (type jpg)
<use ./figures/Hongg_Comparison.jpg>
Package pdftex.def Info: ./figures/Hongg_Comparison.jpg  used on input line 116
1.
(pdftex.def)             Requested size: 278.39906pt x 219.58902pt.

[45pdfTeX warning (ext4): destination with the same identifier (name{figure.4.1
9}) has been already used, duplicate ignored

\AtBegShi@Output ...ipout \box \AtBeginShipoutBox 
                                                  \fi \fi 
l.1168 \chapter
               {Discussion}pdfTeX warning (ext4): destination with the same ide
ntifier (name{figure.4.20}) has been already used, duplicate ignored

\AtBegShi@Output ...ipout \box \AtBeginShipoutBox 
                                                  \fi \fi 
l.1168 \chapter
               {Discussion} <./figures/Sumatra_Comparison.jpg> <./figures/Hongg
_Comparison.jpg>]
Chapter 5.

Underfull \hbox (badness 10000) in paragraph at lines 1169--1170

 []


Underfull \hbox (badness 10000) in paragraph at lines 1171--1172

 []


Underfull \hbox (badness 10000) in paragraph at lines 1173--1174

 []

[46

]
Chapter 6.
(Thesis.bbl [47

] [48

]
** WARNING: IEEEtran.bst: No hyphenation pattern has been
** loaded for the language `en'. Using the pattern for
** the default language instead.
) [49]
Underfull \hbox (badness 10000) in paragraph at lines 1191--1192

 []


Underfull \hbox (badness 10000) in paragraph at lines 1193--1195

 []


Underfull \hbox (badness 10000) in paragraph at lines 1196--1198

 []


Underfull \hbox (badness 10000) in paragraph at lines 1199--1201

 []


Underfull \hbox (badness 10000) in paragraph at lines 1202--1204

 []

[1


]
Underfull \hbox (badness 10000) in paragraph at lines 1207--1208

 []

[1

]
Underfull \hbox (badness 10000) in paragraph at lines 1226--1227

 []


Underfull \hbox (badness 10000) in paragraph at lines 1228--1235

 []


Underfull \hbox (badness 10000) in paragraph at lines 1237--1243

 []


Underfull \hbox (badness 10000) in paragraph at lines 1244--1245

 []


Underfull \hbox (badness 10000) in paragraph at lines 1245--1252

 []

[1

]
Underfull \hbox (badness 10000) in paragraph at lines 1254--1256

 []


Underfull \hbox (badness 10000) in paragraph at lines 1256--1263

 []


Underfull \hbox (badness 10000) in paragraph at lines 1265--1267

 []


Underfull \hbox (badness 10000) in paragraph at lines 1267--1273

 []


Underfull \hbox (badness 10000) in paragraph at lines 1279--1281

 []


Underfull \hbox (badness 10000) in paragraph at lines 1283--1288

 []


Underfull \hbox (badness 10000) in paragraph at lines 1292--1298

 []

[2]
Underfull \hbox (badness 10000) in paragraph at lines 1300--1302

 []


Underfull \hbox (badness 10000) in paragraph at lines 1303--1309

 []


Underfull \hbox (badness 10000) in paragraph at lines 1312--1313

 []

[3]
Underfull \hbox (badness 10000) in paragraph at lines 1334--1334
[]|\T1/lmr/m/n/10 U-Value
 []


Underfull \hbox (badness 10000) in paragraph at lines 1334--1334
[]|\T1/lmr/m/n/10 Loss (SIA)
 []


Underfull \hbox (badness 10000) in paragraph at lines 1334--1334
[]|\T1/lmr/m/n/10 Loss(2015)
 []


Underfull \hbox (badness 10000) in paragraph at lines 1367--1367
[]|\T1/lmr/m/n/10 Ventilation
 []


Underfull \hbox (badness 10000) in paragraph at lines 1368--1368
[]|\T1/lmr/m/n/10 Ventilation
 []


Underfull \hbox (badness 10000) in paragraph at lines 1352--1373

 []

[4pdfTeX warning (ext4): destination with the same identifier (name{table.W.1})
 has been already used, duplicate ignored

\AtBegShi@Output ...ipout \box \AtBeginShipoutBox 
                                                  \fi \fi 
l.1410 
       pdfTeX warning (ext4): destination with the same identifier (name{table.
W.2}) has been already used, duplicate ignored

\AtBegShi@Output ...ipout \box \AtBeginShipoutBox 
                                                  \fi \fi 
l.1410 
       ]
Underfull \hbox (badness 10000) in paragraph at lines 1435--1435
[]|\T1/lmr/m/n/10.95 Weather
 []


Underfull \hbox (badness 10000) in paragraph at lines 1435--1435
[]|\T1/lmr/m/n/10.95 Unit de-
 []


Underfull \hbox (badness 10000) in paragraph at lines 1435--1435
\T1/lmr/m/n/10.95 mand
 []


Underfull \hbox (badness 10000) in paragraph at lines 1435--1435
[]|\T1/lmr/m/n/10.95 Heating
 []


Underfull \hbox (badness 10000) in paragraph at lines 1435--1435
[]|\T1/lmr/m/n/10.95 Heat Gain
 []


Underfull \hbox (badness 10000) in paragraph at lines 1452--1452
[]|\T1/lmr/m/n/10 Window
 []


Underfull \hbox (badness 10000) in paragraph at lines 1452--1452
[]|\T1/lmr/m/n/10 Solar
 []


Underfull \hbox (badness 10000) in paragraph at lines 1452--1452
\T1/lmr/m/n/10 Gain
 []


Underfull \hbox (badness 10000) in paragraph at lines 1452--1452
[]|\T1/lmr/m/n/10 Solar
 []


Underfull \hbox (badness 10000) in paragraph at lines 1452--1452
\T1/lmr/m/n/10 Gain
 []


Overfull \hbox (10.94962pt too wide) in paragraph at lines 1448--1467
 [][][] 
 []

[5pdfTeX warning (ext4): destination with the same identifier (name{table.W.3})
 has been already used, duplicate ignored

\AtBegShi@Output ...ipout \box \AtBeginShipoutBox 
                                                  \fi \fi 
l.1469 		\newpage
                 pdfTeX warning (ext4): destination with the same identifier (n
ame{table.W.4}) has been already used, duplicate ignored

\AtBegShi@Output ...ipout \box \AtBeginShipoutBox 
                                                  \fi \fi 
l.1469 		\newpage
                 pdfTeX warning (ext4): destination with the same identifier (n
ame{table.W.5}) has been already used, duplicate ignored

\AtBegShi@Output ...ipout \box \AtBeginShipoutBox 
                                                  \fi \fi 
l.1469 		\newpage
                 ]
Underfull \hbox (badness 10000) in paragraph at lines 1481--1481
[]|\T1/lmr/m/n/10.95 Loss
 []


Underfull \hbox (badness 10000) in paragraph at lines 1472--1501

 []


Overfull \hbox (3.05565pt too wide) in paragraph at lines 1518--1518
[]|\T1/lmr/m/n/10 Ventilation
 []


Overfull \hbox (3.05565pt too wide) in paragraph at lines 1519--1519
[]|\T1/lmr/m/n/10 Ventilation
 []


Overfull \hbox (23.01596pt too wide) in paragraph at lines 1510--1523
 [][][] 
 []


Underfull \hbox (badness 10000) in paragraph at lines 1504--1523

 []

[6pdfTeX warning (ext4): destination with the same identifier (name{table.W.6})
 has been already used, duplicate ignored

\AtBegShi@Output ...ipout \box \AtBeginShipoutBox 
                                                  \fi \fi 
l.1524 
       pdfTeX warning (ext4): destination with the same identifier (name{table.
W.7}) has been already used, duplicate ignored

\AtBegShi@Output ...ipout \box \AtBeginShipoutBox 
                                                  \fi \fi 
l.1524 
       ]
Underfull \hbox (badness 10000) in paragraph at lines 1526--1527

 []


Underfull \hbox (badness 10000) in paragraph at lines 1537--1537
[]|\T1/lmr/m/n/10 Loss
 []


Underfull \hbox (badness 10000) in paragraph at lines 1537--1537
[]|\T1/lmr/m/n/10 Loss
 []


Underfull \hbox (badness 10000) in paragraph at lines 1569--1584

 []


Underfull \hbox (badness 10000) in paragraph at lines 1596--1596
[]|\T1/lmr/m/n/10.95 Weather
 []


Underfull \hbox (badness 10000) in paragraph at lines 1587--1603

 []

[7pdfTeX warning (ext4): destination with the same identifier (name{table.W.8})
 has been already used, duplicate ignored

\AtBegShi@Output ...ipout \box \AtBeginShipoutBox 
                                                  \fi \fi 
l.1604 
       pdfTeX warning (ext4): destination with the same identifier (name{table.
W.9}) has been already used, duplicate ignored

\AtBegShi@Output ...ipout \box \AtBeginShipoutBox 
                                                  \fi \fi 
l.1604 
       pdfTeX warning (ext4): destination with the same identifier (name{table.
W.10}) has been already used, duplicate ignored

\AtBegShi@Output ...ipout \box \AtBeginShipoutBox 
                                                  \fi \fi 
l.1604 
       ]
Underfull \hbox (badness 10000) in paragraph at lines 1607--1608

 []


Overfull \hbox (6.69144pt too wide) in paragraph at lines 1616--1616
[]|\T1/lmr/m/n/10.95 Window 
 []


Overfull \hbox (14.1435pt too wide) in paragraph at lines 1616--1616
[]|\T1/lmr/m/n/10.95 Radiation 
 []


Overfull \hbox (14.1435pt too wide) in paragraph at lines 1616--1616
[]|\T1/lmr/m/n/10.95 Radiation 
 []


Underfull \hbox (badness 10000) in paragraph at lines 1616--1616
[]|\T1/lmr/m/n/10.95 Solar
 []


Underfull \hbox (badness 10000) in paragraph at lines 1616--1616
[]|\T1/lmr/m/n/10.95 Solar
 []


Overfull \hbox (5.16983pt too wide) in paragraph at lines 1612--1632
 [][][] 
 []

[8pdfTeX warning (ext4): destination with the same identifier (name{table.W.11}
) has been already used, duplicate ignored

\AtBegShi@Output ...ipout \box \AtBeginShipoutBox 
                                                  \fi \fi 
l.1633  \cleardoublepage
                        pdfTeX warning (ext4): destination with the same identi
fier (name{table.W.12}) has been already used, duplicate ignored

\AtBegShi@Output ...ipout \box \AtBeginShipoutBox 
                                                  \fi \fi 
l.1633  \cleardoublepage
                        ]
Package atveryend Info: Empty hook `BeforeClearDocument' on input line 1639.
Package atveryend Info: Empty hook `AfterLastShipout' on input line 1639.
 (Thesis.aux)
Package atveryend Info: Executing hook `AtVeryEndDocument' on input line 1639.
Package atveryend Info: Executing hook `AtEndAfterFileList' on input line 1639.

Package rerunfilecheck Info: File `Thesis.out' has not changed.
(rerunfilecheck)             Checksum: CE2A5219FD3272533FF13AFA546181E7;3362.


LaTeX Warning: There were undefined references.

Package atveryend Info: Empty hook `AtVeryVeryEnd' on input line 1639.
 ) 
Here is how much of TeX's memory you used:
 19074 strings out of 492970
 356465 string characters out of 3125705
 432057 words of memory out of 3000000
 22290 multiletter control sequences out of 15000+200000
 90454 words of font info for 69 fonts, out of 3000000 for 9000
 1141 hyphenation exceptions out of 8191
 68i,19n,76p,1562b,712s stack positions out of 5000i,500n,10000p,200000b,50000s
{C:/Users/he_ying/AppData/Local/Programs/MiKTeX 2.9/fonts/enc/dvips/lm/lm-mat
hit.enc}{C:/Users/he_ying/AppData/Local/Programs/MiKTeX 2.9/fonts/enc/dvips/lm/
lm-ec.enc}{C:/Users/he_ying/AppData/Local/Programs/MiKTeX 2.9/fonts/enc/dvips/l
m/lm-rm.enc}{C:/Users/he_ying/AppData/Local/Programs/MiKTeX 2.9/fonts/enc/dvips
/lm/lm-mathex.enc}{C:/Users/he_ying/AppData/Local/Programs/MiKTeX 2.9/fonts/enc
/dvips/lm/lm-mathsy.enc}<C:/Users/he_ying/AppData/Local/Programs/MiKTeX 2.9/fon
ts/type1/public/lm/lmbx10.pfb><C:/Users/he_ying/AppData/Local/Programs/MiKTeX 2
.9/fonts/type1/public/lm/lmbx12.pfb><C:/Users/he_ying/AppData/Local/Programs/Mi
KTeX 2.9/fonts/type1/public/lm/lmcsc10.pfb><C:/Users/he_ying/AppData/Local/Prog
rams/MiKTeX 2.9/fonts/type1/public/lm/lmex10.pfb><C:/Users/he_ying/AppData/Loca
l/Programs/MiKTeX 2.9/fonts/type1/public/lm/lmmi10.pfb><C:/Users/he_ying/AppDat
a/Local/Programs/MiKTeX 2.9/fonts/type1/public/lm/lmmi6.pfb><C:/Users/he_ying/A
ppData/Local/Programs/MiKTeX 2.9/fonts/type1/public/lm/lmmi7.pfb><C:/Users/he_y
ing/AppData/Local/Programs/MiKTeX 2.9/fonts/type1/public/lm/lmmi8.pfb><C:/Users
/he_ying/AppData/Local/Programs/MiKTeX 2.9/fonts/type1/public/lm/lmr10.pfb><C:/
Users/he_ying/AppData/Local/Programs/MiKTeX 2.9/fonts/type1/public/lm/lmr12.pfb
><C:/Users/he_ying/AppData/Local/Programs/MiKTeX 2.9/fonts/type1/public/lm/lmr6
.pfb><C:/Users/he_ying/AppData/Local/Programs/MiKTeX 2.9/fonts/type1/public/lm/
lmr7.pfb><C:/Users/he_ying/AppData/Local/Programs/MiKTeX 2.9/fonts/type1/public
/lm/lmr8.pfb><C:/Users/he_ying/AppData/Local/Programs/MiKTeX 2.9/fonts/type1/pu
blic/lm/lmri10.pfb><C:/Users/he_ying/AppData/Local/Programs/MiKTeX 2.9/fonts/ty
pe1/public/lm/lmsy10.pfb><C:/Users/he_ying/AppData/Local/Programs/MiKTeX 2.9/fo
nts/type1/public/lm/lmtt10.pfb>
Output written on Thesis.pdf (64 pages, 5084075 bytes).
PDF statistics:
 986 PDF objects out of 1000 (max. 8388607)
 219 named destinations out of 1000 (max. 500000)
 631 words of extra memory for PDF output out of 10000 (max. 10000000)

