This is pdfTeX, Version 3.14159265-2.6-1.40.19 (MiKTeX 2.9.6800 64-bit) (preloaded format=pdflatex 2018.9.16)  6 OCT 2018 21:19
entering extended mode
**"./Draft 30Sep.tex"
("Draft 30Sep.tex"
LaTeX2e <2018-04-01> patch level 5
("C:\Program Files\MiKTeX 2.9\tex\latex\base\article.cls"
Document Class: article 2014/09/29 v1.4h Standard LaTeX document class
("C:\Program Files\MiKTeX 2.9\tex\latex\base\size11.clo"
File: size11.clo 2014/09/29 v1.4h Standard LaTeX file (size option)
)
\c@part=\count80
\c@section=\count81
\c@subsection=\count82
\c@subsubsection=\count83
\c@paragraph=\count84
\c@subparagraph=\count85
\c@figure=\count86
\c@table=\count87
\abovecaptionskip=\skip41
\belowcaptionskip=\skip42
\bibindent=\dimen102
)
("C:\Program Files\MiKTeX 2.9\tex\latex\amsmath\amsmath.sty"
Package: amsmath 2017/09/02 v2.17a AMS math features
\@mathmargin=\skip43

For additional information on amsmath, use the `?' option.
("C:\Program Files\MiKTeX 2.9\tex\latex\amsmath\amstext.sty"
Package: amstext 2000/06/29 v2.01 AMS text

("C:\Program Files\MiKTeX 2.9\tex\latex\amsmath\amsgen.sty"
File: amsgen.sty 1999/11/30 v2.0 generic functions
\@emptytoks=\toks14
\ex@=\dimen103
))
("C:\Program Files\MiKTeX 2.9\tex\latex\amsmath\amsbsy.sty"
Package: amsbsy 1999/11/29 v1.2d Bold Symbols
\pmbraise@=\dimen104
)
("C:\Program Files\MiKTeX 2.9\tex\latex\amsmath\amsopn.sty"
Package: amsopn 2016/03/08 v2.02 operator names
)
\inf@bad=\count88
LaTeX Info: Redefining \frac on input line 213.
\uproot@=\count89
\leftroot@=\count90
LaTeX Info: Redefining \overline on input line 375.
\classnum@=\count91
\DOTSCASE@=\count92
LaTeX Info: Redefining \ldots on input line 472.
LaTeX Info: Redefining \dots on input line 475.
LaTeX Info: Redefining \cdots on input line 596.
\Mathstrutbox@=\box26
\strutbox@=\box27
\big@size=\dimen105
LaTeX Font Info:    Redeclaring font encoding OML on input line 712.
LaTeX Font Info:    Redeclaring font encoding OMS on input line 713.
\macc@depth=\count93
\c@MaxMatrixCols=\count94
\dotsspace@=\muskip10
\c@parentequation=\count95
\dspbrk@lvl=\count96
\tag@help=\toks15
\row@=\count97
\column@=\count98
\maxfields@=\count99
\andhelp@=\toks16
\eqnshift@=\dimen106
\alignsep@=\dimen107
\tagshift@=\dimen108
\tagwidth@=\dimen109
\totwidth@=\dimen110
\lineht@=\dimen111
\@envbody=\toks17
\multlinegap=\skip44
\multlinetaggap=\skip45
\mathdisplay@stack=\toks18
LaTeX Info: Redefining \[ on input line 2817.
LaTeX Info: Redefining \] on input line 2818.
)
("C:\Program Files\MiKTeX 2.9\tex\latex\amsfonts\amssymb.sty"
Package: amssymb 2013/01/14 v3.01 AMS font symbols

("C:\Program Files\MiKTeX 2.9\tex\latex\amsfonts\amsfonts.sty"
Package: amsfonts 2013/01/14 v3.01 Basic AMSFonts support
\symAMSa=\mathgroup4
\symAMSb=\mathgroup5
LaTeX Font Info:    Overwriting math alphabet `\mathfrak' in version `bold'
(Font)                  U/euf/m/n --> U/euf/b/n on input line 106.
))
("C:\Program Files\MiKTeX 2.9\tex\latex\amscls\amsthm.sty"
Package: amsthm 2017/10/31 v2.20.4
\thm@style=\toks19
\thm@bodyfont=\toks20
\thm@headfont=\toks21
\thm@notefont=\toks22
\thm@headpunct=\toks23
\thm@preskip=\skip46
\thm@postskip=\skip47
\thm@headsep=\skip48
\dth@everypar=\toks24
)
("C:\Program Files\MiKTeX 2.9\tex\latex\graphics\epsfig.sty"
Package: epsfig 2017/06/25 v1.7b (e)psfig emulation (SPQR)

("C:\Program Files\MiKTeX 2.9\tex\latex\graphics\graphicx.sty"
Package: graphicx 2017/06/01 v1.1a Enhanced LaTeX Graphics (DPC,SPQR)

("C:\Program Files\MiKTeX 2.9\tex\latex\graphics\keyval.sty"
Package: keyval 2014/10/28 v1.15 key=value parser (DPC)
\KV@toks@=\toks25
)
("C:\Program Files\MiKTeX 2.9\tex\latex\graphics\graphics.sty"
Package: graphics 2017/06/25 v1.2c Standard LaTeX Graphics (DPC,SPQR)

("C:\Program Files\MiKTeX 2.9\tex\latex\graphics\trig.sty"
Package: trig 2016/01/03 v1.10 sin cos tan (DPC)
)
("C:\Program Files\MiKTeX 2.9\tex\latex\graphics-cfg\graphics.cfg"
File: graphics.cfg 2016/06/04 v1.11 sample graphics configuration
)
Package graphics Info: Driver file: pdftex.def on input line 99.

("C:\Program Files\MiKTeX 2.9\tex\latex\graphics-def\pdftex.def"
File: pdftex.def 2018/01/08 v1.0l Graphics/color driver for pdftex
))
\Gin@req@height=\dimen112
\Gin@req@width=\dimen113
)
\epsfxsize=\dimen114
\epsfysize=\dimen115
)
("C:\Program Files\MiKTeX 2.9\tex\latex\geometry\geometry.sty"
Package: geometry 2018/04/16 v5.8 Page Geometry

("C:\Program Files\MiKTeX 2.9\tex\generic\oberdiek\ifpdf.sty"
Package: ifpdf 2018/09/07 v3.3 Provides the ifpdf switch
)
("C:\Program Files\MiKTeX 2.9\tex\generic\oberdiek\ifvtex.sty"
Package: ifvtex 2016/05/16 v1.6 Detect VTeX and its facilities (HO)
Package ifvtex Info: VTeX not detected.
)
("C:\Program Files\MiKTeX 2.9\tex\generic\ifxetex\ifxetex.sty"
Package: ifxetex 2010/09/12 v0.6 Provides ifxetex conditional
)
\Gm@cnth=\count100
\Gm@cntv=\count101
\c@Gm@tempcnt=\count102
\Gm@bindingoffset=\dimen116
\Gm@wd@mp=\dimen117
\Gm@odd@mp=\dimen118
\Gm@even@mp=\dimen119
\Gm@layoutwidth=\dimen120
\Gm@layoutheight=\dimen121
\Gm@layouthoffset=\dimen122
\Gm@layoutvoffset=\dimen123
\Gm@dimlist=\toks26

("C:\Program Files\MiKTeX 2.9\tex\latex\geometry\geometry.cfg"))
(C:\Users\Doris\AppData\Roaming\MiKTeX\2.9\tex\latex\enumitem\enumitem.sty
Package: enumitem 2011/09/28 v3.5.2 Customized lists
\labelindent=\skip49
\enit@outerparindent=\dimen124
\enit@toks=\toks27
\enit@inbox=\box28
\enitdp@description=\count103
)
("C:\Program Files\MiKTeX 2.9\tex\latex\multirow\multirow.sty"
Package: multirow 2018/08/03 v2.3 Span multiple rows of a table
\multirow@colwidth=\skip50
\multirow@cntb=\count104
\multirow@dima=\skip51
\bigstrutjot=\dimen125
)
(C:\Users\Doris\AppData\Roaming\MiKTeX\2.9\tex\latex\booktabs\booktabs.sty
Package: booktabs 2005/04/14 v1.61803 publication quality tables
\heavyrulewidth=\dimen126
\lightrulewidth=\dimen127
\cmidrulewidth=\dimen128
\belowrulesep=\dimen129
\belowbottomsep=\dimen130
\aboverulesep=\dimen131
\abovetopsep=\dimen132
\cmidrulesep=\dimen133
\cmidrulekern=\dimen134
\defaultaddspace=\dimen135
\@cmidla=\count105
\@cmidlb=\count106
\@aboverulesep=\dimen136
\@belowrulesep=\dimen137
\@thisruleclass=\count107
\@lastruleclass=\count108
\@thisrulewidth=\dimen138
)
(C:\Users\Doris\AppData\Roaming\MiKTeX\2.9\tex\latex\xcolor\xcolor.sty
Package: xcolor 2016/05/11 v2.12 LaTeX color extensions (UK)

("C:\Program Files\MiKTeX 2.9\tex\latex\graphics-cfg\color.cfg"
File: color.cfg 2016/01/02 v1.6 sample color configuration
)
Package xcolor Info: Package option `usenames' ignored on input line 216.
Package xcolor Info: Driver file: pdftex.def on input line 225.
Package xcolor Info: Model `cmy' substituted by `cmy0' on input line 1348.
Package xcolor Info: Model `hsb' substituted by `rgb' on input line 1352.
Package xcolor Info: Model `RGB' extended on input line 1364.
Package xcolor Info: Model `HTML' substituted by `rgb' on input line 1366.
Package xcolor Info: Model `Hsb' substituted by `hsb' on input line 1367.
Package xcolor Info: Model `tHsb' substituted by `hsb' on input line 1368.
Package xcolor Info: Model `HSB' substituted by `hsb' on input line 1369.
Package xcolor Info: Model `Gray' substituted by `gray' on input line 1370.
Package xcolor Info: Model `wave' substituted by `hsb' on input line 1371.

("C:\Program Files\MiKTeX 2.9\tex\latex\graphics\dvipsnam.def"
File: dvipsnam.def 2016/06/17 v3.0m Driver-dependent file (DPC,SPQR)
))
("C:\Program Files\MiKTeX 2.9\tex\latex\base\inputenc.sty"
Package: inputenc 2018/04/06 v1.3b Input encoding file
\inpenc@prehook=\toks28
\inpenc@posthook=\toks29
)
(C:\Users\Doris\AppData\Roaming\MiKTeX\2.9\tex\latex\csquotes\csquotes.sty
Package: csquotes 2018/04/13 v5.2d context-sensitive quotations (JAW)

(C:\Users\Doris\AppData\Roaming\MiKTeX\2.9\tex\latex\etoolbox\etoolbox.sty
Package: etoolbox 2018/08/19 v2.5f e-TeX tools for LaTeX (JAW)
\etb@tempcnta=\count109
)
\csq@reset=\count110
\csq@gtype=\count111
\csq@glevel=\count112
\csq@qlevel=\count113
\csq@maxlvl=\count114
\csq@tshold=\count115
\csq@ltx@everypar=\toks30

(C:\Users\Doris\AppData\Roaming\MiKTeX\2.9\tex\latex\csquotes\csquotes.def
File: csquotes.def 2018/04/13 v5.2d csquotes generic definitions (JAW)
)
Package csquotes Info: Trying to load configuration file 'csquotes.cfg'...
Package csquotes Info: ... configuration file loaded successfully.

(C:\Users\Doris\AppData\Roaming\MiKTeX\2.9\tex\latex\csquotes\csquotes.cfg
File: csquotes.cfg 
))
("C:\Program Files\MiKTeX 2.9\tex\generic\babel\babel.sty"
Package: babel 2018/09/02 3.23 The Babel package

("C:\Program Files\MiKTeX 2.9\tex\generic\babel\switch.def"
File: switch.def 2018/09/02 3.23 Babel switching mechanism
)
*************************************
* Local config file bblopts.cfg used
*
(C:\Users\Doris\AppData\Roaming\MiKTeX\2.9\tex\latex\arabi\bblopts.cfg
File: bblopts.cfg 2005/09/08 v0.1 add Arabic and Farsi to "declared" options of
 babel
)
("C:\Program Files\MiKTeX 2.9\tex\latex\babel-english\english.ldf"
Language: english 2017/06/06 v3.3r English support from the babel system

("C:\Program Files\MiKTeX 2.9\tex\generic\babel\babel.def"
File: babel.def 2018/09/02 3.23 Babel common definitions
\babel@savecnt=\count116
\U@D=\dimen139

("C:\Program Files\MiKTeX 2.9\tex\generic\babel\txtbabel.def")
\bbl@dirlevel=\count117
)
\l@canadian = a dialect from \language\l@american 
\l@australian = a dialect from \language\l@british 
\l@newzealand = a dialect from \language\l@british 
))
(C:\Users\Doris\AppData\Roaming\MiKTeX\2.9\tex\latex\biblatex\biblatex.sty
Package: biblatex 2018/03/04 v3.11 programmable bibliographies (PK/MW)

("C:\Program Files\MiKTeX 2.9\tex\generic\oberdiek\pdftexcmds.sty"
Package: pdftexcmds 2018/09/10 v0.29 Utility functions of pdfTeX for LuaTeX (HO
)

("C:\Program Files\MiKTeX 2.9\tex\generic\oberdiek\infwarerr.sty"
Package: infwarerr 2016/05/16 v1.4 Providing info/warning/error messages (HO)
)
("C:\Program Files\MiKTeX 2.9\tex\generic\oberdiek\ifluatex.sty"
Package: ifluatex 2016/05/16 v1.4 Provides the ifluatex switch (HO)
Package ifluatex Info: LuaTeX not detected.
)
("C:\Program Files\MiKTeX 2.9\tex\generic\oberdiek\ltxcmds.sty"
Package: ltxcmds 2016/05/16 v1.23 LaTeX kernel commands for general use (HO)
)
Package pdftexcmds Info: LuaTeX not detected.
Package pdftexcmds Info: \pdf@primitive is available.
Package pdftexcmds Info: \pdf@ifprimitive is available.
Package pdftexcmds Info: \pdfdraftmode found.
)
("C:\Program Files\MiKTeX 2.9\tex\latex\oberdiek\kvoptions.sty"
Package: kvoptions 2016/05/16 v3.12 Key value format for package options (HO)

("C:\Program Files\MiKTeX 2.9\tex\generic\oberdiek\kvsetkeys.sty"
Package: kvsetkeys 2016/05/16 v1.17 Key value parser (HO)

("C:\Program Files\MiKTeX 2.9\tex\generic\oberdiek\etexcmds.sty"
Package: etexcmds 2016/05/16 v1.6 Avoid name clashes with e-TeX commands (HO)
Package etexcmds Info: Could not find \expanded.
(etexcmds)             That can mean that you are not using pdfTeX 1.50 or
(etexcmds)             that some package has redefined \expanded.
(etexcmds)             In the latter case, load this package earlier.
)))
(C:\Users\Doris\AppData\Roaming\MiKTeX\2.9\tex\latex\logreq\logreq.sty
Package: logreq 2010/08/04 v1.0 xml request logger
\lrq@indent=\count118

(C:\Users\Doris\AppData\Roaming\MiKTeX\2.9\tex\latex\logreq\logreq.def
File: logreq.def 2010/08/04 v1.0 logreq spec v1.0
))
("C:\Program Files\MiKTeX 2.9\tex\latex\base\ifthen.sty"
Package: ifthen 2014/09/29 v1.1c Standard LaTeX ifthen package (DPC)
)
(C:\Users\Doris\AppData\Roaming\MiKTeX\2.9\tex\latex\url\url.sty
\Urlmuskip=\muskip11
Package: url 2013/09/16  ver 3.4  Verb mode for urls, etc.
)
(C:\Users\Doris\AppData\Roaming\MiKTeX\2.9\tex\latex\xstring\xstring.sty
(C:\Users\Doris\AppData\Roaming\MiKTeX\2.9\tex\generic\xstring\xstring.tex
\@xs@message=\write3
\integerpart=\count119
\decimalpart=\count120
)
Package: xstring 2013/10/13  v1.7c  String manipulations (C Tellechea)
)
\c@tabx@nest=\count121
\c@listtotal=\count122
\c@listcount=\count123
\c@liststart=\count124
\c@liststop=\count125
\c@citecount=\count126
\c@citetotal=\count127
\c@multicitecount=\count128
\c@multicitetotal=\count129
\c@instcount=\count130
\c@maxnames=\count131
\c@minnames=\count132
\c@maxitems=\count133
\c@minitems=\count134
\c@citecounter=\count135
\c@savedcitecounter=\count136
\c@uniquelist=\count137
\c@uniquename=\count138
\c@refsection=\count139
\c@refsegment=\count140
\c@maxextratitle=\count141
\c@maxextratitleyear=\count142
\c@maxextradate=\count143
\c@maxextraalpha=\count144
\c@abbrvpenalty=\count145
\c@highnamepenalty=\count146
\c@lownamepenalty=\count147
\c@maxparens=\count148
\c@parenlevel=\count149
\blx@tempcnta=\count150
\blx@tempcntb=\count151
\blx@tempcntc=\count152
\blx@maxsection=\count153
\blx@maxsegment@0=\count154
\blx@notetype=\count155
\blx@parenlevel@text=\count156
\blx@parenlevel@foot=\count157
\blx@sectionciteorder@0=\count158
\labelnumberwidth=\skip52
\labelalphawidth=\skip53
\biblabelsep=\skip54
\bibitemsep=\skip55
\bibnamesep=\skip56
\bibinitsep=\skip57
\bibparsep=\skip58
\bibhang=\skip59
\blx@bcfin=\read1
\blx@bcfout=\write4
\c@mincomprange=\count159
\c@maxcomprange=\count160
\c@mincompwidth=\count161
Package biblatex Info: Trying to load biblatex default data model...
Package biblatex Info: ... file 'blx-dm.def' found.

(C:\Users\Doris\AppData\Roaming\MiKTeX\2.9\tex\latex\biblatex\blx-dm.def
File: blx-dm.def 2018/03/04 v3.11 biblatex localization (PK/MW)
)
Package biblatex Info: Trying to load biblatex style data model...
Package biblatex Info: ... file 'numeric.dbx' not found.
Package biblatex Info: Trying to load biblatex custom data model...
Package biblatex Info: ... file 'biblatex-dm.cfg' not found.
\c@afterword=\count162
\c@savedafterword=\count163
\c@annotator=\count164
\c@savedannotator=\count165
\c@author=\count166
\c@savedauthor=\count167
\c@bookauthor=\count168
\c@savedbookauthor=\count169
\c@commentator=\count170
\c@savedcommentator=\count171
\c@editor=\count172
\c@savededitor=\count173
\c@editora=\count174
\c@savededitora=\count175
\c@editorb=\count176
\c@savededitorb=\count177
\c@editorc=\count178
\c@savededitorc=\count179
\c@foreword=\count180
\c@savedforeword=\count181
\c@holder=\count182
\c@savedholder=\count183
\c@introduction=\count184
\c@savedintroduction=\count185
\c@namea=\count186
\c@savednamea=\count187
\c@nameb=\count188
\c@savednameb=\count189
\c@namec=\count190
\c@savednamec=\count191
\c@translator=\count192
\c@savedtranslator=\count193
\c@shortauthor=\count194
\c@savedshortauthor=\count195
\c@shorteditor=\count196
\c@savedshorteditor=\count197
\c@labelname=\count198
\c@savedlabelname=\count199
\c@institution=\count266
\c@savedinstitution=\count267
\c@lista=\count268
\c@savedlista=\count269
\c@listb=\count270
\c@savedlistb=\count271
\c@listc=\count272
\c@savedlistc=\count273
\c@listd=\count274
\c@savedlistd=\count275
\c@liste=\count276
\c@savedliste=\count277
\c@listf=\count278
\c@savedlistf=\count279
\c@location=\count280
\c@savedlocation=\count281
\c@organization=\count282
\c@savedorganization=\count283
\c@origlocation=\count284
\c@savedoriglocation=\count285
\c@origpublisher=\count286
\c@savedorigpublisher=\count287
\c@publisher=\count288
\c@savedpublisher=\count289
\c@language=\count290
\c@savedlanguage=\count291
\c@origlanguage=\count292
\c@savedoriglanguage=\count293
\c@pageref=\count294
\c@savedpageref=\count295
\shorthandwidth=\skip60
\shortjournalwidth=\skip61
\shortserieswidth=\skip62
\shorttitlewidth=\skip63
\shortauthorwidth=\skip64
\shorteditorwidth=\skip65
\locallabelnumberwidth=\skip66
\locallabelalphawidth=\skip67
\localshorthandwidth=\skip68
\localshortjournalwidth=\skip69
\localshortserieswidth=\skip70
\localshorttitlewidth=\skip71
\localshortauthorwidth=\skip72
\localshorteditorwidth=\skip73
Package biblatex Info: Trying to load compatibility code...
Package biblatex Info: ... file 'blx-compat.def' found.

(C:\Users\Doris\AppData\Roaming\MiKTeX\2.9\tex\latex\biblatex\blx-compat.def
File: blx-compat.def 2018/03/04 v3.11 biblatex compatibility (PK/MW)
)
Package biblatex Info: Trying to load generic definitions...
Package biblatex Info: ... file 'biblatex.def' found.

(C:\Users\Doris\AppData\Roaming\MiKTeX\2.9\tex\latex\biblatex\biblatex.def
File: biblatex.def 2018/03/04 v3.11 biblatex compatibility (PK/MW)
\c@textcitecount=\count296
\c@textcitetotal=\count297
\c@textcitemaxnames=\count298
\c@biburlnumpenalty=\count299
\c@biburlucpenalty=\count300
\c@biburllcpenalty=\count301
\c@smartand=\count302
)
Package biblatex Info: Trying to load bibliography style 'numeric'...
Package biblatex Info: ... file 'numeric.bbx' found.

(C:\Users\Doris\AppData\Roaming\MiKTeX\2.9\tex\latex\biblatex\bbx\numeric.bbx
File: numeric.bbx 2018/03/04 v3.11 biblatex bibliography style (PK/MW)
Package biblatex Info: Trying to load bibliography style 'standard'...
Package biblatex Info: ... file 'standard.bbx' found.

(C:\Users\Doris\AppData\Roaming\MiKTeX\2.9\tex\latex\biblatex\bbx\standard.bbx
File: standard.bbx 2018/03/04 v3.11 biblatex bibliography style (PK/MW)
\c@bbx:relatedcount=\count303
\c@bbx:relatedtotal=\count304
))
Package biblatex Info: Trying to load citation style 'numeric'...
Package biblatex Info: ... file 'numeric.cbx' found.
 (C:\Users\Doris\AppData\Roaming\MiKTeX\2.9\tex\latex\biblatex\cbx\numeric.cbx
File: numeric.cbx 2018/03/04 v3.11 biblatex citation style (PK/MW)
Package biblatex Info: Redefining '\cite'.
Package biblatex Info: Redefining '\parencite'.
Package biblatex Info: Redefining '\footcite'.
Package biblatex Info: Redefining '\footcitetext'.
Package biblatex Info: Redefining '\smartcite'.
Package biblatex Info: Redefining '\supercite'.
Package biblatex Info: Redefining '\textcite'.
Package biblatex Info: Redefining '\textcites'.
Package biblatex Info: Redefining '\cites'.
Package biblatex Info: Redefining '\parencites'.
Package biblatex Info: Redefining '\smartcites'.
)
Package biblatex Info: Trying to load configuration file...
Package biblatex Info: ... file 'biblatex.cfg' found.
 (C:\Users\Doris\AppData\Roaming\MiKTeX\2.9\tex\latex\biblatex\biblatex.cfg
File: biblatex.cfg 
))
(C:\Users\Doris\AppData\Roaming\MiKTeX\2.9\tex\latex\pgf\frontendlayer\tikz.sty
(C:\Users\Doris\AppData\Roaming\MiKTeX\2.9\tex\latex\pgf\basiclayer\pgf.sty
(C:\Users\Doris\AppData\Roaming\MiKTeX\2.9\tex\latex\pgf\utilities\pgfrcs.sty
(C:\Users\Doris\AppData\Roaming\MiKTeX\2.9\tex\generic\pgf\utilities\pgfutil-co
mmon.tex
\pgfutil@everybye=\toks31
\pgfutil@tempdima=\dimen140
\pgfutil@tempdimb=\dimen141

(C:\Users\Doris\AppData\Roaming\MiKTeX\2.9\tex\generic\pgf\utilities\pgfutil-co
mmon-lists.tex))
(C:\Users\Doris\AppData\Roaming\MiKTeX\2.9\tex\generic\pgf\utilities\pgfutil-la
tex.def
\pgfutil@abb=\box29
 (C:\Users\Doris\AppData\Roaming\MiKTeX\2.9\tex\latex\ms\everyshi.sty
Package: everyshi 2001/05/15 v3.00 EveryShipout Package (MS)
))
(C:\Users\Doris\AppData\Roaming\MiKTeX\2.9\tex\generic\pgf\utilities\pgfrcs.cod
e.tex
Package: pgfrcs 2015/08/07 v3.0.1a (rcs-revision 1.31)
))
Package: pgf 2015/08/07 v3.0.1a (rcs-revision 1.15)

(C:\Users\Doris\AppData\Roaming\MiKTeX\2.9\tex\latex\pgf\basiclayer\pgfcore.sty

(C:\Users\Doris\AppData\Roaming\MiKTeX\2.9\tex\latex\pgf\systemlayer\pgfsys.sty

(C:\Users\Doris\AppData\Roaming\MiKTeX\2.9\tex\generic\pgf\systemlayer\pgfsys.c
ode.tex
Package: pgfsys 2014/07/09 v3.0.1a (rcs-revision 1.48)

(C:\Users\Doris\AppData\Roaming\MiKTeX\2.9\tex\generic\pgf\utilities\pgfkeys.co
de.tex
\pgfkeys@pathtoks=\toks32
\pgfkeys@temptoks=\toks33

(C:\Users\Doris\AppData\Roaming\MiKTeX\2.9\tex\generic\pgf\utilities\pgfkeysfil
tered.code.tex
\pgfkeys@tmptoks=\toks34
))
\pgf@x=\dimen142
\pgf@y=\dimen143
\pgf@xa=\dimen144
\pgf@ya=\dimen145
\pgf@xb=\dimen146
\pgf@yb=\dimen147
\pgf@xc=\dimen148
\pgf@yc=\dimen149
\w@pgf@writea=\write5
\r@pgf@reada=\read2
\c@pgf@counta=\count305
\c@pgf@countb=\count306
\c@pgf@countc=\count307
\c@pgf@countd=\count308
\t@pgf@toka=\toks35
\t@pgf@tokb=\toks36
\t@pgf@tokc=\toks37

(C:\Users\Doris\AppData\Roaming\MiKTeX\2.9\tex\generic\pgf\systemlayer\pgf.cfg
File: pgf.cfg 2008/05/14  (rcs-revision 1.7)
)
Driver file for pgf: pgfsys-pdftex.def

(C:\Users\Doris\AppData\Roaming\MiKTeX\2.9\tex\generic\pgf\systemlayer\pgfsys-p
dftex.def
File: pgfsys-pdftex.def 2014/10/11  (rcs-revision 1.35)

(C:\Users\Doris\AppData\Roaming\MiKTeX\2.9\tex\generic\pgf\systemlayer\pgfsys-c
ommon-pdf.def
File: pgfsys-common-pdf.def 2013/10/10  (rcs-revision 1.13)
)))
(C:\Users\Doris\AppData\Roaming\MiKTeX\2.9\tex\generic\pgf\systemlayer\pgfsysso
ftpath.code.tex
File: pgfsyssoftpath.code.tex 2013/09/09  (rcs-revision 1.9)
\pgfsyssoftpath@smallbuffer@items=\count309
\pgfsyssoftpath@bigbuffer@items=\count310
)
(C:\Users\Doris\AppData\Roaming\MiKTeX\2.9\tex\generic\pgf\systemlayer\pgfsyspr
otocol.code.tex
File: pgfsysprotocol.code.tex 2006/10/16  (rcs-revision 1.4)
))
(C:\Users\Doris\AppData\Roaming\MiKTeX\2.9\tex\generic\pgf\basiclayer\pgfcore.c
ode.tex
Package: pgfcore 2010/04/11 v3.0.1a (rcs-revision 1.7)

(C:\Users\Doris\AppData\Roaming\MiKTeX\2.9\tex\generic\pgf\math\pgfmath.code.te
x
(C:\Users\Doris\AppData\Roaming\MiKTeX\2.9\tex\generic\pgf\math\pgfmathcalc.cod
e.tex
(C:\Users\Doris\AppData\Roaming\MiKTeX\2.9\tex\generic\pgf\math\pgfmathutil.cod
e.tex)
(C:\Users\Doris\AppData\Roaming\MiKTeX\2.9\tex\generic\pgf\math\pgfmathparser.c
ode.tex
\pgfmath@dimen=\dimen150
\pgfmath@count=\count311
\pgfmath@box=\box30
\pgfmath@toks=\toks38
\pgfmath@stack@operand=\toks39
\pgfmath@stack@operation=\toks40
)
(C:\Users\Doris\AppData\Roaming\MiKTeX\2.9\tex\generic\pgf\math\pgfmathfunction
s.code.tex
(C:\Users\Doris\AppData\Roaming\MiKTeX\2.9\tex\generic\pgf\math\pgfmathfunction
s.basic.code.tex)
(C:\Users\Doris\AppData\Roaming\MiKTeX\2.9\tex\generic\pgf\math\pgfmathfunction
s.trigonometric.code.tex)
(C:\Users\Doris\AppData\Roaming\MiKTeX\2.9\tex\generic\pgf\math\pgfmathfunction
s.random.code.tex)
(C:\Users\Doris\AppData\Roaming\MiKTeX\2.9\tex\generic\pgf\math\pgfmathfunction
s.comparison.code.tex)
(C:\Users\Doris\AppData\Roaming\MiKTeX\2.9\tex\generic\pgf\math\pgfmathfunction
s.base.code.tex)
(C:\Users\Doris\AppData\Roaming\MiKTeX\2.9\tex\generic\pgf\math\pgfmathfunction
s.round.code.tex)
(C:\Users\Doris\AppData\Roaming\MiKTeX\2.9\tex\generic\pgf\math\pgfmathfunction
s.misc.code.tex)
(C:\Users\Doris\AppData\Roaming\MiKTeX\2.9\tex\generic\pgf\math\pgfmathfunction
s.integerarithmetics.code.tex)))
(C:\Users\Doris\AppData\Roaming\MiKTeX\2.9\tex\generic\pgf\math\pgfmathfloat.co
de.tex
\c@pgfmathroundto@lastzeros=\count312
))
(C:\Users\Doris\AppData\Roaming\MiKTeX\2.9\tex\generic\pgf\basiclayer\pgfcorepo
ints.code.tex
File: pgfcorepoints.code.tex 2013/10/07  (rcs-revision 1.27)
\pgf@picminx=\dimen151
\pgf@picmaxx=\dimen152
\pgf@picminy=\dimen153
\pgf@picmaxy=\dimen154
\pgf@pathminx=\dimen155
\pgf@pathmaxx=\dimen156
\pgf@pathminy=\dimen157
\pgf@pathmaxy=\dimen158
\pgf@xx=\dimen159
\pgf@xy=\dimen160
\pgf@yx=\dimen161
\pgf@yy=\dimen162
\pgf@zx=\dimen163
\pgf@zy=\dimen164
)
(C:\Users\Doris\AppData\Roaming\MiKTeX\2.9\tex\generic\pgf\basiclayer\pgfcorepa
thconstruct.code.tex
File: pgfcorepathconstruct.code.tex 2013/10/07  (rcs-revision 1.29)
\pgf@path@lastx=\dimen165
\pgf@path@lasty=\dimen166
)
(C:\Users\Doris\AppData\Roaming\MiKTeX\2.9\tex\generic\pgf\basiclayer\pgfcorepa
thusage.code.tex
File: pgfcorepathusage.code.tex 2014/11/02  (rcs-revision 1.24)
\pgf@shorten@end@additional=\dimen167
\pgf@shorten@start@additional=\dimen168
)
(C:\Users\Doris\AppData\Roaming\MiKTeX\2.9\tex\generic\pgf\basiclayer\pgfcoresc
opes.code.tex
File: pgfcorescopes.code.tex 2015/05/08  (rcs-revision 1.46)
\pgfpic=\box31
\pgf@hbox=\box32
\pgf@layerbox@main=\box33
\pgf@picture@serial@count=\count313
)
(C:\Users\Doris\AppData\Roaming\MiKTeX\2.9\tex\generic\pgf\basiclayer\pgfcoregr
aphicstate.code.tex
File: pgfcoregraphicstate.code.tex 2014/11/02  (rcs-revision 1.12)
\pgflinewidth=\dimen169
)
(C:\Users\Doris\AppData\Roaming\MiKTeX\2.9\tex\generic\pgf\basiclayer\pgfcoretr
ansformations.code.tex
File: pgfcoretransformations.code.tex 2015/08/07  (rcs-revision 1.20)
\pgf@pt@x=\dimen170
\pgf@pt@y=\dimen171
\pgf@pt@temp=\dimen172
)
(C:\Users\Doris\AppData\Roaming\MiKTeX\2.9\tex\generic\pgf\basiclayer\pgfcorequ
ick.code.tex
File: pgfcorequick.code.tex 2008/10/09  (rcs-revision 1.3)
)
(C:\Users\Doris\AppData\Roaming\MiKTeX\2.9\tex\generic\pgf\basiclayer\pgfcoreob
jects.code.tex
File: pgfcoreobjects.code.tex 2006/10/11  (rcs-revision 1.2)
)
(C:\Users\Doris\AppData\Roaming\MiKTeX\2.9\tex\generic\pgf\basiclayer\pgfcorepa
thprocessing.code.tex
File: pgfcorepathprocessing.code.tex 2013/09/09  (rcs-revision 1.9)
)
(C:\Users\Doris\AppData\Roaming\MiKTeX\2.9\tex\generic\pgf\basiclayer\pgfcorear
rows.code.tex
File: pgfcorearrows.code.tex 2015/05/14  (rcs-revision 1.43)
\pgfarrowsep=\dimen173
)
(C:\Users\Doris\AppData\Roaming\MiKTeX\2.9\tex\generic\pgf\basiclayer\pgfcoresh
ade.code.tex
File: pgfcoreshade.code.tex 2013/07/15  (rcs-revision 1.15)
\pgf@max=\dimen174
\pgf@sys@shading@range@num=\count314
)
(C:\Users\Doris\AppData\Roaming\MiKTeX\2.9\tex\generic\pgf\basiclayer\pgfcoreim
age.code.tex
File: pgfcoreimage.code.tex 2013/07/15  (rcs-revision 1.18)

(C:\Users\Doris\AppData\Roaming\MiKTeX\2.9\tex\generic\pgf\basiclayer\pgfcoreex
ternal.code.tex
File: pgfcoreexternal.code.tex 2014/07/09  (rcs-revision 1.21)
\pgfexternal@startupbox=\box34
))
(C:\Users\Doris\AppData\Roaming\MiKTeX\2.9\tex\generic\pgf\basiclayer\pgfcorela
yers.code.tex
File: pgfcorelayers.code.tex 2013/07/18  (rcs-revision 1.7)
)
(C:\Users\Doris\AppData\Roaming\MiKTeX\2.9\tex\generic\pgf\basiclayer\pgfcoretr
ansparency.code.tex
File: pgfcoretransparency.code.tex 2013/09/30  (rcs-revision 1.5)
)
(C:\Users\Doris\AppData\Roaming\MiKTeX\2.9\tex\generic\pgf\basiclayer\pgfcorepa
tterns.code.tex
File: pgfcorepatterns.code.tex 2013/11/07  (rcs-revision 1.5)
)))
(C:\Users\Doris\AppData\Roaming\MiKTeX\2.9\tex\generic\pgf\modules\pgfmodulesha
pes.code.tex
File: pgfmoduleshapes.code.tex 2014/03/21  (rcs-revision 1.35)
\pgfnodeparttextbox=\box35
)
(C:\Users\Doris\AppData\Roaming\MiKTeX\2.9\tex\generic\pgf\modules\pgfmoduleplo
t.code.tex
File: pgfmoduleplot.code.tex 2015/08/03  (rcs-revision 1.13)
)
(C:\Users\Doris\AppData\Roaming\MiKTeX\2.9\tex\latex\pgf\compatibility\pgfcomp-
version-0-65.sty
Package: pgfcomp-version-0-65 2007/07/03 v3.0.1a (rcs-revision 1.7)
\pgf@nodesepstart=\dimen175
\pgf@nodesepend=\dimen176
)
(C:\Users\Doris\AppData\Roaming\MiKTeX\2.9\tex\latex\pgf\compatibility\pgfcomp-
version-1-18.sty
Package: pgfcomp-version-1-18 2007/07/23 v3.0.1a (rcs-revision 1.1)
))
(C:\Users\Doris\AppData\Roaming\MiKTeX\2.9\tex\latex\pgf\utilities\pgffor.sty
(C:\Users\Doris\AppData\Roaming\MiKTeX\2.9\tex\latex\pgf\utilities\pgfkeys.sty
(C:\Users\Doris\AppData\Roaming\MiKTeX\2.9\tex\generic\pgf\utilities\pgfkeys.co
de.tex))
(C:\Users\Doris\AppData\Roaming\MiKTeX\2.9\tex\latex\pgf\math\pgfmath.sty
(C:\Users\Doris\AppData\Roaming\MiKTeX\2.9\tex\generic\pgf\math\pgfmath.code.te
x))
(C:\Users\Doris\AppData\Roaming\MiKTeX\2.9\tex\generic\pgf\utilities\pgffor.cod
e.tex
Package: pgffor 2013/12/13 v3.0.1a (rcs-revision 1.25)

(C:\Users\Doris\AppData\Roaming\MiKTeX\2.9\tex\generic\pgf\math\pgfmath.code.te
x)
\pgffor@iter=\dimen177
\pgffor@skip=\dimen178
\pgffor@stack=\toks41
\pgffor@toks=\toks42
))
(C:\Users\Doris\AppData\Roaming\MiKTeX\2.9\tex\generic\pgf\frontendlayer\tikz\t
ikz.code.tex
Package: tikz 2015/08/07 v3.0.1a (rcs-revision 1.151)

(C:\Users\Doris\AppData\Roaming\MiKTeX\2.9\tex\generic\pgf\libraries\pgflibrary
plothandlers.code.tex
File: pgflibraryplothandlers.code.tex 2013/08/31 v3.0.1a (rcs-revision 1.20)
\pgf@plot@mark@count=\count315
\pgfplotmarksize=\dimen179
)
\tikz@lastx=\dimen180
\tikz@lasty=\dimen181
\tikz@lastxsaved=\dimen182
\tikz@lastysaved=\dimen183
\tikzleveldistance=\dimen184
\tikzsiblingdistance=\dimen185
\tikz@figbox=\box36
\tikz@figbox@bg=\box37
\tikz@tempbox=\box38
\tikz@tempbox@bg=\box39
\tikztreelevel=\count316
\tikznumberofchildren=\count317
\tikznumberofcurrentchild=\count318
\tikz@fig@count=\count319

(C:\Users\Doris\AppData\Roaming\MiKTeX\2.9\tex\generic\pgf\modules\pgfmodulemat
rix.code.tex
File: pgfmodulematrix.code.tex 2013/09/17  (rcs-revision 1.8)
\pgfmatrixcurrentrow=\count320
\pgfmatrixcurrentcolumn=\count321
\pgf@matrix@numberofcolumns=\count322
)
\tikz@expandcount=\count323

(C:\Users\Doris\AppData\Roaming\MiKTeX\2.9\tex\generic\pgf\frontendlayer\tikz\l
ibraries\tikzlibrarytopaths.code.tex
File: tikzlibrarytopaths.code.tex 2008/06/17 v3.0.1a (rcs-revision 1.2)
)))
(C:\Users\Doris\AppData\Roaming\MiKTeX\2.9\tex\generic\pgf\frontendlayer\tikz\l
ibraries\tikzlibraryautomata.code.tex
File: tikzlibraryautomata.code.tex 2008/07/14 v3.0.1a (rcs-revision 1.3)

(C:\Users\Doris\AppData\Roaming\MiKTeX\2.9\tex\generic\pgf\frontendlayer\tikz\l
ibraries\tikzlibraryshapes.multipart.code.tex
File: tikzlibraryshapes.multipart.code.tex 2008/01/09 v3.0.1a (rcs-revision 1.1
)

(C:\Users\Doris\AppData\Roaming\MiKTeX\2.9\tex\generic\pgf\libraries\shapes\pgf
libraryshapes.multipart.code.tex
File: pgflibraryshapes.multipart.code.tex 2010/01/07 v3.0.1a (rcs-revision 1.2)

\pgfnodepartlowerbox=\box40
\pgfnodeparttwobox=\box41
\pgfnodepartthreebox=\box42
\pgfnodepartfourbox=\box43
\pgfnodeparttwentybox=\box44
\pgfnodepartnineteenbox=\box45
\pgfnodeparteighteenbox=\box46
\pgfnodepartseventeenbox=\box47
\pgfnodepartsixteenbox=\box48
\pgfnodepartfifteenbox=\box49
\pgfnodepartfourteenbox=\box50
\pgfnodepartthirteenbox=\box51
\pgfnodeparttwelvebox=\box52
\pgfnodepartelevenbox=\box53
\pgfnodeparttenbox=\box54
\pgfnodepartninebox=\box55
\pgfnodeparteightbox=\box56
\pgfnodepartsevenbox=\box57
\pgfnodepartsixbox=\box58
\pgfnodepartfivebox=\box59
)))
(C:\Users\Doris\AppData\Roaming\MiKTeX\2.9\tex\generic\pgf\frontendlayer\tikz\l
ibraries\tikzlibrarypositioning.code.tex
File: tikzlibrarypositioning.code.tex 2008/10/06 v3.0.1a (rcs-revision 1.7)
)
(C:\Users\Doris\AppData\Roaming\MiKTeX\2.9\tex\latex\caption\caption.sty
Package: caption 2018/05/01 v3.3-147 Customizing captions (AR)

(C:\Users\Doris\AppData\Roaming\MiKTeX\2.9\tex\latex\caption\caption3.sty
Package: caption3 2018/05/27 v1.8a caption3 kernel (AR)
Package caption3 Info: TeX engine: e-TeX on input line 64.
\captionmargin=\dimen186
\captionmargin@=\dimen187
\captionwidth=\dimen188
\caption@tempdima=\dimen189
\caption@indent=\dimen190
\caption@parindent=\dimen191
\caption@hangindent=\dimen192
)
\c@ContinuedFloat=\count324
)
(C:\Users\Doris\AppData\Roaming\MiKTeX\2.9\tex\latex\mathtools\mathtools.sty
Package: mathtools 2018/01/08 v1.21 mathematical typesetting tools

("C:\Program Files\MiKTeX 2.9\tex\latex\tools\calc.sty"
Package: calc 2017/05/25 v4.3 Infix arithmetic (KKT,FJ)
\calc@Acount=\count325
\calc@Bcount=\count326
\calc@Adimen=\dimen193
\calc@Bdimen=\dimen194
\calc@Askip=\skip74
\calc@Bskip=\skip75
LaTeX Info: Redefining \setlength on input line 80.
LaTeX Info: Redefining \addtolength on input line 81.
\calc@Ccount=\count327
\calc@Cskip=\skip76
)
(C:\Users\Doris\AppData\Roaming\MiKTeX\2.9\tex\latex\mathtools\mhsetup.sty
Package: mhsetup 2017/03/31 v1.3 programming setup (MH)
)
LaTeX Info: Thecontrolsequence`\('isalreadyrobust on input line 129.
LaTeX Info: Thecontrolsequence`\)'isalreadyrobust on input line 129.
LaTeX Info: Thecontrolsequence`\['isalreadyrobust on input line 129.
LaTeX Info: Thecontrolsequence`\]'isalreadyrobust on input line 129.
\g_MT_multlinerow_int=\count328
\l_MT_multwidth_dim=\dimen195
\origjot=\skip77
\l_MT_shortvdotswithinadjustabove_dim=\dimen196
\l_MT_shortvdotswithinadjustbelow_dim=\dimen197
\l_MT_above_intertext_sep=\dimen198
\l_MT_below_intertext_sep=\dimen199
\l_MT_above_shortintertext_sep=\dimen256
\l_MT_below_shortintertext_sep=\dimen257
)
(C:\Users\Doris\AppData\Roaming\MiKTeX\2.9\tex\latex\algorithms\algorithm.sty
Package: algorithm 2009/08/24 v0.1 Document Style `algorithm' - floating enviro
nment

("C:\Program Files\MiKTeX 2.9\tex\latex\float\float.sty"
Package: float 2001/11/08 v1.3d Float enhancements (AL)
\c@float@type=\count329
\float@exts=\toks43
\float@box=\box60
\@float@everytoks=\toks44
\@floatcapt=\box61
)
\@float@every@algorithm=\toks45
\c@algorithm=\count330
)
(C:\Users\Doris\AppData\Roaming\MiKTeX\2.9\tex\latex\algorithms\algorithmic.sty
Package: algorithmic 2009/08/24 v0.1 Document Style `algorithmic'
\c@ALC@unique=\count331
\c@ALC@line=\count332
\c@ALC@rem=\count333
\c@ALC@depth=\count334
\ALC@tlm=\skip78
\algorithmicindent=\skip79
) (C:\Users\Doris\AppData\Roaming\MiKTeX\2.9\tex\latex\todonotes\todonotes.sty
Package: todonotes 2015/07/09 .dtx Todonotes source and documentation.
Package: todonotes 2012/07/25

("C:\Program Files\MiKTeX 2.9\tex\latex\xkeyval\xkeyval.sty"
Package: xkeyval 2014/12/03 v2.7a package option processing (HA)

("C:\Program Files\MiKTeX 2.9\tex\generic\xkeyval\xkeyval.tex"
("C:\Program Files\MiKTeX 2.9\tex\generic\xkeyval\xkvutils.tex"
\XKV@toks=\toks46
\XKV@tempa@toks=\toks47
)
\XKV@depth=\count335
File: xkeyval.tex 2014/12/03 v2.7a key=value parser (HA)
))
\c@@todonotes@numberoftodonotes=\count336
)
("C:\Program Files\MiKTeX 2.9\tex\latex\psnfss\times.sty"
Package: times 2005/04/12 PSNFSS-v9.2a (SPQR) 
)
(C:\Users\Doris\AppData\Roaming\MiKTeX\2.9\tex\latex\pdfpages\pdfpages.sty
Package: pdfpages 2017/10/31 v0.5l Insert pages of external PDF documents (AM)

(C:\Users\Doris\AppData\Roaming\MiKTeX\2.9\tex\latex\eso-pic\eso-pic.sty
Package: eso-pic 2018/04/12 v2.0h eso-pic (RN)

("C:\Program Files\MiKTeX 2.9\tex\generic\oberdiek\atbegshi.sty"
Package: atbegshi 2016/06/09 v1.18 At begin shipout hook (HO)
))
\AM@pagewidth=\dimen258
\AM@pageheight=\dimen259

(C:\Users\Doris\AppData\Roaming\MiKTeX\2.9\tex\latex\pdfpages\pppdftex.def
File: pppdftex.def 2017/10/31 v0.5l Pdfpages driver for pdfTeX (AM)
)
\AM@pagebox=\box62
\AM@global@opts=\toks48
\AM@toc@title=\toks49
\c@AM@survey=\count337
\AM@templatesizebox=\box63
)
(C:\Users\Doris\AppData\Roaming\MiKTeX\2.9\tex\latex\lipsum\lipsum.sty
Package: lipsum 2014/07/27 v1.3 150 paragraphs of Lorem Ipsum dummy text
\c@lips@count=\count338
)
(C:\Users\Doris\AppData\Roaming\MiKTeX\2.9\tex\latex\titlesec\titlesec.sty
Package: titlesec 2016/03/21 v2.10.2 Sectioning titles
\ttl@box=\box64
\beforetitleunit=\skip80
\aftertitleunit=\skip81
\ttl@plus=\dimen260
\ttl@minus=\dimen261
\ttl@toksa=\toks50
\titlewidth=\dimen262
\titlewidthlast=\dimen263
\titlewidthfirst=\dimen264
)
(C:\Users\Doris\AppData\Roaming\MiKTeX\2.9\tex\latex\comment\comment.sty
\CommentStream=\write6

Excluding comment 'comment')
(C:\Users\Doris\AppData\Roaming\MiKTeX\2.9\tex\latex\cjk\CJK.sty
Package: CJK 2015/04/18 4.8.4

(C:\Users\Doris\AppData\Roaming\MiKTeX\2.9\tex\latex\cjk\mule\MULEenc.sty
Package: MULEenc 2015/04/18 4.8.4
)
(C:\Users\Doris\AppData\Roaming\MiKTeX\2.9\tex\latex\cjk\CJK.enc
File: CJK.enc 2015/04/18 4.8.4
Now handling font encoding C00 ...
... no UTF-8 mapping file for font encoding C00
Now handling font encoding C05 ...
... no UTF-8 mapping file for font encoding C05
Now handling font encoding C09 ...
... no UTF-8 mapping file for font encoding C09
Now handling font encoding C10 ...
... no UTF-8 mapping file for font encoding C10
Now handling font encoding C20 ...
... no UTF-8 mapping file for font encoding C20
Now handling font encoding C19 ...
... no UTF-8 mapping file for font encoding C19
Now handling font encoding C40 ...
... no UTF-8 mapping file for font encoding C40
Now handling font encoding C42 ...
... no UTF-8 mapping file for font encoding C42
Now handling font encoding C43 ...
... no UTF-8 mapping file for font encoding C43
Now handling font encoding C50 ...
... no UTF-8 mapping file for font encoding C50
Now handling font encoding C52 ...
... no UTF-8 mapping file for font encoding C52
Now handling font encoding C49 ...
... no UTF-8 mapping file for font encoding C49
Now handling font encoding C60 ...
... no UTF-8 mapping file for font encoding C60
Now handling font encoding C61 ...
... no UTF-8 mapping file for font encoding C61
Now handling font encoding C63 ...
... no UTF-8 mapping file for font encoding C63
Now handling font encoding C64 ...
... no UTF-8 mapping file for font encoding C64
Now handling font encoding C65 ...
... no UTF-8 mapping file for font encoding C65
Now handling font encoding C70 ...
... no UTF-8 mapping file for font encoding C70
Now handling font encoding C31 ...
... no UTF-8 mapping file for font encoding C31
Now handling font encoding C32 ...
... no UTF-8 mapping file for font encoding C32
Now handling font encoding C33 ...
... no UTF-8 mapping file for font encoding C33
Now handling font encoding C34 ...
... no UTF-8 mapping file for font encoding C34
Now handling font encoding C35 ...
... no UTF-8 mapping file for font encoding C35
Now handling font encoding C36 ...
... no UTF-8 mapping file for font encoding C36
Now handling font encoding C37 ...
... no UTF-8 mapping file for font encoding C37
Now handling font encoding C80 ...
... no UTF-8 mapping file for font encoding C80
Now handling font encoding C81 ...
... no UTF-8 mapping file for font encoding C81
Now handling font encoding C01 ...
... no UTF-8 mapping file for font encoding C01
Now handling font encoding C11 ...
... no UTF-8 mapping file for font encoding C11
Now handling font encoding C21 ...
... no UTF-8 mapping file for font encoding C21
Now handling font encoding C41 ...
... no UTF-8 mapping file for font encoding C41
Now handling font encoding C62 ...
... no UTF-8 mapping file for font encoding C62
)
LaTeX Info: Redefining \selectfont on input line 755.
\CJK@indent=\box65
)
(C:\Users\Doris\AppData\Roaming\MiKTeX\2.9\tex\latex\fancyvrb\fancyvrb.sty
Package: fancyvrb 2008/02/07

Style option: `fancyvrb' v2.7a, with DG/SPQR fixes, and firstline=lastline fix 
<2008/02/07> (tvz)
\FV@CodeLineNo=\count339
\FV@InFile=\read3
\FV@TabBox=\box66
\c@FancyVerbLine=\count340
\FV@StepNumber=\count341
\FV@OutFile=\write7
) Excluding 'comment' comment.
\c@defn=\count342
\c@them=\count343
\c@lem=\count344
\c@corrr=\count345
\c@eg=\count346
\c@question=\count347
Package csquotes Info: Checking for multilingual support...
Package csquotes Info: ... found 'babel' package.
Package csquotes Info: Adjusting default style.
Package csquotes Info: Redefining alias 'default' -> 'english'.
Package biblatex Info: Trying to load language 'english'...
Package biblatex Info: ... file 'english.lbx' found.

(C:\Users\Doris\AppData\Roaming\MiKTeX\2.9\tex\latex\biblatex\lbx\english.lbx
File: english.lbx 2018/03/04 v3.11 biblatex localization (PK/MW)
)
("Draft 30Sep.aux")
\openout1 = `"Draft 30Sep.aux"'.

LaTeX Font Info:    Checking defaults for OML/cmm/m/it on input line 207.
LaTeX Font Info:    ... okay on input line 207.
LaTeX Font Info:    Checking defaults for T1/cmr/m/n on input line 207.
LaTeX Font Info:    ... okay on input line 207.
LaTeX Font Info:    Checking defaults for OT1/cmr/m/n on input line 207.
LaTeX Font Info:    ... okay on input line 207.
LaTeX Font Info:    Checking defaults for OMS/cmsy/m/n on input line 207.
LaTeX Font Info:    ... okay on input line 207.
LaTeX Font Info:    Checking defaults for OMX/cmex/m/n on input line 207.
LaTeX Font Info:    ... okay on input line 207.
LaTeX Font Info:    Checking defaults for U/cmr/m/n on input line 207.
LaTeX Font Info:    ... okay on input line 207.
LaTeX Font Info:    Checking defaults for C00/song/m/n on input line 207.
LaTeX Font Info:    ... okay on input line 207.
LaTeX Font Info:    Checking defaults for C05/song/m/n on input line 207.
LaTeX Font Info:    ... okay on input line 207.
LaTeX Font Info:    Checking defaults for C09/song/m/n on input line 207.
LaTeX Font Info:    ... okay on input line 207.
LaTeX Font Info:    Checking defaults for C10/song/m/n on input line 207.
LaTeX Font Info:    ... okay on input line 207.
LaTeX Font Info:    Checking defaults for C20/song/m/n on input line 207.
LaTeX Font Info:    ... okay on input line 207.
LaTeX Font Info:    Checking defaults for C19/song/m/n on input line 207.
LaTeX Font Info:    ... okay on input line 207.
LaTeX Font Info:    Checking defaults for C40/song/m/n on input line 207.
LaTeX Font Info:    ... okay on input line 207.
LaTeX Font Info:    Checking defaults for C42/song/m/n on input line 207.
LaTeX Font Info:    ... okay on input line 207.
LaTeX Font Info:    Checking defaults for C43/song/m/n on input line 207.
LaTeX Font Info:    ... okay on input line 207.
LaTeX Font Info:    Checking defaults for C50/song/m/n on input line 207.
LaTeX Font Info:    ... okay on input line 207.
LaTeX Font Info:    Checking defaults for C52/song/m/n on input line 207.
LaTeX Font Info:    ... okay on input line 207.
LaTeX Font Info:    Checking defaults for C49/song/m/n on input line 207.
LaTeX Font Info:    ... okay on input line 207.
LaTeX Font Info:    Checking defaults for C60/mj/m/n on input line 207.
LaTeX Font Info:    ... okay on input line 207.
LaTeX Font Info:    Checking defaults for C61/mj/m/n on input line 207.
LaTeX Font Info:    ... okay on input line 207.
LaTeX Font Info:    Checking defaults for C63/mj/m/n on input line 207.
LaTeX Font Info:    ... okay on input line 207.
LaTeX Font Info:    Checking defaults for C64/mj/m/n on input line 207.
LaTeX Font Info:    ... okay on input line 207.
LaTeX Font Info:    Checking defaults for C65/mj/m/n on input line 207.
LaTeX Font Info:    ... okay on input line 207.
LaTeX Font Info:    Checking defaults for C70/song/m/n on input line 207.
LaTeX Font Info:    ... okay on input line 207.
LaTeX Font Info:    Checking defaults for C31/song/m/n on input line 207.
LaTeX Font Info:    ... okay on input line 207.
LaTeX Font Info:    Checking defaults for C32/song/m/n on input line 207.
LaTeX Font Info:    ... okay on input line 207.
LaTeX Font Info:    Checking defaults for C33/song/m/n on input line 207.
LaTeX Font Info:    ... okay on input line 207.
LaTeX Font Info:    Checking defaults for C34/song/m/n on input line 207.
LaTeX Font Info:    ... okay on input line 207.
LaTeX Font Info:    Checking defaults for C35/song/m/n on input line 207.
LaTeX Font Info:    ... okay on input line 207.
LaTeX Font Info:    Checking defaults for C36/song/m/n on input line 207.
LaTeX Font Info:    ... okay on input line 207.
LaTeX Font Info:    Checking defaults for C37/song/m/n on input line 207.
LaTeX Font Info:    ... okay on input line 207.
LaTeX Font Info:    Checking defaults for C80/song/m/n on input line 207.
LaTeX Font Info:    ... okay on input line 207.
LaTeX Font Info:    Checking defaults for C81/song/m/n on input line 207.
LaTeX Font Info:    ... okay on input line 207.
LaTeX Font Info:    Checking defaults for C01/song/m/n on input line 207.
LaTeX Font Info:    ... okay on input line 207.
LaTeX Font Info:    Checking defaults for C11/song/m/n on input line 207.
LaTeX Font Info:    ... okay on input line 207.
LaTeX Font Info:    Checking defaults for C21/song/m/n on input line 207.
LaTeX Font Info:    ... okay on input line 207.
LaTeX Font Info:    Checking defaults for C41/song/m/n on input line 207.
LaTeX Font Info:    ... okay on input line 207.
LaTeX Font Info:    Checking defaults for C62/song/m/n on input line 207.
LaTeX Font Info:    ... okay on input line 207.
LaTeX Font Info:    Try loading font information for OT1+ptm on input line 207.

 ("C:\Program Files\MiKTeX 2.9\tex\latex\psnfss\ot1ptm.fd"
File: ot1ptm.fd 2001/06/04 font definitions for OT1/ptm.
)
(C:\Users\Doris\AppData\Roaming\MiKTeX\2.9\tex\context\base\supp-pdf.mkii
[Loading MPS to PDF converter (version 2006.09.02).]
\scratchcounter=\count348
\scratchdimen=\dimen265
\scratchbox=\box67
\nofMPsegments=\count349
\nofMParguments=\count350
\everyMPshowfont=\toks51
\MPscratchCnt=\count351
\MPscratchDim=\dimen266
\MPnumerator=\count352
\makeMPintoPDFobject=\count353
\everyMPtoPDFconversion=\toks52
) ("C:\Program Files\MiKTeX 2.9\tex\latex\oberdiek\epstopdf-base.sty"
Package: epstopdf-base 2016/05/15 v2.6 Base part for package epstopdf

("C:\Program Files\MiKTeX 2.9\tex\latex\oberdiek\grfext.sty"
Package: grfext 2016/05/16 v1.2 Manage graphics extensions (HO)

("C:\Program Files\MiKTeX 2.9\tex\generic\oberdiek\kvdefinekeys.sty"
Package: kvdefinekeys 2016/05/16 v1.4 Define keys (HO)
))
Package epstopdf-base Info: Redefining graphics rule for `.eps' on input line 4
38.
Package grfext Info: Graphics extension search list:
(grfext)             [.pdf,.png,.jpg,.mps,.jpeg,.jbig2,.jb2,.PDF,.PNG,.JPG,.JPE
G,.JBIG2,.JB2,.eps]
(grfext)             \AppendGraphicsExtensions on input line 456.
)
*geometry* driver: auto-detecting
*geometry* detected driver: pdftex
*geometry* verbose mode - [ preamble ] result:
* driver: pdftex
* paper: a4paper
* layout: <same size as paper>
* layoutoffset:(h,v)=(0.0pt,0.0pt)
* modes: 
* h-part:(L,W,R)=(72.26999pt, 452.9679pt, 72.26999pt)
* v-part:(T,H,B)=(72.26999pt, 700.50687pt, 72.26999pt)
* \paperwidth=597.50787pt
* \paperheight=845.04684pt
* \textwidth=452.9679pt
* \textheight=700.50687pt
* \oddsidemargin=0.0pt
* \evensidemargin=0.0pt
* \topmargin=-37.0pt
* \headheight=12.0pt
* \headsep=25.0pt
* \topskip=11.0pt
* \footskip=30.0pt
* \marginparwidth=56.9055pt
* \marginparsep=10.0pt
* \columnsep=10.0pt
* \skip\footins=10.0pt plus 4.0pt minus 2.0pt
* \hoffset=0.0pt
* \voffset=0.0pt
* \mag=1000
* \@twocolumnfalse
* \@twosidefalse
* \@mparswitchfalse
* \@reversemarginfalse
* (1in=72.27pt=25.4mm, 1cm=28.453pt)

Package biblatex Info: Input encoding 'utf8' detected.
Package biblatex Info: Automatic encoding selection.
(biblatex)             Assuming data encoding 'utf8'.
\openout4 = `"Draft 30Sep.bcf"'.

Package biblatex Info: Trying to load bibliographic data...
Package biblatex Info: ... file '"Draft 30Sep".bbl' found.
("Draft 30Sep.bbl")
Package biblatex Info: Reference section=0 on input line 207.
Package biblatex Info: Reference segment=0 on input line 207.
 ABD: EveryShipout initializing macros
Package caption Info: Begin \AtBeginDocument code.
Package caption Info: float package is loaded.
Package caption Info: End \AtBeginDocument code.
\AtBeginShipoutBox=\box68

("C:\Program Files\MiKTeX 2.9\tex\latex\oberdiek\pdflscape.sty"
Package: pdflscape 2016/05/14 v0.11 Display of landscape pages in PDF (HO)

("C:\Program Files\MiKTeX 2.9\tex\latex\graphics\lscape.sty"
Package: lscape 2000/10/22 v3.01 Landscape Pages (DPC)
)
Package pdflscape Info: Auto-detected driver: pdftex on input line 81.
)
Excluding 'comment' comment. Excluding 'comment' comment.
LaTeX Font Info:    Try loading font information for U+msa on input line 232.

("C:\Program Files\MiKTeX 2.9\tex\latex\amsfonts\umsa.fd"
File: umsa.fd 2013/01/14 v3.01 AMS symbols A
)
LaTeX Font Info:    Try loading font information for U+msb on input line 232.

("C:\Program Files\MiKTeX 2.9\tex\latex\amsfonts\umsb.fd"
File: umsb.fd 2013/01/14 v3.01 AMS symbols B
) [1

{C:/Users/Doris/AppData/Local/MiKTeX/2.9/pdftex/config/pdftex.map}]
LaTeX Font Info:    Font shape `OT1/ptm/bx/n' in size <14.4> not available
(Font)              Font shape `OT1/ptm/b/n' tried instead on input line 235.
 ("Draft 30Sep.toc"
LaTeX Font Info:    Font shape `OT1/ptm/bx/n' in size <10.95> not available
(Font)              Font shape `OT1/ptm/b/n' tried instead on input line 4.
 [2])
\tf@toc=\write8
\openout8 = `"Draft 30Sep.toc"'.


[3] [4]
Underfull \hbox (badness 10000) in paragraph at lines 245--246

 []


Underfull \hbox (badness 10000) in paragraph at lines 248--249

 []

<Figure/SIA380Issue.jpg, id=19, 376.40625pt x 392.21532pt>
File: Figure/SIA380Issue.jpg Graphic file (type jpg)
<use Figure/SIA380Issue.jpg>
Package pdftex.def Info: Figure/SIA380Issue.jpg  used on input line 255.
(pdftex.def)             Requested size: 244.66115pt x 254.93694pt.
[5 <./Figure/SIA380Issue.jpg>]
LaTeX Font Info:    Font shape `OT1/ptm/bx/n' in size <12> not available
(Font)              Font shape `OT1/ptm/b/n' tried instead on input line 267.

Overfull \hbox (3.3249pt too wide) in paragraph at lines 271--272
\OT1/ptm/m/n/10.95 in-crease heat ex-change rate through the build-ing en-ve-lo
pe [6]. In ad-di-tion, the ac-tual ther-mal per-for-mance
 []

[6]
Overfull \hbox (3.52199pt too wide) in paragraph at lines 280--281
\OT1/ptm/m/n/10.95 These strate-gies are grouped into 3 cat-e-gories, which is,
 namely, de-sign con-cept, tech-nol-ogy and meth-ods,
 []


Underfull \hbox (badness 10000) in paragraph at lines 283--284

 []


Underfull \hbox (badness 10000) in paragraph at lines 285--286

 []


Underfull \hbox (badness 10000) in paragraph at lines 291--292

 []


Underfull \hbox (badness 10000) in paragraph at lines 293--294

 []


Overfull \hbox (1.78053pt too wide) in paragraph at lines 295--296
\OT1/ptm/m/it/10.95 En-er-gy-Plus, DOE-2, Eco-tect \OT1/ptm/m/n/10.95 cal-cu-la
-tion en-gines, cal-cu-lates en-ergy con-sump-tion base on ther-mo-dy-namic
 []


Underfull \hbox (badness 10000) in paragraph at lines 295--296

 []

[7]
Underfull \hbox (badness 10000) in paragraph at lines 297--298

 []


Underfull \hbox (badness 10000) in paragraph at lines 299--300

 []


Underfull \hbox (badness 10000) in paragraph at lines 301--302

 []

<./Figure/Energy-relatedData.jpg, id=31, 800.9925pt x 637.63219pt>
File: ./Figure/Energy-relatedData.jpg Graphic file (type jpg)
<use ./Figure/Energy-relatedData.jpg>
Package pdftex.def Info: ./Figure/Energy-relatedData.jpg  used on input line 30
6.
(pdftex.def)             Requested size: 400.49527pt x 318.8153pt.
<./Figure/Table1.jpg, id=32, 1224.82594pt x 379.4175pt>
File: ./Figure/Table1.jpg Graphic file (type jpg)
<use ./Figure/Table1.jpg>
Package pdftex.def Info: ./Figure/Table1.jpg  used on input line 313.
(pdftex.def)             Requested size: 489.92169pt x 151.7643pt.

Overfull \hbox (36.9538pt too wide) in paragraph at lines 313--314
 [][] 
 []


LaTeX Warning: `!h' float specifier changed to `!ht'.


Underfull \hbox (badness 10000) in paragraph at lines 318--319

 []

[8 <./Figure/Energy-relatedData.jpg>]
Underfull \hbox (badness 10000) in paragraph at lines 320--321

 []


Underfull \hbox (badness 10000) in paragraph at lines 322--323

 []


Underfull \hbox (badness 10000) in paragraph at lines 324--325

 []


Underfull \hbox (badness 10000) in paragraph at lines 327--329

 []


Underfull \hbox (badness 10000) in paragraph at lines 331--334

 []

[9 <./Figure/Table1.jpg>]
Underfull \hbox (badness 10000) in paragraph at lines 336--337

 []


Overfull \hbox (13.62872pt too wide) in paragraph at lines 341--342
\OT1/ptm/m/n/10.95 Apart from sev-eral pol-icy mea-sures, one of the \OT1/ptm/m
/it/10.95 "soft mea-sures" \OT1/ptm/m/n/10.95 would be to de-ve-l-ope a more co
m-pre-hen-sive
 []


Overfull \hbox (29.24341pt too wide) in paragraph at lines 341--342
\OT1/ptm/m/n/10.95 En-vi-ron-ment As-sess-ment Method (BREEAM), Swiss Min-ergie
, US's Lead-er-ship in EN-ergy and En-vi-ron-men-tal
 []


Underfull \hbox (badness 10000) in paragraph at lines 345--346

 []


Overfull \hbox (4.0029pt too wide) in paragraph at lines 347--349
\OT1/ptm/m/n/10.95 build-ing costs [21]. It con-tains three ma-jor sub-pro-gram
s: Space Loads Pre-dic-tion, Air Sys-tem Sim-u-la-tion,
 []


Overfull \hbox (1.53868pt too wide) in paragraph at lines 347--349
\OT1/ptm/m/n/10.95 equa-tions in-clude heat trans-mis-sion, so-lar loads, in-te
r-nal heat gains, air in-fil-tra-tion loads, and tem-per-a-ture
 []


Underfull \hbox (badness 10000) in paragraph at lines 347--349

 []


Underfull \hbox (badness 10000) in paragraph at lines 350--354

 []

[10]
Underfull \hbox (badness 10000) in paragraph at lines 356--358

 []


Overfull \hbox (4.69281pt too wide) in paragraph at lines 363--364
\OT1/ptm/m/n/10.95 tem-per-a-ture for un-heated ares (based on a re-search on b
ase-ment ac-tual tem-per-a-ture), and the dis-crep-an-cies
 []

[11]
Overfull \hbox (4.10173pt too wide) in paragraph at lines 367--368
\OT1/ptm/m/n/10.95 ge-om-e-try and ori-en-ta-tion for each build-ing is built u
s-ing \OT1/ptm/m/it/10.95 De-sign-Builder (ver-sion4.7)\OT1/ptm/m/n/10.95 , the
 build-ing ma-te-rial
 []

<./Figure/Sumatra_photo.jpg, id=45, 828.84656pt x 615.80063pt>
File: ./Figure/Sumatra_photo.jpg Graphic file (type jpg)
<use ./Figure/Sumatra_photo.jpg>
Package pdftex.def Info: ./Figure/Sumatra_photo.jpg  used on input line 373.
(pdftex.def)             Requested size: 414.42226pt x 307.89955pt.

Overfull \hbox (17.76723pt too wide) in paragraph at lines 379--380
[]\OT1/ptm/m/n/10.95 According to the given in-for-ma-tion, the of-fice build-i
ng is con-structed in 1951 and is lo-cated at Suma-trastrasse
 []


Underfull \hbox (badness 10000) in paragraph at lines 379--380

 []

[12 <./Figure/Sumatra_photo.jpg>]
<./Figure/Sumatra_OG2_Plan.pdf, id=49, 3709.86pt x 1915.155pt>
File: ./Figure/Sumatra_OG2_Plan.pdf Graphic file (type pdf)
<use ./Figure/Sumatra_OG2_Plan.pdf>
Package pdftex.def Info: ./Figure/Sumatra_OG2_Plan.pdf  used on input line 386.

(pdftex.def)             Requested size: 482.29874pt x 248.97888pt.

Overfull \hbox (29.33084pt too wide) in paragraph at lines 386--387
 [][] 
 []



pdfTeX warning: pdflatex.EXE (file ./Figure/Sumatra_OG3_Plan.pdf): PDF inclusio
n: found PDF version <1.6>, but at most version <1.5> allowed
<./Figure/Sumatra_OG3_Plan.pdf, id=50, 3848.5069pt x 1997.19244pt>
File: ./Figure/Sumatra_OG3_Plan.pdf Graphic file (type pdf)
<use ./Figure/Sumatra_OG3_Plan.pdf>
Package pdftex.def Info: ./Figure/Sumatra_OG3_Plan.pdf  used on input line 393.

(pdftex.def)             Requested size: 500.32347pt x 259.64413pt.

Overfull \hbox (47.35558pt too wide) in paragraph at lines 393--394
 [][] 
 []

[13 <./Figure/Sumatra_OG2_Plan.pdf, page is rotated 90 degrees> <./Figure/Sumat
ra_OG3_Plan.pdf, page is rotated 90 degrees>]
Underfull \hbox (badness 10000) in paragraph at lines 400--401

 []



pdfTeX warning: pdflatex.EXE (file ./Figure/Hongg_photo1.pdf): PDF inclusion: f
ound PDF version <1.6>, but at most version <1.5> allowed
<./Figure/Hongg_photo1.pdf, id=62, 277.035pt x 502.87875pt>
File: ./Figure/Hongg_photo1.pdf Graphic file (type pdf)
<use ./Figure/Hongg_photo1.pdf>
Package pdftex.def Info: ./Figure/Hongg_photo1.pdf  used on input line 407.
(pdftex.def)             Requested size: 142.26378pt x 258.23729pt.


pdfTeX warning: pdflatex.EXE (file ./Figure/Hongg_photo0.pdf): PDF inclusion: f
ound PDF version <1.6>, but at most version <1.5> allowed
<./Figure/Hongg_photo0.pdf, id=63, 380.42125pt x 563.10374pt>
File: ./Figure/Hongg_photo0.pdf Graphic file (type pdf)
<use ./Figure/Hongg_photo0.pdf>
Package pdftex.def Info: ./Figure/Hongg_photo0.pdf  used on input line 413.
(pdftex.def)             Requested size: 170.71652pt x 252.69836pt.


pdfTeX warning: pdflatex.EXE (file ./Figure/Hongg_EG_Plan.pdf): PDF inclusion: 
found PDF version <1.6>, but at most version <1.5> allowed
<./Figure/Hongg_EG_Plan.pdf, id=64, 287.32947pt x 394.20174pt>
File: ./Figure/Hongg_EG_Plan.pdf Graphic file (type pdf)
<use ./Figure/Hongg_EG_Plan.pdf>
Package pdftex.def Info: ./Figure/Hongg_EG_Plan.pdf  used on input line 421.
(pdftex.def)             Requested size: 402.25851pt x 551.87865pt.
[14 <./Figure/Hongg_photo1.pdf> <./Figure/Hongg_photo0.pdf>]

pdfTeX warning: pdflatex.EXE (file ./Figure/Hongg_1OG_Plan.pdf): PDF inclusion:
 found PDF version <1.6>, but at most version <1.5> allowed
<./Figure/Hongg_1OG_Plan.pdf, id=78, 289.95528pt x 399.01672pt>
File: ./Figure/Hongg_1OG_Plan.pdf Graphic file (type pdf)
<use ./Figure/Hongg_1OG_Plan.pdf>
Package pdftex.def Info: ./Figure/Hongg_1OG_Plan.pdf  used on input line 428.
(pdftex.def)             Requested size: 463.92906pt x 638.4276pt.

Overfull \hbox (10.96117pt too wide) in paragraph at lines 428--429
 [][] 
 []

[15 <./Figure/Hongg_EG_Plan.pdf>]
Overfull \hbox (3.87213pt too wide) in paragraph at lines 435--436
\OT1/ptm/m/it/10.95 DesignBuilder \OT1/ptm/m/n/10.95 is used to model the build
-ing en-velopes of both build-ings. It is com-pat-i-ble with En-er-gy-Plus
 []

[16 <./Figure/Hongg_1OG_Plan.pdf>]
<./Figure/Sumatra_dxf.jpg, id=95, 367.3725pt x 414.79968pt>
File: ./Figure/Sumatra_dxf.jpg Graphic file (type jpg)
<use ./Figure/Sumatra_dxf.jpg>
Package pdftex.def Info: ./Figure/Sumatra_dxf.jpg  used on input line 444.
(pdftex.def)             Requested size: 257.15898pt x 290.3578pt.
<./Figure/Hongger_dxf.jpg, id=96, 701.62125pt x 457.71pt>
File: ./Figure/Hongger_dxf.jpg Graphic file (type jpg)
<use ./Figure/Hongger_dxf.jpg>
Package pdftex.def Info: ./Figure/Hongger_dxf.jpg  used on input line 451.
(pdftex.def)             Requested size: 456.0484pt x 297.50798pt.

Overfull \hbox (3.0805pt too wide) in paragraph at lines 451--452
 [][] 
 []

[17 <./Figure/Sumatra_dxf.jpg>]
Underfull \hbox (badness 10000) in paragraph at lines 457--458

 []

[18 <./Figure/Hongger_dxf.jpg>]
Underfull \hbox (badness 10000) in paragraph at lines 528--528
[]\OT1/ptm/m/n/10.95 U-Value
 []


Underfull \hbox (badness 10000) in paragraph at lines 528--528
[]\OT1/ptm/m/n/10.95 Total
 []


Underfull \hbox (badness 10000) in paragraph at lines 556--556
[]\OT1/ptm/m/n/10.95 U-Value
 []


Underfull \hbox (badness 10000) in paragraph at lines 556--556
[]\OT1/ptm/m/n/10.95 number of
 []

[19]
Underfull \hbox (badness 10000) in paragraph at lines 579--581

 []

[20]
Overfull \hbox (0.60172pt too wide) in paragraph at lines 589--589
[]\OT1/ptm/m/n/10.95 Thickness 
 []


Underfull \hbox (badness 10000) in paragraph at lines 589--589
[]\OT1/ptm/m/n/10.95 Heat
 []


Underfull \hbox (badness 10000) in paragraph at lines 589--589
[]\OT1/ptm/m/n/10.95 R
 []


Overfull \hbox (3.19714pt too wide) in paragraph at lines 589--589
\OT1/ptm/m/n/10.95 m2K/W| 
 []


Underfull \hbox (badness 10000) in paragraph at lines 589--589
[]\OT1/ptm/m/n/10.95 U
 []


Overfull \hbox (0.84277pt too wide) in paragraph at lines 589--589
\OT1/ptm/m/n/10.95 W/m2K| 
 []

[21]
Overfull \hbox (1.3683pt too wide) in paragraph at lines 642--642
[]\OT1/ptm/m/n/10.95 Thickness
 []


Overfull \hbox (1.44507pt too wide) in paragraph at lines 642--642
[]\OT1/ptm/m/n/10.95 Lambda
 []


Underfull \hbox (badness 10000) in paragraph at lines 642--642
[]\OT1/ptm/m/n/10.95 Heat
 []


Underfull \hbox (badness 10000) in paragraph at lines 642--642
\OT1/ptm/m/n/10.95 Ca-pac-ity
 []


Underfull \hbox (badness 10000) in paragraph at lines 677--678

 []

<./Figure/SumatraDesignBuilderModel.JPG, id=114, 823.57687pt x 648.17157pt>
File: ./Figure/SumatraDesignBuilderModel.JPG Graphic file (type jpg)
<use ./Figure/SumatraDesignBuilderModel.JPG>
Package pdftex.def Info: ./Figure/SumatraDesignBuilderModel.JPG  used on input 
line 682.
(pdftex.def)             Requested size: 370.60617pt x 291.6745pt.
[22]
<./Figure/HonggDesignBuilderModel.JPG, id=118, 516.42938pt x 638.385pt>
File: ./Figure/HonggDesignBuilderModel.JPG Graphic file (type jpg)
<use ./Figure/HonggDesignBuilderModel.JPG>
Package pdftex.def Info: ./Figure/HonggDesignBuilderModel.JPG  used on input li
ne 689.
(pdftex.def)             Requested size: 232.39107pt x 287.27058pt.

Underfull \hbox (badness 10000) in paragraph at lines 695--696

 []

[23 <./Figure/SumatraDesignBuilderModel.JPG> <./Figure/HonggDesignBuilderModel.
JPG>]
Underfull \hbox (badness 10000) in paragraph at lines 697--699

 []


Underfull \hbox (badness 10000) in paragraph at lines 703--705

 []


Underfull \hbox (badness 10000) in paragraph at lines 706--707

 []


Underfull \hbox (badness 10000) in paragraph at lines 708--710

 []


Underfull \hbox (badness 10000) in paragraph at lines 711--712

 []

[24]
Overfull \hbox (2.53482pt too wide) in paragraph at lines 727--729
\OT1/ptm/m/n/10.95 SIA has pub-lished a stan-dard weather data \OT1/ptm/m/it/10
.95 SIA 381/2 Kli-ma-daten zi Em-fehlung SIA 380/1 \OT1/ptm/m/n/10.95 (Rec-om-m
ended
 []


Underfull \hbox (badness 10000) in paragraph at lines 727--729

 []

LaTeX Font Info:    Font shape `OT1/ptm/bx/n' in size <10> not available
(Font)              Font shape `OT1/ptm/b/n' tried instead on input line 739.

Underfull \hbox (badness 10000) in paragraph at lines 741--741
[]\OT1/ptm/m/n/10 Average
 []


Underfull \hbox (badness 10000) in paragraph at lines 751--751
[]\OT1/ptm/m/n/10 Solar
 []


Underfull \hbox (badness 10000) in paragraph at lines 753--753
[]\OT1/ptm/m/n/10 Horizontal
 []


Underfull \hbox (badness 10000) in paragraph at lines 778--778
[]\OT1/ptm/m/n/10 Average
 []


Underfull \hbox (badness 10000) in paragraph at lines 780--780
[]\OT1/ptm/m/n/10 Heating
 []


Underfull \hbox (badness 10000) in paragraph at lines 782--782
[]\OT1/ptm/m/n/10 Solar
 []


Underfull \hbox (badness 10000) in paragraph at lines 788--788
[]\OT1/ptm/m/n/10 Solar
 []


Underfull \hbox (badness 10000) in paragraph at lines 790--790
[]\OT1/ptm/m/n/10 Horizontal
 []

[25]
Underfull \hbox (badness 10000) in paragraph at lines 820--821

 []


Underfull \hbox (badness 10000) in paragraph at lines 822--824

 []

[26]
Overfull \hbox (5.16417pt too wide) in paragraph at lines 825--827
\OT1/ptm/m/n/10.95 The 2015 weather file is cre-ated from the typ-i-cal Zurich 
weather file by re-plac-ing the dry bulb tem-per-a-ture,
 []

<./Figure/WeatherStation.jpg, id=132, 531.48563pt x 499.11469pt>
File: ./Figure/WeatherStation.jpg Graphic file (type jpg)
<use ./Figure/WeatherStation.jpg>
Package pdftex.def Info: ./Figure/WeatherStation.jpg  used on input line 830.
(pdftex.def)             Requested size: 372.0374pt x 349.37788pt.

Underfull \hbox (badness 10000) in paragraph at lines 859--861

 []

[27 <./Figure/WeatherStation.jpg>]
<./Figure/HeatIsland_Construction.jpg, id=136, 828.84656pt x 420.06938pt>
File: ./Figure/HeatIsland_Construction.jpg Graphic file (type jpg)
<use ./Figure/HeatIsland_Construction.jpg>
Package pdftex.def Info: ./Figure/HeatIsland_Construction.jpg  used on input li
ne 868.
(pdftex.def)             Requested size: 455.86702pt x 231.03888pt.

Overfull \hbox (2.89912pt too wide) in paragraph at lines 868--869
 [][] 
 []

<./Figure/HeatIslandConstruction.jpg, id=137, 555.57562pt x 330.48468pt>
File: ./Figure/HeatIslandConstruction.jpg Graphic file (type jpg)
<use ./Figure/HeatIslandConstruction.jpg>
Package pdftex.def Info: ./Figure/HeatIslandConstruction.jpg  used on input lin
e 875.
(pdftex.def)             Requested size: 344.45331pt x 204.89838pt.
[28 <./Figure/HeatIsland_Construction.jpg>]
Overfull \hbox (5.45842pt too wide) in paragraph at lines 887--888
\OT1/ptm/m/n/10.95 SIA takes a num-ber of losses into ac-count, mainly \OT1/ptm
/m/it/10.95 trans-mis-sion loss \OT1/ptm/m/n/10.95 and \OT1/ptm/m/it/10.95 ven-
ti-la-tion loss\OT1/ptm/m/n/10.95 . The \OT1/ptm/m/it/10.95 trans-mis-sion
 []


Underfull \hbox (badness 10000) in paragraph at lines 887--888

 []


Underfull \hbox (badness 10000) in paragraph at lines 889--890

 []


Underfull \hbox (badness 10000) in paragraph at lines 891--898

 []


Underfull \hbox (badness 10000) in paragraph at lines 900--906

 []

[29 <./Figure/HeatIslandConstruction.jpg>]
Underfull \hbox (badness 10000) in paragraph at lines 907--908

 []


Underfull \hbox (badness 10000) in paragraph at lines 908--915

 []


Underfull \hbox (badness 10000) in paragraph at lines 917--919

 []


Underfull \hbox (badness 10000) in paragraph at lines 919--926

 []


Underfull \hbox (badness 10000) in paragraph at lines 928--930

 []


Underfull \hbox (badness 10000) in paragraph at lines 930--936

 []


Underfull \hbox (badness 10000) in paragraph at lines 939--940

 []


Underfull \hbox (badness 10000) in paragraph at lines 941--943

 []


Underfull \hbox (badness 10000) in paragraph at lines 945--950

 []

[30]
Underfull \hbox (badness 10000) in paragraph at lines 954--960

 []


Underfull \hbox (badness 10000) in paragraph at lines 962--964

 []


Underfull \hbox (badness 10000) in paragraph at lines 965--971

 []


Underfull \hbox (badness 10000) in paragraph at lines 994--995

 []

[31]
LaTeX Font Info:    Try loading font information for OMS+ptm on input line 1000
.
 ("C:\Program Files\MiKTeX 2.9\tex\latex\psnfss\omsptm.fd"
File: omsptm.fd 
)
LaTeX Font Info:    Font shape `OMS/ptm/m/n' in size <10.95> not available
(Font)              Font shape `OMS/cmsy/m/n' tried instead on input line 1000.


Underfull \hbox (badness 10000) in paragraph at lines 1010--1011

 []

<./Figure/TempSetpoint.jpg, id=154, 344.03531pt x 212.29312pt>
File: ./Figure/TempSetpoint.jpg Graphic file (type jpg)
<use ./Figure/TempSetpoint.jpg>
Package pdftex.def Info: ./Figure/TempSetpoint.jpg  used on input line 1014.
(pdftex.def)             Requested size: 344.03447pt x 212.2926pt.
<./Figure/JanBath_Light.jpg, id=155, 730.22812pt x 435.12563pt>
File: ./Figure/JanBath_Light.jpg Graphic file (type jpg)
<use ./Figure/JanBath_Light.jpg>
Package pdftex.def Info: ./Figure/JanBath_Light.jpg  used on input line 1022.
(pdftex.def)             Requested size: 292.08607pt x 174.04716pt.

LaTeX Warning: `!h' float specifier changed to `!ht'.


Overfull \hbox (6.69655pt too wide) in paragraph at lines 1031--1032
\OT1/ptm/m/n/10.95 In or-der to en-sure the sim-u-lated build-ings have sim-i-l
ar ther-mal be-hav-iors as the real build-ings, a cal-i-bra-tion
 []

[32 <./Figure/TempSetpoint.jpg>]
Overfull \hbox (9.04053pt too wide) in paragraph at lines 1038--1039
\OT1/ptm/m/n/10.95 Internal load such as Light-ing and ap-pli-ance sched-ule ca
n change the in-door tem-per-a-ture pat-ten. There-fore,
 []


Underfull \hbox (badness 10000) in paragraph at lines 1045--1047

 []


Underfull \hbox (badness 10000) in paragraph at lines 1054--1055

 []


Underfull \hbox (badness 10000) in paragraph at lines 1057--1059

 []

[33 <./Figure/JanBath_Light.jpg>]
Overfull \hbox (13.34285pt too wide) in paragraph at lines 1061--1064
\OT1/ptm/m/n/10.95 All zones' heat-ing set-point tem-per-a-ture are part of the
 pa-ram-e-ter vari-a-tion. The heat-ing set-point tem-per-a-ture
 []


Underfull \hbox (badness 10000) in paragraph at lines 1061--1064

 []

<./Figure/Residential_TempSetpoint.jpg, id=162, 456.95718pt x 345.54094pt>
File: ./Figure/Residential_TempSetpoint.jpg Graphic file (type jpg)
<use ./Figure/Residential_TempSetpoint.jpg>
Package pdftex.def Info: ./Figure/Residential_TempSetpoint.jpg  used on input l
ine 1067.
(pdftex.def)             Requested size: 365.56622pt x 276.43312pt.
<./Figure/VentilationLevel.jpg, id=163, 660.21657pt x 339.51843pt>
File: ./Figure/VentilationLevel.jpg Graphic file (type jpg)
<use ./Figure/VentilationLevel.jpg>
Package pdftex.def Info: ./Figure/VentilationLevel.jpg  used on input line 1076
.
(pdftex.def)             Requested size: 363.12022pt x 186.7357pt.

Underfull \hbox (badness 10000) in paragraph at lines 1072--1079

 []

[34 <./Figure/Residential_TempSetpoint.jpg>]
<./Figure/Office_Vent.jpg, id=167, 895.84688pt x 462.22687pt>
File: ./Figure/Office_Vent.jpg Graphic file (type jpg)
<use ./Figure/Office_Vent.jpg>
Package pdftex.def Info: ./Figure/Office_Vent.jpg  used on input line 1083.
(pdftex.def)             Requested size: 492.71732pt x 254.22556pt.

Overfull \hbox (39.74942pt too wide) in paragraph at lines 1083--1084
 [][] 
 []


Underfull \hbox (badness 10000) in paragraph at lines 1089--1091

 []

<./Figure/Example_Normal_Distribution.jpg, id=168, 761.09344pt x 475.02469pt>
File: ./Figure/Example_Normal_Distribution.jpg Graphic file (type jpg)
<use ./Figure/Example_Normal_Distribution.jpg>
Package pdftex.def Info: ./Figure/Example_Normal_Distribution.jpg  used on inpu
t line 1094.
(pdftex.def)             Requested size: 380.54579pt x 237.51175pt.
[35 <./Figure/VentilationLevel.jpg> <./Figure/Office_Vent.jpg>]
Underfull \hbox (badness 10000) in paragraph at lines 1099--1102

 []

<./Figure/Hongger_InConvDist.jpg, id=172, 871.75688pt x 462.97969pt>
File: ./Figure/Hongger_InConvDist.jpg Graphic file (type jpg)
<use ./Figure/Hongger_InConvDist.jpg>
Package pdftex.def Info: ./Figure/Hongger_InConvDist.jpg  used on input line 11
05.
(pdftex.def)             Requested size: 435.87738pt x 231.48927pt.
File: ./Figure/Hongger_InConvDist.jpg Graphic file (type jpg)
<use ./Figure/Hongger_InConvDist.jpg>
Package pdftex.def Info: ./Figure/Hongger_InConvDist.jpg  used on input line 11
12.
(pdftex.def)             Requested size: 435.87738pt x 231.48927pt.
[36 <./Figure/Example_Normal_Distribution.jpg> <./Figure/Hongger_InConvDist.jpg
>]
Underfull \hbox (badness 10000) in paragraph at lines 1128--1130

 []

[37]
<./Figure/Office_SIA.jpg, id=180, 1038.88126pt x 517.18219pt>
File: ./Figure/Office_SIA.jpg Graphic file (type jpg)
<use ./Figure/Office_SIA.jpg>
Package pdftex.def Info: ./Figure/Office_SIA.jpg  used on input line 1143.
(pdftex.def)             Requested size: 415.54514pt x 206.8692pt.
<./Figure/Residential_SIA.jpg, id=181, 838.63312pt x 466.74374pt>
File: ./Figure/Residential_SIA.jpg Graphic file (type jpg)
<use ./Figure/Residential_SIA.jpg>
Package pdftex.def Info: ./Figure/Residential_SIA.jpg  used on input line 1150.

(pdftex.def)             Requested size: 335.4473pt x 186.69418pt.
 [38 <./Figure/Office_SIA.jpg> <./Figure/Residential_SIA.jpg>]
<./Figure/Office_EP.jpg, id=185, 783.67781pt x 543.53062pt>
File: ./Figure/Office_EP.jpg Graphic file (type jpg)
<use ./Figure/Office_EP.jpg>
Package pdftex.def Info: ./Figure/Office_EP.jpg  used on input line 1175.
(pdftex.def)             Requested size: 391.83794pt x 271.76463pt.
<./Figure/Residential_EP.jpg, id=186, 777.65532pt x 496.85625pt>
File: ./Figure/Residential_EP.jpg Graphic file (type jpg)
<use ./Figure/Residential_EP.jpg>
Package pdftex.def Info: ./Figure/Residential_EP.jpg  used on input line 1182.
(pdftex.def)             Requested size: 388.8267pt x 248.4275pt.


LaTeX Warning: `!h' float specifier changed to `!ht'.

<Figure/Hongg_Clibration_Origin.JPG, id=187, 945.5325pt x 534.49687pt>
File: Figure/Hongg_Clibration_Origin.JPG Graphic file (type jpg)
<use Figure/Hongg_Clibration_Origin.JPG>
Package pdftex.def Info: Figure/Hongg_Clibration_Origin.JPG  used on input line
 1199.
(pdftex.def)             Requested size: 472.76509pt x 267.24777pt.

Overfull \hbox (19.7972pt too wide) in paragraph at lines 1199--1200
 [][] 
 []

[39 <./Figure/Office_EP.jpg>]
Underfull \hbox (badness 10000) in paragraph at lines 1204--1205

 []

<Figure/Hongg_Cali_NoFacility.JPG, id=191, 724.20563pt x 422.32782pt>
File: Figure/Hongg_Cali_NoFacility.JPG Graphic file (type jpg)
<use Figure/Hongg_Cali_NoFacility.JPG>
Package pdftex.def Info: Figure/Hongg_Cali_NoFacility.JPG  used on input line 1
210.
(pdftex.def)             Requested size: 434.52673pt x 253.39864pt.
[40 <./Figure/Residential_EP.jpg> <./Figure/Hongg_Clibration_Origin.JPG>]
Underfull \hbox (badness 10000) in paragraph at lines 1216--1217

 []

<Figure/Hongg_Clibration_03NoLight.JPG, id=195, 886.81313pt x 527.72156pt>
File: Figure/Hongg_Clibration_03NoLight.JPG Graphic file (type jpg)
<use Figure/Hongg_Clibration_03NoLight.JPG>
Package pdftex.def Info: Figure/Hongg_Clibration_03NoLight.JPG  used on input l
ine 1220.
(pdftex.def)             Requested size: 443.40547pt x 263.86014pt.
[41 <./Figure/Hongg_Cali_NoFacility.JPG> <./Figure/Hongg_Clibration_03NoLight.J
PG>]
<Figure/Hongg_Clibration_03NewLight.JPG, id=199, 1199.23032pt x 596.2275pt>
File: Figure/Hongg_Clibration_03NewLight.JPG Graphic file (type jpg)
<use Figure/Hongg_Clibration_03NewLight.JPG>
Package pdftex.def Info: Figure/Hongg_Clibration_03NewLight.JPG  used on input 
line 1229.
(pdftex.def)             Requested size: 443.70828pt x 220.60072pt.
 [42 <./Figure/Hongg_Clibration_03NewLight.JPG>] [43] [44]
LaTeX Font Info:    Try loading font information for OT1+pcr on input line 1279
.

("C:\Program Files\MiKTeX 2.9\tex\latex\psnfss\ot1pcr.fd"
File: ot1pcr.fd 2001/06/04 font definitions for OT1/pcr.
)
Overfull \hbox (12.58167pt too wide) in paragraph at lines 1280--1280
\OT1/pcr/m/n/10.95 http : / / www . sciencedirect . com / science / article / p
ii / S0378778818309460$\OT1/ptm/m/n/10.95 . 
 []


Overfull \hbox (6.18057pt too wide) in paragraph at lines 1280--1280
[]\OT1/ptm/m/n/10.95 Sanyuan Niu, Wei Pan, and Yisong Zhao. \  A vir-tual re-al
-ity in-te-grated de-sign ap-proach to im-prov-ing
 []


Overfull \hbox (0.89433pt too wide) in paragraph at lines 1280--1280
\OT1/ptm/m/n/10.95 in base-ments and mea-sured ver-sus cal-cu-lated U-values". 
In: \OT1/ptm/m/it/10.95 En-ergy Pro-ce-dia \OT1/ptm/m/n/10.95 122 (2017). CIS-B
AT
 []


Overfull \hbox (2.11678pt too wide) in paragraph at lines 1280--1280
\OT1/ptm/m/n/10.95 Per-for-mance of a Low Rise Build-ing in Di-verse Lo-ca-tion
s of the Hot Hu-mid Trop-ics". In: \OT1/ptm/m/it/10.95 Pro-ce-dia
 []


Overfull \hbox (12.58167pt too wide) in paragraph at lines 1280--1280
\OT1/pcr/m/n/10.95 http : / / www . sciencedirect . com / science / article / p
ii / S1877705817317058$\OT1/ptm/m/n/10.95 . 
 []


Overfull \hbox (4.16864pt too wide) in paragraph at lines 1280--1280
[]\OT1/ptm/m/n/10.95 Bruno Bueno et al. \  The ur-ban weather gen-er-a-tor". In
: \OT1/ptm/m/it/10.95 Jour-nal of Build-ing Per-for-mance Sim-u-la-tion
 []

[45]
Overfull \hbox (7.51666pt too wide) in paragraph at lines 1280--1280
[]\OT1/ptm/m/n/10.95 Zhengwei Li, Yan-min Han, and Peng Xu. \  Meth-ods for ben
ch-mark-ing build-ing en-ergy con-sump-tion
 []


Overfull \hbox (11.20169pt too wide) in paragraph at lines 1280--1280
\OT1/ptm/m/n/10.95 against its past or in-tended per-for-mance: An overview". I
n: \OT1/ptm/m/it/10.95 Ap-plied En-ergy \OT1/ptm/m/n/10.95 124 (2014), pp. 325{
334. 
 []


Underfull \hbox (badness 10000) in paragraph at lines 1286--1288

 []

[46]
Underfull \hbox (badness 10000) in paragraph at lines 1289--1291

 []


Underfull \hbox (badness 10000) in paragraph at lines 1292--1294

 []


Underfull \hbox (badness 10000) in paragraph at lines 1295--1297

 []


Underfull \hbox (badness 10000) in paragraph at lines 1329--1329
[]\OT1/ptm/m/n/10 U-Value
 []


Underfull \hbox (badness 10000) in paragraph at lines 1329--1329
[]\OT1/ptm/m/n/10 Loss (SIA)
 []


Underfull \hbox (badness 10000) in paragraph at lines 1329--1329
[]\OT1/ptm/m/n/10 Loss(2015)
 []


Underfull \hbox (badness 5388) in paragraph at lines 1360--1360
[]\OT1/ptm/m/n/10 Heating De-gree
 []


Underfull \hbox (badness 5388) in paragraph at lines 1361--1361
[]\OT1/ptm/m/n/10 Heating De-gree
 []


Underfull \hbox (badness 1033) in paragraph at lines 1362--1362
[]\OT1/ptm/m/n/10 Ventilation Loss
 []


Underfull \hbox (badness 1043) in paragraph at lines 1363--1363
[]\OT1/ptm/m/n/10 Ventilation Heat
 []


Overfull \hbox (16.07169pt too wide) in paragraph at lines 1354--1366
 [][] 
 []


Underfull \hbox (badness 10000) in paragraph at lines 1347--1368

 []

[47] [48]
Underfull \hbox (badness 10000) in paragraph at lines 1430--1430
[]\OT1/ptm/m/n/10.95 Heat Gain
 []


Underfull \hbox (badness 10000) in paragraph at lines 1447--1447
[]\OT1/ptm/m/n/10 Window
 []


Underfull \hbox (badness 10000) in paragraph at lines 1447--1447
[]\OT1/ptm/m/n/10 Solar
 []


Underfull \hbox (badness 10000) in paragraph at lines 1447--1447
\OT1/ptm/m/n/10 Gain
 []


Underfull \hbox (badness 10000) in paragraph at lines 1447--1447
[]\OT1/ptm/m/n/10 Solar
 []


Underfull \hbox (badness 10000) in paragraph at lines 1447--1447
\OT1/ptm/m/n/10 Gain
 []


Overfull \hbox (28.06181pt too wide) in paragraph at lines 1443--1462
 [][][] 
 []


Underfull \hbox (badness 10000) in paragraph at lines 1475--1475
[]\OT1/ptm/m/n/10.95 Loss
 []


Underfull \hbox (badness 10000) in paragraph at lines 1466--1495

 []

[49]
Underfull \hbox (badness 10000) in paragraph at lines 1512--1512
[]\OT1/ptm/m/n/10 Ventilation
 []


Underfull \hbox (badness 10000) in paragraph at lines 1513--1513
[]\OT1/ptm/m/n/10 Ventilation
 []


Overfull \hbox (42.5323pt too wide) in paragraph at lines 1504--1517
 [][][] 
 []


Underfull \hbox (badness 10000) in paragraph at lines 1498--1517

 []

[50]
Underfull \hbox (badness 10000) in paragraph at lines 1520--1521

 []


Underfull \hbox (badness 10000) in paragraph at lines 1531--1531
[]\OT1/ptm/m/n/10 Loss
 []


Underfull \hbox (badness 10000) in paragraph at lines 1531--1531
[]\OT1/ptm/m/n/10 Loss
 []


Underfull \hbox (badness 10000) in paragraph at lines 1563--1578

 []

[51]
Underfull \hbox (badness 10000) in paragraph at lines 1590--1590
[]\OT1/ptm/m/n/10.95 Weather
 []


Underfull \hbox (badness 10000) in paragraph at lines 1581--1597

 []


Underfull \hbox (badness 10000) in paragraph at lines 1601--1602

 []


Overfull \hbox (4.1499pt too wide) in paragraph at lines 1610--1610
[]\OT1/ptm/m/n/10.95 Window 
 []


Overfull \hbox (9.73396pt too wide) in paragraph at lines 1610--1610
[]\OT1/ptm/m/n/10.95 Radiation 
 []


Overfull \hbox (9.73396pt too wide) in paragraph at lines 1610--1610
[]\OT1/ptm/m/n/10.95 Radiation 
 []


Underfull \hbox (badness 10000) in paragraph at lines 1610--1610
[]\OT1/ptm/m/n/10.95 Solar
 []


Underfull \hbox (badness 10000) in paragraph at lines 1610--1610
[]\OT1/ptm/m/n/10.95 Solar
 []


Overfull \hbox (25.60875pt too wide) in paragraph at lines 1606--1626
 [][][] 
 []

[52] ("Draft 30Sep.aux")
Package logreq Info: Writing requests to '"Draft 30Sep".run.xml'.
\openout1 = `"Draft 30Sep.run.xml"'.

 ) 
Here is how much of TeX's memory you used:
 26817 strings out of 492972
 506395 string characters out of 3135883
 1059651 words of memory out of 3000000
 30126 multiletter control sequences out of 15000+200000
 30898 words of font info for 72 fonts, out of 3000000 for 9000
 1141 hyphenation exceptions out of 8191
 55i,11n,77p,1211b,1691s stack positions out of 5000i,500n,10000p,200000b,50000s
{C:/Program Files/MiKTeX 2.9/fonts/enc/dvips/base/8r.enc}<C:/Program Files/Mi
KTeX 2.9/fonts/type1/public/amsfonts/cm/cmex10.pfb><C:/Program Files/MiKTeX 2.9
/fonts/type1/public/amsfonts/cm/cmmi10.pfb><C:/Program Files/MiKTeX 2.9/fonts/t
ype1/public/amsfonts/cm/cmmi6.pfb><C:/Program Files/MiKTeX 2.9/fonts/type1/publ
ic/amsfonts/cm/cmmi8.pfb><C:/Program Files/MiKTeX 2.9/fonts/type1/public/amsfon
ts/cm/cmr10.pfb><C:/Program Files/MiKTeX 2.9/fonts/type1/public/amsfonts/cm/cmr
6.pfb><C:/Program Files/MiKTeX 2.9/fonts/type1/public/amsfonts/cm/cmr7.pfb><C:/
Program Files/MiKTeX 2.9/fonts/type1/public/amsfonts/cm/cmr8.pfb><C:/Program Fi
les/MiKTeX 2.9/fonts/type1/public/amsfonts/cm/cmsy10.pfb><C:/Program Files/MiKT
eX 2.9/fonts/type1/urw/courier/ucrr8a.pfb><C:/Program Files/MiKTeX 2.9/fonts/ty
pe1/urw/times/utmb8a.pfb><C:/Program Files/MiKTeX 2.9/fonts/type1/urw/times/utm
r8a.pfb><C:/Program Files/MiKTeX 2.9/fonts/type1/urw/times/utmri8a.pfb>
Output written on "Draft 30Sep.pdf" (52 pages, 4040900 bytes).
PDF statistics:
 282 PDF objects out of 1000 (max. 8388607)
 0 named destinations out of 1000 (max. 500000)
 173 words of extra memory for PDF output out of 10000 (max. 10000000)

