This is pdfTeX, Version 3.14159265-2.6-1.40.19 (MiKTeX 2.9.6630 64-bit) (preloaded format=pdflatex 2018.5.15)  13 OCT 2018 21:01
entering extended mode
**"./Draft 12Oct.tex"
("Draft 12Oct.tex"
LaTeX2e <2017-04-15>
Babel <3.18> and hyphenation patterns for 75 language(s) loaded.
("C:\Program Files\MiKTeX 2.9\tex\latex\base\article.cls"
Document Class: article 2014/09/29 v1.4h Standard LaTeX document class
("C:\Program Files\MiKTeX 2.9\tex\latex\base\size11.clo"
File: size11.clo 2014/09/29 v1.4h Standard LaTeX file (size option)
)
\c@part=\count79
\c@section=\count80
\c@subsection=\count81
\c@subsubsection=\count82
\c@paragraph=\count83
\c@subparagraph=\count84
\c@figure=\count85
\c@table=\count86
\abovecaptionskip=\skip41
\belowcaptionskip=\skip42
\bibindent=\dimen102
)
("C:\Program Files\MiKTeX 2.9\tex\latex\amsmath\amsmath.sty"
Package: amsmath 2017/09/02 v2.17a AMS math features
\@mathmargin=\skip43

For additional information on amsmath, use the `?' option.
("C:\Program Files\MiKTeX 2.9\tex\latex\amsmath\amstext.sty"
Package: amstext 2000/06/29 v2.01 AMS text

("C:\Program Files\MiKTeX 2.9\tex\latex\amsmath\amsgen.sty"
File: amsgen.sty 1999/11/30 v2.0 generic functions
\@emptytoks=\toks14
\ex@=\dimen103
))
("C:\Program Files\MiKTeX 2.9\tex\latex\amsmath\amsbsy.sty"
Package: amsbsy 1999/11/29 v1.2d Bold Symbols
\pmbraise@=\dimen104
)
("C:\Program Files\MiKTeX 2.9\tex\latex\amsmath\amsopn.sty"
Package: amsopn 2016/03/08 v2.02 operator names
)
\inf@bad=\count87
LaTeX Info: Redefining \frac on input line 213.
\uproot@=\count88
\leftroot@=\count89
LaTeX Info: Redefining \overline on input line 375.
\classnum@=\count90
\DOTSCASE@=\count91
LaTeX Info: Redefining \ldots on input line 472.
LaTeX Info: Redefining \dots on input line 475.
LaTeX Info: Redefining \cdots on input line 596.
\Mathstrutbox@=\box26
\strutbox@=\box27
\big@size=\dimen105
LaTeX Font Info:    Redeclaring font encoding OML on input line 712.
LaTeX Font Info:    Redeclaring font encoding OMS on input line 713.
\macc@depth=\count92
\c@MaxMatrixCols=\count93
\dotsspace@=\muskip10
\c@parentequation=\count94
\dspbrk@lvl=\count95
\tag@help=\toks15
\row@=\count96
\column@=\count97
\maxfields@=\count98
\andhelp@=\toks16
\eqnshift@=\dimen106
\alignsep@=\dimen107
\tagshift@=\dimen108
\tagwidth@=\dimen109
\totwidth@=\dimen110
\lineht@=\dimen111
\@envbody=\toks17
\multlinegap=\skip44
\multlinetaggap=\skip45
\mathdisplay@stack=\toks18
LaTeX Info: Redefining \[ on input line 2817.
LaTeX Info: Redefining \] on input line 2818.
)
("C:\Program Files\MiKTeX 2.9\tex\latex\amsfonts\amssymb.sty"
Package: amssymb 2013/01/14 v3.01 AMS font symbols

("C:\Program Files\MiKTeX 2.9\tex\latex\amsfonts\amsfonts.sty"
Package: amsfonts 2013/01/14 v3.01 Basic AMSFonts support
\symAMSa=\mathgroup4
\symAMSb=\mathgroup5
LaTeX Font Info:    Overwriting math alphabet `\mathfrak' in version `bold'
(Font)                  U/euf/m/n --> U/euf/b/n on input line 106.
))
("C:\Program Files\MiKTeX 2.9\tex\latex\amscls\amsthm.sty"
Package: amsthm 2017/10/31 v2.20.4
\thm@style=\toks19
\thm@bodyfont=\toks20
\thm@headfont=\toks21
\thm@notefont=\toks22
\thm@headpunct=\toks23
\thm@preskip=\skip46
\thm@postskip=\skip47
\thm@headsep=\skip48
\dth@everypar=\toks24
)
("C:\Program Files\MiKTeX 2.9\tex\latex\graphics\epsfig.sty"
Package: epsfig 2017/06/25 v1.7b (e)psfig emulation (SPQR)

("C:\Program Files\MiKTeX 2.9\tex\latex\graphics\graphicx.sty"
Package: graphicx 2017/06/01 v1.1a Enhanced LaTeX Graphics (DPC,SPQR)

("C:\Program Files\MiKTeX 2.9\tex\latex\graphics\keyval.sty"
Package: keyval 2014/10/28 v1.15 key=value parser (DPC)
\KV@toks@=\toks25
)
("C:\Program Files\MiKTeX 2.9\tex\latex\graphics\graphics.sty"
Package: graphics 2017/06/25 v1.2c Standard LaTeX Graphics (DPC,SPQR)

("C:\Program Files\MiKTeX 2.9\tex\latex\graphics\trig.sty"
Package: trig 2016/01/03 v1.10 sin cos tan (DPC)
)
("C:\Program Files\MiKTeX 2.9\tex\latex\graphics-cfg\graphics.cfg"
File: graphics.cfg 2016/06/04 v1.11 sample graphics configuration
)
Package graphics Info: Driver file: pdftex.def on input line 99.

("C:\Program Files\MiKTeX 2.9\tex\latex\graphics-def\pdftex.def"
File: pdftex.def 2018/01/08 v1.0l Graphics/color driver for pdftex
))
\Gin@req@height=\dimen112
\Gin@req@width=\dimen113
)
\epsfxsize=\dimen114
\epsfysize=\dimen115
)
("C:\Program Files\MiKTeX 2.9\tex\latex\geometry\geometry.sty"
Package: geometry 2010/09/12 v5.6 Page Geometry

("C:\Program Files\MiKTeX 2.9\tex\generic\oberdiek\ifpdf.sty"
Package: ifpdf 2017/03/15 v3.2 Provides the ifpdf switch
)
("C:\Program Files\MiKTeX 2.9\tex\generic\oberdiek\ifvtex.sty"
Package: ifvtex 2016/05/16 v1.6 Detect VTeX and its facilities (HO)
Package ifvtex Info: VTeX not detected.
)
("C:\Program Files\MiKTeX 2.9\tex\generic\ifxetex\ifxetex.sty"
Package: ifxetex 2010/09/12 v0.6 Provides ifxetex conditional
)
\Gm@cnth=\count99
\Gm@cntv=\count100
\c@Gm@tempcnt=\count101
\Gm@bindingoffset=\dimen116
\Gm@wd@mp=\dimen117
\Gm@odd@mp=\dimen118
\Gm@even@mp=\dimen119
\Gm@layoutwidth=\dimen120
\Gm@layoutheight=\dimen121
\Gm@layouthoffset=\dimen122
\Gm@layoutvoffset=\dimen123
\Gm@dimlist=\toks26

("C:\Program Files\MiKTeX 2.9\tex\latex\geometry\geometry.cfg"))
(C:\Users\Doris_PC\AppData\Roaming\MiKTeX\2.9\tex\latex\enumitem\enumitem.sty
Package: enumitem 2011/09/28 v3.5.2 Customized lists
\labelindent=\skip49
\enit@outerparindent=\dimen124
\enit@toks=\toks27
\enit@inbox=\box28
\enitdp@description=\count102
)
("C:\Program Files\MiKTeX 2.9\tex\latex\multirow\multirow.sty"
Package: multirow 2016/11/25 v2.2 Span multiple rows of a table
\multirow@colwidth=\skip50
\multirow@cntb=\count103
\multirow@dima=\skip51
\bigstrutjot=\dimen125
)
(C:\Users\Doris_PC\AppData\Roaming\MiKTeX\2.9\tex\latex\booktabs\booktabs.sty
Package: booktabs 2005/04/14 v1.61803 publication quality tables
\heavyrulewidth=\dimen126
\lightrulewidth=\dimen127
\cmidrulewidth=\dimen128
\belowrulesep=\dimen129
\belowbottomsep=\dimen130
\aboverulesep=\dimen131
\abovetopsep=\dimen132
\cmidrulesep=\dimen133
\cmidrulekern=\dimen134
\defaultaddspace=\dimen135
\@cmidla=\count104
\@cmidlb=\count105
\@aboverulesep=\dimen136
\@belowrulesep=\dimen137
\@thisruleclass=\count106
\@lastruleclass=\count107
\@thisrulewidth=\dimen138
)
(C:\Users\Doris_PC\AppData\Roaming\MiKTeX\2.9\tex\latex\xcolor\xcolor.sty
Package: xcolor 2016/05/11 v2.12 LaTeX color extensions (UK)

("C:\Program Files\MiKTeX 2.9\tex\latex\graphics-cfg\color.cfg"
File: color.cfg 2016/01/02 v1.6 sample color configuration
)
Package xcolor Info: Package option `usenames' ignored on input line 216.
Package xcolor Info: Driver file: pdftex.def on input line 225.
Package xcolor Info: Model `cmy' substituted by `cmy0' on input line 1348.
Package xcolor Info: Model `hsb' substituted by `rgb' on input line 1352.
Package xcolor Info: Model `RGB' extended on input line 1364.
Package xcolor Info: Model `HTML' substituted by `rgb' on input line 1366.
Package xcolor Info: Model `Hsb' substituted by `hsb' on input line 1367.
Package xcolor Info: Model `tHsb' substituted by `hsb' on input line 1368.
Package xcolor Info: Model `HSB' substituted by `hsb' on input line 1369.
Package xcolor Info: Model `Gray' substituted by `gray' on input line 1370.
Package xcolor Info: Model `wave' substituted by `hsb' on input line 1371.

("C:\Program Files\MiKTeX 2.9\tex\latex\graphics\dvipsnam.def"
File: dvipsnam.def 2016/06/17 v3.0m Driver-dependent file (DPC,SPQR)
))
("C:\Program Files\MiKTeX 2.9\tex\latex\base\inputenc.sty"
Package: inputenc 2015/03/17 v1.2c Input encoding file
\inpenc@prehook=\toks28
\inpenc@posthook=\toks29

("C:\Program Files\MiKTeX 2.9\tex\latex\base\utf8.def"
File: utf8.def 2017/01/28 v1.1t UTF-8 support for inputenc
Now handling font encoding OML ...
... no UTF-8 mapping file for font encoding OML
Now handling font encoding T1 ...
... processing UTF-8 mapping file for font encoding T1

("C:\Program Files\MiKTeX 2.9\tex\latex\base\t1enc.dfu"
File: t1enc.dfu 2017/01/28 v1.1t UTF-8 support for inputenc
   defining Unicode char U+00A0 (decimal 160)
   defining Unicode char U+00A1 (decimal 161)
   defining Unicode char U+00A3 (decimal 163)
   defining Unicode char U+00AB (decimal 171)
   defining Unicode char U+00AD (decimal 173)
   defining Unicode char U+00BB (decimal 187)
   defining Unicode char U+00BF (decimal 191)
   defining Unicode char U+00C0 (decimal 192)
   defining Unicode char U+00C1 (decimal 193)
   defining Unicode char U+00C2 (decimal 194)
   defining Unicode char U+00C3 (decimal 195)
   defining Unicode char U+00C4 (decimal 196)
   defining Unicode char U+00C5 (decimal 197)
   defining Unicode char U+00C6 (decimal 198)
   defining Unicode char U+00C7 (decimal 199)
   defining Unicode char U+00C8 (decimal 200)
   defining Unicode char U+00C9 (decimal 201)
   defining Unicode char U+00CA (decimal 202)
   defining Unicode char U+00CB (decimal 203)
   defining Unicode char U+00CC (decimal 204)
   defining Unicode char U+00CD (decimal 205)
   defining Unicode char U+00CE (decimal 206)
   defining Unicode char U+00CF (decimal 207)
   defining Unicode char U+00D0 (decimal 208)
   defining Unicode char U+00D1 (decimal 209)
   defining Unicode char U+00D2 (decimal 210)
   defining Unicode char U+00D3 (decimal 211)
   defining Unicode char U+00D4 (decimal 212)
   defining Unicode char U+00D5 (decimal 213)
   defining Unicode char U+00D6 (decimal 214)
   defining Unicode char U+00D8 (decimal 216)
   defining Unicode char U+00D9 (decimal 217)
   defining Unicode char U+00DA (decimal 218)
   defining Unicode char U+00DB (decimal 219)
   defining Unicode char U+00DC (decimal 220)
   defining Unicode char U+00DD (decimal 221)
   defining Unicode char U+00DE (decimal 222)
   defining Unicode char U+00DF (decimal 223)
   defining Unicode char U+00E0 (decimal 224)
   defining Unicode char U+00E1 (decimal 225)
   defining Unicode char U+00E2 (decimal 226)
   defining Unicode char U+00E3 (decimal 227)
   defining Unicode char U+00E4 (decimal 228)
   defining Unicode char U+00E5 (decimal 229)
   defining Unicode char U+00E6 (decimal 230)
   defining Unicode char U+00E7 (decimal 231)
   defining Unicode char U+00E8 (decimal 232)
   defining Unicode char U+00E9 (decimal 233)
   defining Unicode char U+00EA (decimal 234)
   defining Unicode char U+00EB (decimal 235)
   defining Unicode char U+00EC (decimal 236)
   defining Unicode char U+00ED (decimal 237)
   defining Unicode char U+00EE (decimal 238)
   defining Unicode char U+00EF (decimal 239)
   defining Unicode char U+00F0 (decimal 240)
   defining Unicode char U+00F1 (decimal 241)
   defining Unicode char U+00F2 (decimal 242)
   defining Unicode char U+00F3 (decimal 243)
   defining Unicode char U+00F4 (decimal 244)
   defining Unicode char U+00F5 (decimal 245)
   defining Unicode char U+00F6 (decimal 246)
   defining Unicode char U+00F8 (decimal 248)
   defining Unicode char U+00F9 (decimal 249)
   defining Unicode char U+00FA (decimal 250)
   defining Unicode char U+00FB (decimal 251)
   defining Unicode char U+00FC (decimal 252)
   defining Unicode char U+00FD (decimal 253)
   defining Unicode char U+00FE (decimal 254)
   defining Unicode char U+00FF (decimal 255)
   defining Unicode char U+0100 (decimal 256)
   defining Unicode char U+0101 (decimal 257)
   defining Unicode char U+0102 (decimal 258)
   defining Unicode char U+0103 (decimal 259)
   defining Unicode char U+0104 (decimal 260)
   defining Unicode char U+0105 (decimal 261)
   defining Unicode char U+0106 (decimal 262)
   defining Unicode char U+0107 (decimal 263)
   defining Unicode char U+0108 (decimal 264)
   defining Unicode char U+0109 (decimal 265)
   defining Unicode char U+010A (decimal 266)
   defining Unicode char U+010B (decimal 267)
   defining Unicode char U+010C (decimal 268)
   defining Unicode char U+010D (decimal 269)
   defining Unicode char U+010E (decimal 270)
   defining Unicode char U+010F (decimal 271)
   defining Unicode char U+0110 (decimal 272)
   defining Unicode char U+0111 (decimal 273)
   defining Unicode char U+0112 (decimal 274)
   defining Unicode char U+0113 (decimal 275)
   defining Unicode char U+0114 (decimal 276)
   defining Unicode char U+0115 (decimal 277)
   defining Unicode char U+0116 (decimal 278)
   defining Unicode char U+0117 (decimal 279)
   defining Unicode char U+0118 (decimal 280)
   defining Unicode char U+0119 (decimal 281)
   defining Unicode char U+011A (decimal 282)
   defining Unicode char U+011B (decimal 283)
   defining Unicode char U+011C (decimal 284)
   defining Unicode char U+011D (decimal 285)
   defining Unicode char U+011E (decimal 286)
   defining Unicode char U+011F (decimal 287)
   defining Unicode char U+0120 (decimal 288)
   defining Unicode char U+0121 (decimal 289)
   defining Unicode char U+0122 (decimal 290)
   defining Unicode char U+0123 (decimal 291)
   defining Unicode char U+0124 (decimal 292)
   defining Unicode char U+0125 (decimal 293)
   defining Unicode char U+0128 (decimal 296)
   defining Unicode char U+0129 (decimal 297)
   defining Unicode char U+012A (decimal 298)
   defining Unicode char U+012B (decimal 299)
   defining Unicode char U+012C (decimal 300)
   defining Unicode char U+012D (decimal 301)
   defining Unicode char U+012E (decimal 302)
   defining Unicode char U+012F (decimal 303)
   defining Unicode char U+0130 (decimal 304)
   defining Unicode char U+0131 (decimal 305)
   defining Unicode char U+0132 (decimal 306)
   defining Unicode char U+0133 (decimal 307)
   defining Unicode char U+0134 (decimal 308)
   defining Unicode char U+0135 (decimal 309)
   defining Unicode char U+0136 (decimal 310)
   defining Unicode char U+0137 (decimal 311)
   defining Unicode char U+0139 (decimal 313)
   defining Unicode char U+013A (decimal 314)
   defining Unicode char U+013B (decimal 315)
   defining Unicode char U+013C (decimal 316)
   defining Unicode char U+013D (decimal 317)
   defining Unicode char U+013E (decimal 318)
   defining Unicode char U+0141 (decimal 321)
   defining Unicode char U+0142 (decimal 322)
   defining Unicode char U+0143 (decimal 323)
   defining Unicode char U+0144 (decimal 324)
   defining Unicode char U+0145 (decimal 325)
   defining Unicode char U+0146 (decimal 326)
   defining Unicode char U+0147 (decimal 327)
   defining Unicode char U+0148 (decimal 328)
   defining Unicode char U+014A (decimal 330)
   defining Unicode char U+014B (decimal 331)
   defining Unicode char U+014C (decimal 332)
   defining Unicode char U+014D (decimal 333)
   defining Unicode char U+014E (decimal 334)
   defining Unicode char U+014F (decimal 335)
   defining Unicode char U+0150 (decimal 336)
   defining Unicode char U+0151 (decimal 337)
   defining Unicode char U+0152 (decimal 338)
   defining Unicode char U+0153 (decimal 339)
   defining Unicode char U+0154 (decimal 340)
   defining Unicode char U+0155 (decimal 341)
   defining Unicode char U+0156 (decimal 342)
   defining Unicode char U+0157 (decimal 343)
   defining Unicode char U+0158 (decimal 344)
   defining Unicode char U+0159 (decimal 345)
   defining Unicode char U+015A (decimal 346)
   defining Unicode char U+015B (decimal 347)
   defining Unicode char U+015C (decimal 348)
   defining Unicode char U+015D (decimal 349)
   defining Unicode char U+015E (decimal 350)
   defining Unicode char U+015F (decimal 351)
   defining Unicode char U+0160 (decimal 352)
   defining Unicode char U+0161 (decimal 353)
   defining Unicode char U+0162 (decimal 354)
   defining Unicode char U+0163 (decimal 355)
   defining Unicode char U+0164 (decimal 356)
   defining Unicode char U+0165 (decimal 357)
   defining Unicode char U+0168 (decimal 360)
   defining Unicode char U+0169 (decimal 361)
   defining Unicode char U+016A (decimal 362)
   defining Unicode char U+016B (decimal 363)
   defining Unicode char U+016C (decimal 364)
   defining Unicode char U+016D (decimal 365)
   defining Unicode char U+016E (decimal 366)
   defining Unicode char U+016F (decimal 367)
   defining Unicode char U+0170 (decimal 368)
   defining Unicode char U+0171 (decimal 369)
   defining Unicode char U+0172 (decimal 370)
   defining Unicode char U+0173 (decimal 371)
   defining Unicode char U+0174 (decimal 372)
   defining Unicode char U+0175 (decimal 373)
   defining Unicode char U+0176 (decimal 374)
   defining Unicode char U+0177 (decimal 375)
   defining Unicode char U+0178 (decimal 376)
   defining Unicode char U+0179 (decimal 377)
   defining Unicode char U+017A (decimal 378)
   defining Unicode char U+017B (decimal 379)
   defining Unicode char U+017C (decimal 380)
   defining Unicode char U+017D (decimal 381)
   defining Unicode char U+017E (decimal 382)
   defining Unicode char U+01CD (decimal 461)
   defining Unicode char U+01CE (decimal 462)
   defining Unicode char U+01CF (decimal 463)
   defining Unicode char U+01D0 (decimal 464)
   defining Unicode char U+01D1 (decimal 465)
   defining Unicode char U+01D2 (decimal 466)
   defining Unicode char U+01D3 (decimal 467)
   defining Unicode char U+01D4 (decimal 468)
   defining Unicode char U+01E2 (decimal 482)
   defining Unicode char U+01E3 (decimal 483)
   defining Unicode char U+01E6 (decimal 486)
   defining Unicode char U+01E7 (decimal 487)
   defining Unicode char U+01E8 (decimal 488)
   defining Unicode char U+01E9 (decimal 489)
   defining Unicode char U+01EA (decimal 490)
   defining Unicode char U+01EB (decimal 491)
   defining Unicode char U+01F0 (decimal 496)
   defining Unicode char U+01F4 (decimal 500)
   defining Unicode char U+01F5 (decimal 501)
   defining Unicode char U+0218 (decimal 536)
   defining Unicode char U+0219 (decimal 537)
   defining Unicode char U+021A (decimal 538)
   defining Unicode char U+021B (decimal 539)
   defining Unicode char U+0232 (decimal 562)
   defining Unicode char U+0233 (decimal 563)
   defining Unicode char U+1E02 (decimal 7682)
   defining Unicode char U+1E03 (decimal 7683)
   defining Unicode char U+200C (decimal 8204)
   defining Unicode char U+2010 (decimal 8208)
   defining Unicode char U+2011 (decimal 8209)
   defining Unicode char U+2012 (decimal 8210)
   defining Unicode char U+2013 (decimal 8211)
   defining Unicode char U+2014 (decimal 8212)
   defining Unicode char U+2015 (decimal 8213)
   defining Unicode char U+2018 (decimal 8216)
   defining Unicode char U+2019 (decimal 8217)
   defining Unicode char U+201A (decimal 8218)
   defining Unicode char U+201C (decimal 8220)
   defining Unicode char U+201D (decimal 8221)
   defining Unicode char U+201E (decimal 8222)
   defining Unicode char U+2030 (decimal 8240)
   defining Unicode char U+2031 (decimal 8241)
   defining Unicode char U+2039 (decimal 8249)
   defining Unicode char U+203A (decimal 8250)
   defining Unicode char U+2423 (decimal 9251)
   defining Unicode char U+1E20 (decimal 7712)
   defining Unicode char U+1E21 (decimal 7713)
)
Now handling font encoding OT1 ...
... processing UTF-8 mapping file for font encoding OT1

("C:\Program Files\MiKTeX 2.9\tex\latex\base\ot1enc.dfu"
File: ot1enc.dfu 2017/01/28 v1.1t UTF-8 support for inputenc
   defining Unicode char U+00A0 (decimal 160)
   defining Unicode char U+00A1 (decimal 161)
   defining Unicode char U+00A3 (decimal 163)
   defining Unicode char U+00AD (decimal 173)
   defining Unicode char U+00B8 (decimal 184)
   defining Unicode char U+00BF (decimal 191)
   defining Unicode char U+00C5 (decimal 197)
   defining Unicode char U+00C6 (decimal 198)
   defining Unicode char U+00D8 (decimal 216)
   defining Unicode char U+00DF (decimal 223)
   defining Unicode char U+00E6 (decimal 230)
   defining Unicode char U+00EC (decimal 236)
   defining Unicode char U+00ED (decimal 237)
   defining Unicode char U+00EE (decimal 238)
   defining Unicode char U+00EF (decimal 239)
   defining Unicode char U+00F8 (decimal 248)
   defining Unicode char U+0131 (decimal 305)
   defining Unicode char U+0141 (decimal 321)
   defining Unicode char U+0142 (decimal 322)
   defining Unicode char U+0152 (decimal 338)
   defining Unicode char U+0153 (decimal 339)
   defining Unicode char U+0174 (decimal 372)
   defining Unicode char U+0175 (decimal 373)
   defining Unicode char U+0176 (decimal 374)
   defining Unicode char U+0177 (decimal 375)
   defining Unicode char U+0218 (decimal 536)
   defining Unicode char U+0219 (decimal 537)
   defining Unicode char U+021A (decimal 538)
   defining Unicode char U+021B (decimal 539)
   defining Unicode char U+2013 (decimal 8211)
   defining Unicode char U+2014 (decimal 8212)
   defining Unicode char U+2018 (decimal 8216)
   defining Unicode char U+2019 (decimal 8217)
   defining Unicode char U+201C (decimal 8220)
   defining Unicode char U+201D (decimal 8221)
)
Now handling font encoding OMS ...
... processing UTF-8 mapping file for font encoding OMS

("C:\Program Files\MiKTeX 2.9\tex\latex\base\omsenc.dfu"
File: omsenc.dfu 2017/01/28 v1.1t UTF-8 support for inputenc
   defining Unicode char U+00A7 (decimal 167)
   defining Unicode char U+00B6 (decimal 182)
   defining Unicode char U+00B7 (decimal 183)
   defining Unicode char U+2020 (decimal 8224)
   defining Unicode char U+2021 (decimal 8225)
   defining Unicode char U+2022 (decimal 8226)
)
Now handling font encoding OMX ...
... no UTF-8 mapping file for font encoding OMX
Now handling font encoding U ...
... no UTF-8 mapping file for font encoding U
   defining Unicode char U+00A9 (decimal 169)
   defining Unicode char U+00AA (decimal 170)
   defining Unicode char U+00AE (decimal 174)
   defining Unicode char U+00BA (decimal 186)
   defining Unicode char U+02C6 (decimal 710)
   defining Unicode char U+02DC (decimal 732)
   defining Unicode char U+200C (decimal 8204)
   defining Unicode char U+2026 (decimal 8230)
   defining Unicode char U+2122 (decimal 8482)
   defining Unicode char U+2423 (decimal 9251)
))
(C:\Users\Doris_PC\AppData\Roaming\MiKTeX\2.9\tex\latex\csquotes\csquotes.sty
Package: csquotes 2018/04/13 v5.2d context-sensitive quotations (JAW)

(C:\Users\Doris_PC\AppData\Roaming\MiKTeX\2.9\tex\latex\etoolbox\etoolbox.sty
Package: etoolbox 2018/08/19 v2.5f e-TeX tools for LaTeX (JAW)
\etb@tempcnta=\count108
)
\csq@reset=\count109
\csq@gtype=\count110
\csq@glevel=\count111
\csq@qlevel=\count112
\csq@maxlvl=\count113
\csq@tshold=\count114
\csq@ltx@everypar=\toks30

(C:\Users\Doris_PC\AppData\Roaming\MiKTeX\2.9\tex\latex\csquotes\csquotes.def
File: csquotes.def 2018/04/13 v5.2d csquotes generic definitions (JAW)
)
Package csquotes Info: Trying to load configuration file 'csquotes.cfg'...
Package csquotes Info: ... configuration file loaded successfully.

(C:\Users\Doris_PC\AppData\Roaming\MiKTeX\2.9\tex\latex\csquotes\csquotes.cfg
File: csquotes.cfg 
)) ("C:\Program Files\MiKTeX 2.9\tex\generic\babel\babel.sty"
Package: babel 2018/02/14 3.18 The Babel package

("C:\Program Files\MiKTeX 2.9\tex\generic\babel\switch.def"
File: switch.def 2018/02/14 3.18 Babel switching mechanism
)
*************************************
* Local config file bblopts.cfg used
*
(C:\Users\Doris_PC\AppData\Roaming\MiKTeX\2.9\tex\latex\arabi\bblopts.cfg
File: bblopts.cfg 2005/09/08 v0.1 add Arabic and Farsi to "declared" options of
 babel
)
("C:\Program Files\MiKTeX 2.9\tex\latex\babel-english\english.ldf"
Language: english 2017/06/06 v3.3r English support from the babel system

("C:\Program Files\MiKTeX 2.9\tex\generic\babel\babel.def"
File: babel.def 2018/02/14 3.18 Babel common definitions
\babel@savecnt=\count115
\U@D=\dimen139

("C:\Program Files\MiKTeX 2.9\tex\generic\babel\txtbabel.def")
\bbl@dirlevel=\count116
)
\l@canadian = a dialect from \language\l@american 
\l@australian = a dialect from \language\l@british 
\l@newzealand = a dialect from \language\l@british 
))
(C:\Users\Doris_PC\AppData\Roaming\MiKTeX\2.9\tex\latex\biblatex\biblatex.sty
Package: biblatex 2018/03/04 v3.11 programmable bibliographies (PK/MW)

("C:\Program Files\MiKTeX 2.9\tex\generic\oberdiek\pdftexcmds.sty"
Package: pdftexcmds 2018/01/21 v0.26 Utility functions of pdfTeX for LuaTeX (HO
)

("C:\Program Files\MiKTeX 2.9\tex\generic\oberdiek\infwarerr.sty"
Package: infwarerr 2016/05/16 v1.4 Providing info/warning/error messages (HO)
)
("C:\Program Files\MiKTeX 2.9\tex\generic\oberdiek\ifluatex.sty"
Package: ifluatex 2016/05/16 v1.4 Provides the ifluatex switch (HO)
Package ifluatex Info: LuaTeX not detected.
)
("C:\Program Files\MiKTeX 2.9\tex\generic\oberdiek\ltxcmds.sty"
Package: ltxcmds 2016/05/16 v1.23 LaTeX kernel commands for general use (HO)
)
Package pdftexcmds Info: LuaTeX not detected.
Package pdftexcmds Info: \pdf@primitive is available.
Package pdftexcmds Info: \pdf@ifprimitive is available.
Package pdftexcmds Info: \pdfdraftmode found.
)
("C:\Program Files\MiKTeX 2.9\tex\latex\oberdiek\kvoptions.sty"
Package: kvoptions 2016/05/16 v3.12 Key value format for package options (HO)

("C:\Program Files\MiKTeX 2.9\tex\generic\oberdiek\kvsetkeys.sty"
Package: kvsetkeys 2016/05/16 v1.17 Key value parser (HO)

("C:\Program Files\MiKTeX 2.9\tex\generic\oberdiek\etexcmds.sty"
Package: etexcmds 2016/05/16 v1.6 Avoid name clashes with e-TeX commands (HO)
Package etexcmds Info: Could not find \expanded.
(etexcmds)             That can mean that you are not using pdfTeX 1.50 or
(etexcmds)             that some package has redefined \expanded.
(etexcmds)             In the latter case, load this package earlier.
)))
(C:\Users\Doris_PC\AppData\Roaming\MiKTeX\2.9\tex\latex\logreq\logreq.sty
Package: logreq 2010/08/04 v1.0 xml request logger
\lrq@indent=\count117

(C:\Users\Doris_PC\AppData\Roaming\MiKTeX\2.9\tex\latex\logreq\logreq.def
File: logreq.def 2010/08/04 v1.0 logreq spec v1.0
))
("C:\Program Files\MiKTeX 2.9\tex\latex\base\ifthen.sty"
Package: ifthen 2014/09/29 v1.1c Standard LaTeX ifthen package (DPC)
)
(C:\Users\Doris_PC\AppData\Roaming\MiKTeX\2.9\tex\latex\url\url.sty
\Urlmuskip=\muskip11
Package: url 2013/09/16  ver 3.4  Verb mode for urls, etc.
)
(C:\Users\Doris_PC\AppData\Roaming\MiKTeX\2.9\tex\latex\xstring\xstring.sty
(C:\Users\Doris_PC\AppData\Roaming\MiKTeX\2.9\tex\generic\xstring\xstring.tex
\@xs@message=\write3
\integerpart=\count118
\decimalpart=\count119
)
Package: xstring 2013/10/13  v1.7c  String manipulations (C Tellechea)
)
\c@tabx@nest=\count120
\c@listtotal=\count121
\c@listcount=\count122
\c@liststart=\count123
\c@liststop=\count124
\c@citecount=\count125
\c@citetotal=\count126
\c@multicitecount=\count127
\c@multicitetotal=\count128
\c@instcount=\count129
\c@maxnames=\count130
\c@minnames=\count131
\c@maxitems=\count132
\c@minitems=\count133
\c@citecounter=\count134
\c@savedcitecounter=\count135
\c@uniquelist=\count136
\c@uniquename=\count137
\c@refsection=\count138
\c@refsegment=\count139
\c@maxextratitle=\count140
\c@maxextratitleyear=\count141
\c@maxextradate=\count142
\c@maxextraalpha=\count143
\c@abbrvpenalty=\count144
\c@highnamepenalty=\count145
\c@lownamepenalty=\count146
\c@maxparens=\count147
\c@parenlevel=\count148
\blx@tempcnta=\count149
\blx@tempcntb=\count150
\blx@tempcntc=\count151
\blx@maxsection=\count152
\blx@maxsegment@0=\count153
\blx@notetype=\count154
\blx@parenlevel@text=\count155
\blx@parenlevel@foot=\count156
\blx@sectionciteorder@0=\count157
\labelnumberwidth=\skip52
\labelalphawidth=\skip53
\biblabelsep=\skip54
\bibitemsep=\skip55
\bibnamesep=\skip56
\bibinitsep=\skip57
\bibparsep=\skip58
\bibhang=\skip59
\blx@bcfin=\read1
\blx@bcfout=\write4
\c@mincomprange=\count158
\c@maxcomprange=\count159
\c@mincompwidth=\count160
Package biblatex Info: Trying to load biblatex default data model...
Package biblatex Info: ... file 'blx-dm.def' found.
(C:\Users\Doris_PC\AppData\Roaming\MiKTeX\2.9\tex\latex\biblatex\blx-dm.def
File: blx-dm.def 2018/03/04 v3.11 biblatex localization (PK/MW)
)
Package biblatex Info: Trying to load biblatex style data model...
Package biblatex Info: ... file 'numeric.dbx' not found.
Package biblatex Info: Trying to load biblatex custom data model...
Package biblatex Info: ... file 'biblatex-dm.cfg' not found.
\c@afterword=\count161
\c@savedafterword=\count162
\c@annotator=\count163
\c@savedannotator=\count164
\c@author=\count165
\c@savedauthor=\count166
\c@bookauthor=\count167
\c@savedbookauthor=\count168
\c@commentator=\count169
\c@savedcommentator=\count170
\c@editor=\count171
\c@savededitor=\count172
\c@editora=\count173
\c@savededitora=\count174
\c@editorb=\count175
\c@savededitorb=\count176
\c@editorc=\count177
\c@savededitorc=\count178
\c@foreword=\count179
\c@savedforeword=\count180
\c@holder=\count181
\c@savedholder=\count182
\c@introduction=\count183
\c@savedintroduction=\count184
\c@namea=\count185
\c@savednamea=\count186
\c@nameb=\count187
\c@savednameb=\count188
\c@namec=\count189
\c@savednamec=\count190
\c@translator=\count191
\c@savedtranslator=\count192
\c@shortauthor=\count193
\c@savedshortauthor=\count194
\c@shorteditor=\count195
\c@savedshorteditor=\count196
\c@labelname=\count197
\c@savedlabelname=\count198
\c@institution=\count199
\c@savedinstitution=\count266
\c@lista=\count267
\c@savedlista=\count268
\c@listb=\count269
\c@savedlistb=\count270
\c@listc=\count271
\c@savedlistc=\count272
\c@listd=\count273
\c@savedlistd=\count274
\c@liste=\count275
\c@savedliste=\count276
\c@listf=\count277
\c@savedlistf=\count278
\c@location=\count279
\c@savedlocation=\count280
\c@organization=\count281
\c@savedorganization=\count282
\c@origlocation=\count283
\c@savedoriglocation=\count284
\c@origpublisher=\count285
\c@savedorigpublisher=\count286
\c@publisher=\count287
\c@savedpublisher=\count288
\c@language=\count289
\c@savedlanguage=\count290
\c@origlanguage=\count291
\c@savedoriglanguage=\count292
\c@pageref=\count293
\c@savedpageref=\count294
\shorthandwidth=\skip60
\shortjournalwidth=\skip61
\shortserieswidth=\skip62
\shorttitlewidth=\skip63
\shortauthorwidth=\skip64
\shorteditorwidth=\skip65
\locallabelnumberwidth=\skip66
\locallabelalphawidth=\skip67
\localshorthandwidth=\skip68
\localshortjournalwidth=\skip69
\localshortserieswidth=\skip70
\localshorttitlewidth=\skip71
\localshortauthorwidth=\skip72
\localshorteditorwidth=\skip73
Package biblatex Info: Trying to load compatibility code...
Package biblatex Info: ... file 'blx-compat.def' found.

(C:\Users\Doris_PC\AppData\Roaming\MiKTeX\2.9\tex\latex\biblatex\blx-compat.def
File: blx-compat.def 2018/03/04 v3.11 biblatex compatibility (PK/MW)
)
Package biblatex Info: Trying to load generic definitions...
Package biblatex Info: ... file 'biblatex.def' found.
 (C:\Users\Doris_PC\AppData\Roaming\MiKTeX\2.9\tex\latex\biblatex\biblatex.def
File: biblatex.def 2018/03/04 v3.11 biblatex compatibility (PK/MW)
\c@textcitecount=\count295
\c@textcitetotal=\count296
\c@textcitemaxnames=\count297
\c@biburlnumpenalty=\count298
\c@biburlucpenalty=\count299
\c@biburllcpenalty=\count300
\c@smartand=\count301
)
Package biblatex Info: Trying to load bibliography style 'numeric'...
Package biblatex Info: ... file 'numeric.bbx' found.

(C:\Users\Doris_PC\AppData\Roaming\MiKTeX\2.9\tex\latex\biblatex\bbx\numeric.bb
x
File: numeric.bbx 2018/03/04 v3.11 biblatex bibliography style (PK/MW)
Package biblatex Info: Trying to load bibliography style 'standard'...
Package biblatex Info: ... file 'standard.bbx' found.

(C:\Users\Doris_PC\AppData\Roaming\MiKTeX\2.9\tex\latex\biblatex\bbx\standard.b
bx
File: standard.bbx 2018/03/04 v3.11 biblatex bibliography style (PK/MW)
\c@bbx:relatedcount=\count302
\c@bbx:relatedtotal=\count303
))
Package biblatex Info: Trying to load citation style 'numeric'...
Package biblatex Info: ... file 'numeric.cbx' found.

(C:\Users\Doris_PC\AppData\Roaming\MiKTeX\2.9\tex\latex\biblatex\cbx\numeric.cb
x
File: numeric.cbx 2018/03/04 v3.11 biblatex citation style (PK/MW)
Package biblatex Info: Redefining '\cite'.
Package biblatex Info: Redefining '\parencite'.
Package biblatex Info: Redefining '\footcite'.
Package biblatex Info: Redefining '\footcitetext'.
Package biblatex Info: Redefining '\smartcite'.
Package biblatex Info: Redefining '\supercite'.
Package biblatex Info: Redefining '\textcite'.
Package biblatex Info: Redefining '\textcites'.
Package biblatex Info: Redefining '\cites'.
Package biblatex Info: Redefining '\parencites'.
Package biblatex Info: Redefining '\smartcites'.
)
Package biblatex Info: Trying to load configuration file...
Package biblatex Info: ... file 'biblatex.cfg' found.

(C:\Users\Doris_PC\AppData\Roaming\MiKTeX\2.9\tex\latex\biblatex\biblatex.cfg
File: biblatex.cfg 
))
(C:\Users\Doris_PC\AppData\Roaming\MiKTeX\2.9\tex\latex\pgf\frontendlayer\tikz.
sty
(C:\Users\Doris_PC\AppData\Roaming\MiKTeX\2.9\tex\latex\pgf\basiclayer\pgf.sty
(C:\Users\Doris_PC\AppData\Roaming\MiKTeX\2.9\tex\latex\pgf\utilities\pgfrcs.st
y
(C:\Users\Doris_PC\AppData\Roaming\MiKTeX\2.9\tex\generic\pgf\utilities\pgfutil
-common.tex
\pgfutil@everybye=\toks31
\pgfutil@tempdima=\dimen140
\pgfutil@tempdimb=\dimen141

(C:\Users\Doris_PC\AppData\Roaming\MiKTeX\2.9\tex\generic\pgf\utilities\pgfutil
-common-lists.tex))
(C:\Users\Doris_PC\AppData\Roaming\MiKTeX\2.9\tex\generic\pgf\utilities\pgfutil
-latex.def
\pgfutil@abb=\box29

(C:\Users\Doris_PC\AppData\Roaming\MiKTeX\2.9\tex\latex\ms\everyshi.sty
Package: everyshi 2001/05/15 v3.00 EveryShipout Package (MS)
))
(C:\Users\Doris_PC\AppData\Roaming\MiKTeX\2.9\tex\generic\pgf\utilities\pgfrcs.
code.tex
Package: pgfrcs 2015/08/07 v3.0.1a (rcs-revision 1.31)
))
Package: pgf 2015/08/07 v3.0.1a (rcs-revision 1.15)

(C:\Users\Doris_PC\AppData\Roaming\MiKTeX\2.9\tex\latex\pgf\basiclayer\pgfcore.
sty
(C:\Users\Doris_PC\AppData\Roaming\MiKTeX\2.9\tex\latex\pgf\systemlayer\pgfsys.
sty
(C:\Users\Doris_PC\AppData\Roaming\MiKTeX\2.9\tex\generic\pgf\systemlayer\pgfsy
s.code.tex
Package: pgfsys 2014/07/09 v3.0.1a (rcs-revision 1.48)

(C:\Users\Doris_PC\AppData\Roaming\MiKTeX\2.9\tex\generic\pgf\utilities\pgfkeys
.code.tex
\pgfkeys@pathtoks=\toks32
\pgfkeys@temptoks=\toks33

(C:\Users\Doris_PC\AppData\Roaming\MiKTeX\2.9\tex\generic\pgf\utilities\pgfkeys
filtered.code.tex
\pgfkeys@tmptoks=\toks34
))
\pgf@x=\dimen142
\pgf@y=\dimen143
\pgf@xa=\dimen144
\pgf@ya=\dimen145
\pgf@xb=\dimen146
\pgf@yb=\dimen147
\pgf@xc=\dimen148
\pgf@yc=\dimen149
\w@pgf@writea=\write5
\r@pgf@reada=\read2
\c@pgf@counta=\count304
\c@pgf@countb=\count305
\c@pgf@countc=\count306
\c@pgf@countd=\count307
\t@pgf@toka=\toks35
\t@pgf@tokb=\toks36
\t@pgf@tokc=\toks37

(C:\Users\Doris_PC\AppData\Roaming\MiKTeX\2.9\tex\generic\pgf\systemlayer\pgf.c
fg
File: pgf.cfg 2008/05/14  (rcs-revision 1.7)
)
Driver file for pgf: pgfsys-pdftex.def

(C:\Users\Doris_PC\AppData\Roaming\MiKTeX\2.9\tex\generic\pgf\systemlayer\pgfsy
s-pdftex.def
File: pgfsys-pdftex.def 2014/10/11  (rcs-revision 1.35)

(C:\Users\Doris_PC\AppData\Roaming\MiKTeX\2.9\tex\generic\pgf\systemlayer\pgfsy
s-common-pdf.def
File: pgfsys-common-pdf.def 2013/10/10  (rcs-revision 1.13)
)))
(C:\Users\Doris_PC\AppData\Roaming\MiKTeX\2.9\tex\generic\pgf\systemlayer\pgfsy
ssoftpath.code.tex
File: pgfsyssoftpath.code.tex 2013/09/09  (rcs-revision 1.9)
\pgfsyssoftpath@smallbuffer@items=\count308
\pgfsyssoftpath@bigbuffer@items=\count309
)
(C:\Users\Doris_PC\AppData\Roaming\MiKTeX\2.9\tex\generic\pgf\systemlayer\pgfsy
sprotocol.code.tex
File: pgfsysprotocol.code.tex 2006/10/16  (rcs-revision 1.4)
))
(C:\Users\Doris_PC\AppData\Roaming\MiKTeX\2.9\tex\generic\pgf\basiclayer\pgfcor
e.code.tex
Package: pgfcore 2010/04/11 v3.0.1a (rcs-revision 1.7)

(C:\Users\Doris_PC\AppData\Roaming\MiKTeX\2.9\tex\generic\pgf\math\pgfmath.code
.tex
(C:\Users\Doris_PC\AppData\Roaming\MiKTeX\2.9\tex\generic\pgf\math\pgfmathcalc.
code.tex
(C:\Users\Doris_PC\AppData\Roaming\MiKTeX\2.9\tex\generic\pgf\math\pgfmathutil.
code.tex)
(C:\Users\Doris_PC\AppData\Roaming\MiKTeX\2.9\tex\generic\pgf\math\pgfmathparse
r.code.tex
\pgfmath@dimen=\dimen150
\pgfmath@count=\count310
\pgfmath@box=\box30
\pgfmath@toks=\toks38
\pgfmath@stack@operand=\toks39
\pgfmath@stack@operation=\toks40
)
(C:\Users\Doris_PC\AppData\Roaming\MiKTeX\2.9\tex\generic\pgf\math\pgfmathfunct
ions.code.tex
(C:\Users\Doris_PC\AppData\Roaming\MiKTeX\2.9\tex\generic\pgf\math\pgfmathfunct
ions.basic.code.tex)
(C:\Users\Doris_PC\AppData\Roaming\MiKTeX\2.9\tex\generic\pgf\math\pgfmathfunct
ions.trigonometric.code.tex)
(C:\Users\Doris_PC\AppData\Roaming\MiKTeX\2.9\tex\generic\pgf\math\pgfmathfunct
ions.random.code.tex)
(C:\Users\Doris_PC\AppData\Roaming\MiKTeX\2.9\tex\generic\pgf\math\pgfmathfunct
ions.comparison.code.tex)
(C:\Users\Doris_PC\AppData\Roaming\MiKTeX\2.9\tex\generic\pgf\math\pgfmathfunct
ions.base.code.tex)
(C:\Users\Doris_PC\AppData\Roaming\MiKTeX\2.9\tex\generic\pgf\math\pgfmathfunct
ions.round.code.tex)
(C:\Users\Doris_PC\AppData\Roaming\MiKTeX\2.9\tex\generic\pgf\math\pgfmathfunct
ions.misc.code.tex)
(C:\Users\Doris_PC\AppData\Roaming\MiKTeX\2.9\tex\generic\pgf\math\pgfmathfunct
ions.integerarithmetics.code.tex)))
(C:\Users\Doris_PC\AppData\Roaming\MiKTeX\2.9\tex\generic\pgf\math\pgfmathfloat
.code.tex
\c@pgfmathroundto@lastzeros=\count311
))
(C:\Users\Doris_PC\AppData\Roaming\MiKTeX\2.9\tex\generic\pgf\basiclayer\pgfcor
epoints.code.tex
File: pgfcorepoints.code.tex 2013/10/07  (rcs-revision 1.27)
\pgf@picminx=\dimen151
\pgf@picmaxx=\dimen152
\pgf@picminy=\dimen153
\pgf@picmaxy=\dimen154
\pgf@pathminx=\dimen155
\pgf@pathmaxx=\dimen156
\pgf@pathminy=\dimen157
\pgf@pathmaxy=\dimen158
\pgf@xx=\dimen159
\pgf@xy=\dimen160
\pgf@yx=\dimen161
\pgf@yy=\dimen162
\pgf@zx=\dimen163
\pgf@zy=\dimen164
)
(C:\Users\Doris_PC\AppData\Roaming\MiKTeX\2.9\tex\generic\pgf\basiclayer\pgfcor
epathconstruct.code.tex
File: pgfcorepathconstruct.code.tex 2013/10/07  (rcs-revision 1.29)
\pgf@path@lastx=\dimen165
\pgf@path@lasty=\dimen166
)
(C:\Users\Doris_PC\AppData\Roaming\MiKTeX\2.9\tex\generic\pgf\basiclayer\pgfcor
epathusage.code.tex
File: pgfcorepathusage.code.tex 2014/11/02  (rcs-revision 1.24)
\pgf@shorten@end@additional=\dimen167
\pgf@shorten@start@additional=\dimen168
)
(C:\Users\Doris_PC\AppData\Roaming\MiKTeX\2.9\tex\generic\pgf\basiclayer\pgfcor
escopes.code.tex
File: pgfcorescopes.code.tex 2015/05/08  (rcs-revision 1.46)
\pgfpic=\box31
\pgf@hbox=\box32
\pgf@layerbox@main=\box33
\pgf@picture@serial@count=\count312
)
(C:\Users\Doris_PC\AppData\Roaming\MiKTeX\2.9\tex\generic\pgf\basiclayer\pgfcor
egraphicstate.code.tex
File: pgfcoregraphicstate.code.tex 2014/11/02  (rcs-revision 1.12)
\pgflinewidth=\dimen169
)
(C:\Users\Doris_PC\AppData\Roaming\MiKTeX\2.9\tex\generic\pgf\basiclayer\pgfcor
etransformations.code.tex
File: pgfcoretransformations.code.tex 2015/08/07  (rcs-revision 1.20)
\pgf@pt@x=\dimen170
\pgf@pt@y=\dimen171
\pgf@pt@temp=\dimen172
)
(C:\Users\Doris_PC\AppData\Roaming\MiKTeX\2.9\tex\generic\pgf\basiclayer\pgfcor
equick.code.tex
File: pgfcorequick.code.tex 2008/10/09  (rcs-revision 1.3)
)
(C:\Users\Doris_PC\AppData\Roaming\MiKTeX\2.9\tex\generic\pgf\basiclayer\pgfcor
eobjects.code.tex
File: pgfcoreobjects.code.tex 2006/10/11  (rcs-revision 1.2)
)
(C:\Users\Doris_PC\AppData\Roaming\MiKTeX\2.9\tex\generic\pgf\basiclayer\pgfcor
epathprocessing.code.tex
File: pgfcorepathprocessing.code.tex 2013/09/09  (rcs-revision 1.9)
)
(C:\Users\Doris_PC\AppData\Roaming\MiKTeX\2.9\tex\generic\pgf\basiclayer\pgfcor
earrows.code.tex
File: pgfcorearrows.code.tex 2015/05/14  (rcs-revision 1.43)
\pgfarrowsep=\dimen173
)
(C:\Users\Doris_PC\AppData\Roaming\MiKTeX\2.9\tex\generic\pgf\basiclayer\pgfcor
eshade.code.tex
File: pgfcoreshade.code.tex 2013/07/15  (rcs-revision 1.15)
\pgf@max=\dimen174
\pgf@sys@shading@range@num=\count313
)
(C:\Users\Doris_PC\AppData\Roaming\MiKTeX\2.9\tex\generic\pgf\basiclayer\pgfcor
eimage.code.tex
File: pgfcoreimage.code.tex 2013/07/15  (rcs-revision 1.18)

(C:\Users\Doris_PC\AppData\Roaming\MiKTeX\2.9\tex\generic\pgf\basiclayer\pgfcor
eexternal.code.tex
File: pgfcoreexternal.code.tex 2014/07/09  (rcs-revision 1.21)
\pgfexternal@startupbox=\box34
))
(C:\Users\Doris_PC\AppData\Roaming\MiKTeX\2.9\tex\generic\pgf\basiclayer\pgfcor
elayers.code.tex
File: pgfcorelayers.code.tex 2013/07/18  (rcs-revision 1.7)
)
(C:\Users\Doris_PC\AppData\Roaming\MiKTeX\2.9\tex\generic\pgf\basiclayer\pgfcor
etransparency.code.tex
File: pgfcoretransparency.code.tex 2013/09/30  (rcs-revision 1.5)
)
(C:\Users\Doris_PC\AppData\Roaming\MiKTeX\2.9\tex\generic\pgf\basiclayer\pgfcor
epatterns.code.tex
File: pgfcorepatterns.code.tex 2013/11/07  (rcs-revision 1.5)
)))
(C:\Users\Doris_PC\AppData\Roaming\MiKTeX\2.9\tex\generic\pgf\modules\pgfmodule
shapes.code.tex
File: pgfmoduleshapes.code.tex 2014/03/21  (rcs-revision 1.35)
\pgfnodeparttextbox=\box35
)
(C:\Users\Doris_PC\AppData\Roaming\MiKTeX\2.9\tex\generic\pgf\modules\pgfmodule
plot.code.tex
File: pgfmoduleplot.code.tex 2015/08/03  (rcs-revision 1.13)
)
(C:\Users\Doris_PC\AppData\Roaming\MiKTeX\2.9\tex\latex\pgf\compatibility\pgfco
mp-version-0-65.sty
Package: pgfcomp-version-0-65 2007/07/03 v3.0.1a (rcs-revision 1.7)
\pgf@nodesepstart=\dimen175
\pgf@nodesepend=\dimen176
)
(C:\Users\Doris_PC\AppData\Roaming\MiKTeX\2.9\tex\latex\pgf\compatibility\pgfco
mp-version-1-18.sty
Package: pgfcomp-version-1-18 2007/07/23 v3.0.1a (rcs-revision 1.1)
))
(C:\Users\Doris_PC\AppData\Roaming\MiKTeX\2.9\tex\latex\pgf\utilities\pgffor.st
y
(C:\Users\Doris_PC\AppData\Roaming\MiKTeX\2.9\tex\latex\pgf\utilities\pgfkeys.s
ty
(C:\Users\Doris_PC\AppData\Roaming\MiKTeX\2.9\tex\generic\pgf\utilities\pgfkeys
.code.tex))
(C:\Users\Doris_PC\AppData\Roaming\MiKTeX\2.9\tex\latex\pgf\math\pgfmath.sty
(C:\Users\Doris_PC\AppData\Roaming\MiKTeX\2.9\tex\generic\pgf\math\pgfmath.code
.tex))
(C:\Users\Doris_PC\AppData\Roaming\MiKTeX\2.9\tex\generic\pgf\utilities\pgffor.
code.tex
Package: pgffor 2013/12/13 v3.0.1a (rcs-revision 1.25)

(C:\Users\Doris_PC\AppData\Roaming\MiKTeX\2.9\tex\generic\pgf\math\pgfmath.code
.tex)
\pgffor@iter=\dimen177
\pgffor@skip=\dimen178
\pgffor@stack=\toks41
\pgffor@toks=\toks42
))
(C:\Users\Doris_PC\AppData\Roaming\MiKTeX\2.9\tex\generic\pgf\frontendlayer\tik
z\tikz.code.tex
Package: tikz 2015/08/07 v3.0.1a (rcs-revision 1.151)

(C:\Users\Doris_PC\AppData\Roaming\MiKTeX\2.9\tex\generic\pgf\libraries\pgflibr
aryplothandlers.code.tex
File: pgflibraryplothandlers.code.tex 2013/08/31 v3.0.1a (rcs-revision 1.20)
\pgf@plot@mark@count=\count314
\pgfplotmarksize=\dimen179
)
\tikz@lastx=\dimen180
\tikz@lasty=\dimen181
\tikz@lastxsaved=\dimen182
\tikz@lastysaved=\dimen183
\tikzleveldistance=\dimen184
\tikzsiblingdistance=\dimen185
\tikz@figbox=\box36
\tikz@figbox@bg=\box37
\tikz@tempbox=\box38
\tikz@tempbox@bg=\box39
\tikztreelevel=\count315
\tikznumberofchildren=\count316
\tikznumberofcurrentchild=\count317
\tikz@fig@count=\count318

(C:\Users\Doris_PC\AppData\Roaming\MiKTeX\2.9\tex\generic\pgf\modules\pgfmodule
matrix.code.tex
File: pgfmodulematrix.code.tex 2013/09/17  (rcs-revision 1.8)
\pgfmatrixcurrentrow=\count319
\pgfmatrixcurrentcolumn=\count320
\pgf@matrix@numberofcolumns=\count321
)
\tikz@expandcount=\count322

(C:\Users\Doris_PC\AppData\Roaming\MiKTeX\2.9\tex\generic\pgf\frontendlayer\tik
z\libraries\tikzlibrarytopaths.code.tex
File: tikzlibrarytopaths.code.tex 2008/06/17 v3.0.1a (rcs-revision 1.2)
)))
(C:\Users\Doris_PC\AppData\Roaming\MiKTeX\2.9\tex\generic\pgf\frontendlayer\tik
z\libraries\tikzlibraryautomata.code.tex
File: tikzlibraryautomata.code.tex 2008/07/14 v3.0.1a (rcs-revision 1.3)

(C:\Users\Doris_PC\AppData\Roaming\MiKTeX\2.9\tex\generic\pgf\frontendlayer\tik
z\libraries\tikzlibraryshapes.multipart.code.tex
File: tikzlibraryshapes.multipart.code.tex 2008/01/09 v3.0.1a (rcs-revision 1.1
)

(C:\Users\Doris_PC\AppData\Roaming\MiKTeX\2.9\tex\generic\pgf\libraries\shapes\
pgflibraryshapes.multipart.code.tex
File: pgflibraryshapes.multipart.code.tex 2010/01/07 v3.0.1a (rcs-revision 1.2)

\pgfnodepartlowerbox=\box40
\pgfnodeparttwobox=\box41
\pgfnodepartthreebox=\box42
\pgfnodepartfourbox=\box43
\pgfnodeparttwentybox=\box44
\pgfnodepartnineteenbox=\box45
\pgfnodeparteighteenbox=\box46
\pgfnodepartseventeenbox=\box47
\pgfnodepartsixteenbox=\box48
\pgfnodepartfifteenbox=\box49
\pgfnodepartfourteenbox=\box50
\pgfnodepartthirteenbox=\box51
\pgfnodeparttwelvebox=\box52
\pgfnodepartelevenbox=\box53
\pgfnodeparttenbox=\box54
\pgfnodepartninebox=\box55
\pgfnodeparteightbox=\box56
\pgfnodepartsevenbox=\box57
\pgfnodepartsixbox=\box58
\pgfnodepartfivebox=\box59
)))
(C:\Users\Doris_PC\AppData\Roaming\MiKTeX\2.9\tex\generic\pgf\frontendlayer\tik
z\libraries\tikzlibrarypositioning.code.tex
File: tikzlibrarypositioning.code.tex 2008/10/06 v3.0.1a (rcs-revision 1.7)
)
(C:\Users\Doris_PC\AppData\Roaming\MiKTeX\2.9\tex\latex\caption\caption.sty
Package: caption 2018/05/01 v3.3-147 Customizing captions (AR)

(C:\Users\Doris_PC\AppData\Roaming\MiKTeX\2.9\tex\latex\caption\caption3.sty
Package: caption3 2018/05/27 v1.8a caption3 kernel (AR)
Package caption3 Info: TeX engine: e-TeX on input line 64.
\captionmargin=\dimen186
\captionmargin@=\dimen187
\captionwidth=\dimen188
\caption@tempdima=\dimen189
\caption@indent=\dimen190
\caption@parindent=\dimen191
\caption@hangindent=\dimen192
)
\c@ContinuedFloat=\count323
)
(C:\Users\Doris_PC\AppData\Roaming\MiKTeX\2.9\tex\latex\mathtools\mathtools.sty
Package: mathtools 2018/01/08 v1.21 mathematical typesetting tools
("C:\Program Files\MiKTeX 2.9\tex\latex\tools\calc.sty"
Package: calc 2014/10/28 v4.3 Infix arithmetic (KKT,FJ)
\calc@Acount=\count324
\calc@Bcount=\count325
\calc@Adimen=\dimen193
\calc@Bdimen=\dimen194
\calc@Askip=\skip74
\calc@Bskip=\skip75
LaTeX Info: Redefining \setlength on input line 80.
LaTeX Info: Redefining \addtolength on input line 81.
\calc@Ccount=\count326
\calc@Cskip=\skip76
)
(C:\Users\Doris_PC\AppData\Roaming\MiKTeX\2.9\tex\latex\mathtools\mhsetup.sty
Package: mhsetup 2017/03/31 v1.3 programming setup (MH)
)
LaTeX Info: Thecontrolsequence`\('isalreadyrobust on input line 129.
LaTeX Info: Thecontrolsequence`\)'isalreadyrobust on input line 129.
LaTeX Info: Thecontrolsequence`\['isalreadyrobust on input line 129.
LaTeX Info: Thecontrolsequence`\]'isalreadyrobust on input line 129.
\g_MT_multlinerow_int=\count327
\l_MT_multwidth_dim=\dimen195
\origjot=\skip77
\l_MT_shortvdotswithinadjustabove_dim=\dimen196
\l_MT_shortvdotswithinadjustbelow_dim=\dimen197
\l_MT_above_intertext_sep=\dimen198
\l_MT_below_intertext_sep=\dimen199
\l_MT_above_shortintertext_sep=\dimen256
\l_MT_below_shortintertext_sep=\dimen257
)
(C:\Users\Doris_PC\AppData\Roaming\MiKTeX\2.9\tex\latex\algorithms\algorithm.st
y
Package: algorithm 2009/08/24 v0.1 Document Style `algorithm' - floating enviro
nment
 ("C:\Program Files\MiKTeX 2.9\tex\latex\float\float.sty"
Package: float 2001/11/08 v1.3d Float enhancements (AL)
\c@float@type=\count328
\float@exts=\toks43
\float@box=\box60
\@float@everytoks=\toks44
\@floatcapt=\box61
)
\@float@every@algorithm=\toks45
\c@algorithm=\count329
)
(C:\Users\Doris_PC\AppData\Roaming\MiKTeX\2.9\tex\latex\algorithms\algorithmic.
sty
Package: algorithmic 2009/08/24 v0.1 Document Style `algorithmic'
\c@ALC@unique=\count330
\c@ALC@line=\count331
\c@ALC@rem=\count332
\c@ALC@depth=\count333
\ALC@tlm=\skip78
\algorithmicindent=\skip79
)
(C:\Users\Doris_PC\AppData\Roaming\MiKTeX\2.9\tex\latex\todonotes\todonotes.sty
Package: todonotes 2015/07/09 .dtx Todonotes source and documentation.
Package: todonotes 2012/07/25
("C:\Program Files\MiKTeX 2.9\tex\latex\xkeyval\xkeyval.sty"
Package: xkeyval 2014/12/03 v2.7a package option processing (HA)

("C:\Program Files\MiKTeX 2.9\tex\generic\xkeyval\xkeyval.tex"
("C:\Program Files\MiKTeX 2.9\tex\generic\xkeyval\xkvutils.tex"
\XKV@toks=\toks46
\XKV@tempa@toks=\toks47
)
\XKV@depth=\count334
File: xkeyval.tex 2014/12/03 v2.7a key=value parser (HA)
))
\c@@todonotes@numberoftodonotes=\count335
)
("C:\Program Files\MiKTeX 2.9\tex\latex\psnfss\times.sty"
Package: times 2005/04/12 PSNFSS-v9.2a (SPQR) 
)
(C:\Users\Doris_PC\AppData\Roaming\MiKTeX\2.9\tex\latex\pdfpages\pdfpages.sty
Package: pdfpages 2017/10/31 v0.5l Insert pages of external PDF documents (AM)

(C:\Users\Doris_PC\AppData\Roaming\MiKTeX\2.9\tex\latex\eso-pic\eso-pic.sty
Package: eso-pic 2018/04/12 v2.0h eso-pic (RN)

("C:\Program Files\MiKTeX 2.9\tex\generic\oberdiek\atbegshi.sty"
Package: atbegshi 2016/06/09 v1.18 At begin shipout hook (HO)
))
\AM@pagewidth=\dimen258
\AM@pageheight=\dimen259

(C:\Users\Doris_PC\AppData\Roaming\MiKTeX\2.9\tex\latex\pdfpages\pppdftex.def
File: pppdftex.def 2017/10/31 v0.5l Pdfpages driver for pdfTeX (AM)
)
\AM@pagebox=\box62
\AM@global@opts=\toks48
\AM@toc@title=\toks49
\c@AM@survey=\count336
\AM@templatesizebox=\box63
) (C:\Users\Doris_PC\AppData\Roaming\MiKTeX\2.9\tex\latex\lipsum\lipsum.sty
Package: lipsum 2014/07/27 v1.3 150 paragraphs of Lorem Ipsum dummy text
\c@lips@count=\count337
)
(C:\Users\Doris_PC\AppData\Roaming\MiKTeX\2.9\tex\latex\titlesec\titlesec.sty
Package: titlesec 2016/03/21 v2.10.2 Sectioning titles
\ttl@box=\box64
\beforetitleunit=\skip80
\aftertitleunit=\skip81
\ttl@plus=\dimen260
\ttl@minus=\dimen261
\ttl@toksa=\toks50
\titlewidth=\dimen262
\titlewidthlast=\dimen263
\titlewidthfirst=\dimen264
)
(C:\Users\Doris_PC\AppData\Roaming\MiKTeX\2.9\tex\latex\comment\comment.sty
\CommentStream=\write6

Excluding comment 'comment')
(C:\Users\Doris_PC\AppData\Roaming\MiKTeX\2.9\tex\latex\cjk\CJK.sty
Package: CJK 2015/04/18 4.8.4

(C:\Users\Doris_PC\AppData\Roaming\MiKTeX\2.9\tex\latex\cjk\mule\MULEenc.sty
Package: MULEenc 2015/04/18 4.8.4
)
(C:\Users\Doris_PC\AppData\Roaming\MiKTeX\2.9\tex\latex\cjk\CJK.enc
File: CJK.enc 2015/04/18 4.8.4
Now handling font encoding C00 ...
... no UTF-8 mapping file for font encoding C00
Now handling font encoding C05 ...
... no UTF-8 mapping file for font encoding C05
Now handling font encoding C09 ...
... no UTF-8 mapping file for font encoding C09
Now handling font encoding C10 ...
... no UTF-8 mapping file for font encoding C10
Now handling font encoding C20 ...
... no UTF-8 mapping file for font encoding C20
Now handling font encoding C19 ...
... no UTF-8 mapping file for font encoding C19
Now handling font encoding C40 ...
... no UTF-8 mapping file for font encoding C40
Now handling font encoding C42 ...
... no UTF-8 mapping file for font encoding C42
Now handling font encoding C43 ...
... no UTF-8 mapping file for font encoding C43
Now handling font encoding C50 ...
... no UTF-8 mapping file for font encoding C50
Now handling font encoding C52 ...
... no UTF-8 mapping file for font encoding C52
Now handling font encoding C49 ...
... no UTF-8 mapping file for font encoding C49
Now handling font encoding C60 ...
... no UTF-8 mapping file for font encoding C60
Now handling font encoding C61 ...
... no UTF-8 mapping file for font encoding C61
Now handling font encoding C63 ...
... no UTF-8 mapping file for font encoding C63
Now handling font encoding C64 ...
... no UTF-8 mapping file for font encoding C64
Now handling font encoding C65 ...
... no UTF-8 mapping file for font encoding C65
Now handling font encoding C70 ...
... no UTF-8 mapping file for font encoding C70
Now handling font encoding C31 ...
... no UTF-8 mapping file for font encoding C31
Now handling font encoding C32 ...
... no UTF-8 mapping file for font encoding C32
Now handling font encoding C33 ...
... no UTF-8 mapping file for font encoding C33
Now handling font encoding C34 ...
... no UTF-8 mapping file for font encoding C34
Now handling font encoding C35 ...
... no UTF-8 mapping file for font encoding C35
Now handling font encoding C36 ...
... no UTF-8 mapping file for font encoding C36
Now handling font encoding C37 ...
... no UTF-8 mapping file for font encoding C37
Now handling font encoding C80 ...
... no UTF-8 mapping file for font encoding C80
Now handling font encoding C81 ...
... no UTF-8 mapping file for font encoding C81
Now handling font encoding C01 ...
... no UTF-8 mapping file for font encoding C01
Now handling font encoding C11 ...
... no UTF-8 mapping file for font encoding C11
Now handling font encoding C21 ...
... no UTF-8 mapping file for font encoding C21
Now handling font encoding C41 ...
... no UTF-8 mapping file for font encoding C41
Now handling font encoding C62 ...
... no UTF-8 mapping file for font encoding C62
)
LaTeX Info: Redefining \selectfont on input line 755.
\CJK@indent=\box65
)
(C:\Users\Doris_PC\AppData\Roaming\MiKTeX\2.9\tex\latex\fancyvrb\fancyvrb.sty
Package: fancyvrb 2008/02/07

Style option: `fancyvrb' v2.7a, with DG/SPQR fixes, and firstline=lastline fix 
<2008/02/07> (tvz)
\FV@CodeLineNo=\count338
\FV@InFile=\read3
\FV@TabBox=\box66
\c@FancyVerbLine=\count339
\FV@StepNumber=\count340
\FV@OutFile=\write7
) Excluding 'comment' comment.
\c@defn=\count341
\c@them=\count342
\c@lem=\count343
\c@corrr=\count344
\c@eg=\count345
\c@question=\count346
Package csquotes Info: Checking for multilingual support...
Package csquotes Info: ... found 'babel' package.
Package csquotes Info: Adjusting default style.
Package csquotes Info: Redefining alias 'default' -> 'english'.
Package biblatex Info: Trying to load language 'english'...
Package biblatex Info: ... file 'english.lbx' found.

(C:\Users\Doris_PC\AppData\Roaming\MiKTeX\2.9\tex\latex\biblatex\lbx\english.lb
x
File: english.lbx 2018/03/04 v3.11 biblatex localization (PK/MW)
) ("Draft 12Oct.aux")
\openout1 = `"Draft 12Oct.aux"'.

LaTeX Font Info:    Checking defaults for OML/cmm/m/it on input line 207.
LaTeX Font Info:    ... okay on input line 207.
LaTeX Font Info:    Checking defaults for T1/cmr/m/n on input line 207.
LaTeX Font Info:    ... okay on input line 207.
LaTeX Font Info:    Checking defaults for OT1/cmr/m/n on input line 207.
LaTeX Font Info:    ... okay on input line 207.
LaTeX Font Info:    Checking defaults for OMS/cmsy/m/n on input line 207.
LaTeX Font Info:    ... okay on input line 207.
LaTeX Font Info:    Checking defaults for OMX/cmex/m/n on input line 207.
LaTeX Font Info:    ... okay on input line 207.
LaTeX Font Info:    Checking defaults for U/cmr/m/n on input line 207.
LaTeX Font Info:    ... okay on input line 207.
LaTeX Font Info:    Checking defaults for C00/song/m/n on input line 207.
LaTeX Font Info:    ... okay on input line 207.
LaTeX Font Info:    Checking defaults for C05/song/m/n on input line 207.
LaTeX Font Info:    ... okay on input line 207.
LaTeX Font Info:    Checking defaults for C09/song/m/n on input line 207.
LaTeX Font Info:    ... okay on input line 207.
LaTeX Font Info:    Checking defaults for C10/song/m/n on input line 207.
LaTeX Font Info:    ... okay on input line 207.
LaTeX Font Info:    Checking defaults for C20/song/m/n on input line 207.
LaTeX Font Info:    ... okay on input line 207.
LaTeX Font Info:    Checking defaults for C19/song/m/n on input line 207.
LaTeX Font Info:    ... okay on input line 207.
LaTeX Font Info:    Checking defaults for C40/song/m/n on input line 207.
LaTeX Font Info:    ... okay on input line 207.
LaTeX Font Info:    Checking defaults for C42/song/m/n on input line 207.
LaTeX Font Info:    ... okay on input line 207.
LaTeX Font Info:    Checking defaults for C43/song/m/n on input line 207.
LaTeX Font Info:    ... okay on input line 207.
LaTeX Font Info:    Checking defaults for C50/song/m/n on input line 207.
LaTeX Font Info:    ... okay on input line 207.
LaTeX Font Info:    Checking defaults for C52/song/m/n on input line 207.
LaTeX Font Info:    ... okay on input line 207.
LaTeX Font Info:    Checking defaults for C49/song/m/n on input line 207.
LaTeX Font Info:    ... okay on input line 207.
LaTeX Font Info:    Checking defaults for C60/mj/m/n on input line 207.
LaTeX Font Info:    ... okay on input line 207.
LaTeX Font Info:    Checking defaults for C61/mj/m/n on input line 207.
LaTeX Font Info:    ... okay on input line 207.
LaTeX Font Info:    Checking defaults for C63/mj/m/n on input line 207.
LaTeX Font Info:    ... okay on input line 207.
LaTeX Font Info:    Checking defaults for C64/mj/m/n on input line 207.
LaTeX Font Info:    ... okay on input line 207.
LaTeX Font Info:    Checking defaults for C65/mj/m/n on input line 207.
LaTeX Font Info:    ... okay on input line 207.
LaTeX Font Info:    Checking defaults for C70/song/m/n on input line 207.
LaTeX Font Info:    ... okay on input line 207.
LaTeX Font Info:    Checking defaults for C31/song/m/n on input line 207.
LaTeX Font Info:    ... okay on input line 207.
LaTeX Font Info:    Checking defaults for C32/song/m/n on input line 207.
LaTeX Font Info:    ... okay on input line 207.
LaTeX Font Info:    Checking defaults for C33/song/m/n on input line 207.
LaTeX Font Info:    ... okay on input line 207.
LaTeX Font Info:    Checking defaults for C34/song/m/n on input line 207.
LaTeX Font Info:    ... okay on input line 207.
LaTeX Font Info:    Checking defaults for C35/song/m/n on input line 207.
LaTeX Font Info:    ... okay on input line 207.
LaTeX Font Info:    Checking defaults for C36/song/m/n on input line 207.
LaTeX Font Info:    ... okay on input line 207.
LaTeX Font Info:    Checking defaults for C37/song/m/n on input line 207.
LaTeX Font Info:    ... okay on input line 207.
LaTeX Font Info:    Checking defaults for C80/song/m/n on input line 207.
LaTeX Font Info:    ... okay on input line 207.
LaTeX Font Info:    Checking defaults for C81/song/m/n on input line 207.
LaTeX Font Info:    ... okay on input line 207.
LaTeX Font Info:    Checking defaults for C01/song/m/n on input line 207.
LaTeX Font Info:    ... okay on input line 207.
LaTeX Font Info:    Checking defaults for C11/song/m/n on input line 207.
LaTeX Font Info:    ... okay on input line 207.
LaTeX Font Info:    Checking defaults for C21/song/m/n on input line 207.
LaTeX Font Info:    ... okay on input line 207.
LaTeX Font Info:    Checking defaults for C41/song/m/n on input line 207.
LaTeX Font Info:    ... okay on input line 207.
LaTeX Font Info:    Checking defaults for C62/song/m/n on input line 207.
LaTeX Font Info:    ... okay on input line 207.
LaTeX Font Info:    Try loading font information for OT1+ptm on input line 207.

 ("C:\Program Files\MiKTeX 2.9\tex\latex\psnfss\ot1ptm.fd"
File: ot1ptm.fd 2001/06/04 font definitions for OT1/ptm.
) (C:\Users\Doris_PC\AppData\Roaming\MiKTeX\2.9\tex\context\base\supp-pdf.mkii
[Loading MPS to PDF converter (version 2006.09.02).]
\scratchcounter=\count347
\scratchdimen=\dimen265
\scratchbox=\box67
\nofMPsegments=\count348
\nofMParguments=\count349
\everyMPshowfont=\toks51
\MPscratchCnt=\count350
\MPscratchDim=\dimen266
\MPnumerator=\count351
\makeMPintoPDFobject=\count352
\everyMPtoPDFconversion=\toks52
) ("C:\Program Files\MiKTeX 2.9\tex\latex\oberdiek\epstopdf-base.sty"
Package: epstopdf-base 2016/05/15 v2.6 Base part for package epstopdf

("C:\Program Files\MiKTeX 2.9\tex\latex\oberdiek\grfext.sty"
Package: grfext 2016/05/16 v1.2 Manage graphics extensions (HO)

("C:\Program Files\MiKTeX 2.9\tex\generic\oberdiek\kvdefinekeys.sty"
Package: kvdefinekeys 2016/05/16 v1.4 Define keys (HO)
))
Package epstopdf-base Info: Redefining graphics rule for `.eps' on input line 4
38.
Package grfext Info: Graphics extension search list:
(grfext)             [.pdf,.png,.jpg,.mps,.jpeg,.jbig2,.jb2,.PDF,.PNG,.JPG,.JPE
G,.JBIG2,.JB2,.eps]
(grfext)             \AppendGraphicsExtensions on input line 456.
)
*geometry* driver: auto-detecting
*geometry* detected driver: pdftex
*geometry* verbose mode - [ preamble ] result:
* driver: pdftex
* paper: a4paper
* layout: <same size as paper>
* layoutoffset:(h,v)=(0.0pt,0.0pt)
* modes: 
* h-part:(L,W,R)=(72.26999pt, 452.9679pt, 72.26999pt)
* v-part:(T,H,B)=(72.26999pt, 700.50687pt, 72.26999pt)
* \paperwidth=597.50787pt
* \paperheight=845.04684pt
* \textwidth=452.9679pt
* \textheight=700.50687pt
* \oddsidemargin=0.0pt
* \evensidemargin=0.0pt
* \topmargin=-37.0pt
* \headheight=12.0pt
* \headsep=25.0pt
* \topskip=11.0pt
* \footskip=30.0pt
* \marginparwidth=56.9055pt
* \marginparsep=10.0pt
* \columnsep=10.0pt
* \skip\footins=10.0pt plus 4.0pt minus 2.0pt
* \hoffset=0.0pt
* \voffset=0.0pt
* \mag=1000
* \@twocolumnfalse
* \@twosidefalse
* \@mparswitchfalse
* \@reversemarginfalse
* (1in=72.27pt=25.4mm, 1cm=28.453pt)

Package biblatex Info: Input encoding 'utf8' detected.
Package biblatex Info: Automatic encoding selection.
(biblatex)             Assuming data encoding 'utf8'.
\openout4 = `"Draft 12Oct.bcf"'.

Package biblatex Info: Trying to load bibliographic data...
Package biblatex Info: ... file '"Draft 12Oct".bbl' found.
("Draft 12Oct.bbl"

Package biblatex Warning: The following entry could not be found
(biblatex)                in the database:
(biblatex)                crawley2000energy
(biblatex)                Please verify the spelling and rerun
(biblatex)                LaTeX afterwards.

)
Package biblatex Info: Reference section=0 on input line 207.
Package biblatex Info: Reference segment=0 on input line 207.
 ABD: EveryShipout initializing macros
Package caption Info: Begin \AtBeginDocument code.
Package caption Info: float package is loaded.
Package caption Info: End \AtBeginDocument code.
\AtBeginShipoutBox=\box68

("C:\Program Files\MiKTeX 2.9\tex\latex\oberdiek\pdflscape.sty"
Package: pdflscape 2016/05/14 v0.11 Display of landscape pages in PDF (HO)

("C:\Program Files\MiKTeX 2.9\tex\latex\graphics\lscape.sty"
Package: lscape 2000/10/22 v3.01 Landscape Pages (DPC)
)
Package pdflscape Info: Auto-detected driver: pdftex on input line 81.
)
Excluding 'comment' comment.
LaTeX Font Info:    Try loading font information for U+msa on input line 232.

("C:\Program Files\MiKTeX 2.9\tex\latex\amsfonts\umsa.fd"
File: umsa.fd 2013/01/14 v3.01 AMS symbols A
)
LaTeX Font Info:    Try loading font information for U+msb on input line 232.

("C:\Program Files\MiKTeX 2.9\tex\latex\amsfonts\umsb.fd"
File: umsb.fd 2013/01/14 v3.01 AMS symbols B
) [1

{C:/Users/Doris_PC/AppData/Local/MiKTeX/2.9/pdftex/config/pdftex.map}]
LaTeX Font Info:    Font shape `OT1/ptm/bx/n' in size <14.4> not available
(Font)              Font shape `OT1/ptm/b/n' tried instead on input line 235.
 ("Draft 12Oct.toc"
LaTeX Font Info:    Font shape `OT1/ptm/bx/n' in size <10.95> not available
(Font)              Font shape `OT1/ptm/b/n' tried instead on input line 4.

[2])
\tf@toc=\write8
\openout8 = `"Draft 12Oct.toc"'.

 [3] [4]
Underfull \hbox (badness 10000) in paragraph at lines 245--246

 []


Underfull \hbox (badness 10000) in paragraph at lines 248--249

 []


Overfull \hbox (0.65231pt too wide) in paragraph at lines 251--252
\OT1/ptm/m/n/10.95 in-puts, and dy-namic sim-u-la-tion (En-er-gy-Plus) which ba
sed on hourly timestep in-puts ini-tia-tive cal-cu-la-tion
 []


Overfull \hbox (14.8545pt too wide) in paragraph at lines 251--252
\OT1/ptm/m/n/10.95 method [[], 2, 1]. The build-ings are firstly cal-i-brated t
o match the his-tor-i-cal mea-sure-ment,
 []


Underfull \hbox (badness 10000) in paragraph at lines 251--252

 []

<Figure/SIA380Issue.jpg, id=19, 376.40625pt x 392.21532pt>
File: Figure/SIA380Issue.jpg Graphic file (type jpg)
<use Figure/SIA380Issue.jpg>
Package pdftex.def Info: Figure/SIA380Issue.jpg  used on input line 255.
(pdftex.def)             Requested size: 244.66115pt x 254.93694pt.
[5 <./Figure/SIA380Issue.jpg>]
Underfull \hbox (badness 10000) in paragraph at lines 264--265

 []


Underfull \hbox (badness 10000) in paragraph at lines 266--267

 []


Underfull \hbox (badness 10000) in paragraph at lines 268--270

 []


Underfull \hbox (badness 10000) in paragraph at lines 271--273

 []


Underfull \hbox (badness 10000) in paragraph at lines 274--276

 []

[6]
Underfull \hbox (badness 10000) in paragraph at lines 277--279

 []

LaTeX Font Info:    Font shape `OT1/ptm/bx/n' in size <12> not available
(Font)              Font shape `OT1/ptm/b/n' tried instead on input line 280.

Underfull \hbox (badness 10000) in paragraph at lines 284--285

 []


Underfull \hbox (badness 10000) in paragraph at lines 286--287

 []


Underfull \hbox (badness 10000) in paragraph at lines 292--293

 []


Underfull \hbox (badness 10000) in paragraph at lines 294--295

 []

[7]
Underfull \hbox (badness 10000) in paragraph at lines 296--297

 []


Underfull \hbox (badness 10000) in paragraph at lines 298--299

 []

<./Figure/Energy-relatedData.jpg, id=31, 800.9925pt x 637.63219pt>
File: ./Figure/Energy-relatedData.jpg Graphic file (type jpg)
<use ./Figure/Energy-relatedData.jpg>
Package pdftex.def Info: ./Figure/Energy-relatedData.jpg  used on input line 30
3.
(pdftex.def)             Requested size: 400.49527pt x 318.8153pt.

Underfull \hbox (badness 10000) in paragraph at lines 308--309

 []

[8 <./Figure/Energy-relatedData.jpg>]
Underfull \hbox (badness 10000) in paragraph at lines 310--311

 []


Underfull \hbox (badness 10000) in paragraph at lines 312--313

 []


Underfull \hbox (badness 10000) in paragraph at lines 314--315

 []


Underfull \hbox (badness 10000) in paragraph at lines 317--319

 []


Overfull \hbox (4.69281pt too wide) in paragraph at lines 327--328
\OT1/ptm/m/n/10.95 tem-per-a-ture for un-heated ares (based on a re-search on b
ase-ment ac-tual tem-per-a-ture), and the dis-crep-an-cies
 []

[9] [10]
Underfull \hbox (badness 10000) in paragraph at lines 332--333

 []

<./Figure/overview.JPG, id=41, 791.95876pt x 314.67563pt>
File: ./Figure/overview.JPG Graphic file (type jpg)
<use ./Figure/overview.JPG>
Package pdftex.def Info: ./Figure/overview.JPG  used on input line 336.
(pdftex.def)             Requested size: 395.97841pt x 157.33742pt.
<./Figure/Sumatra_photo.jpg, id=42, 828.84656pt x 615.80063pt>
File: ./Figure/Sumatra_photo.jpg Graphic file (type jpg)
<use ./Figure/Sumatra_photo.jpg>
Package pdftex.def Info: ./Figure/Sumatra_photo.jpg  used on input line 345.
(pdftex.def)             Requested size: 372.9775pt x 277.10771pt.

Overfull \hbox (17.76723pt too wide) in paragraph at lines 351--352
\OT1/ptm/m/n/10.95 According to the given in-for-ma-tion, the of-fice build-ing
 is con-structed in 1951 and is lo-cated at Suma-trastrasse
 []


Underfull \hbox (badness 10000) in paragraph at lines 351--352

 []

<./Figure/Sumatra_OG2_Plan.pdf, id=43, 3709.86pt x 1915.155pt>
File: ./Figure/Sumatra_OG2_Plan.pdf Graphic file (type pdf)
<use ./Figure/Sumatra_OG2_Plan.pdf>
Package pdftex.def Info: ./Figure/Sumatra_OG2_Plan.pdf  used on input line 358.

(pdftex.def)             Requested size: 482.29874pt x 248.97888pt.

Overfull \hbox (29.33084pt too wide) in paragraph at lines 358--359
 [][] 
 []

[11 <./Figure/overview.JPG>]

pdfTeX warning: pdflatex.EXE (file ./Figure/Sumatra_OG3_Plan.pdf): PDF inclusio
n: found PDF version <1.6>, but at most version <1.5> allowed
<./Figure/Sumatra_OG3_Plan.pdf, id=47, 3848.5069pt x 1997.19244pt>
File: ./Figure/Sumatra_OG3_Plan.pdf Graphic file (type pdf)
<use ./Figure/Sumatra_OG3_Plan.pdf>
Package pdftex.def Info: ./Figure/Sumatra_OG3_Plan.pdf  used on input line 365.

(pdftex.def)             Requested size: 500.32347pt x 259.64413pt.

Overfull \hbox (47.35558pt too wide) in paragraph at lines 365--366
 [][] 
 []

[12 <./Figure/Sumatra_photo.jpg> <./Figure/Sumatra_OG2_Plan.pdf, page is rotate
d 90 degrees>]
Underfull \hbox (badness 10000) in paragraph at lines 372--373

 []



pdfTeX warning: pdflatex.EXE (file ./Figure/Hongg_photo1.pdf): PDF inclusion: f
ound PDF version <1.6>, but at most version <1.5> allowed
<./Figure/Hongg_photo1.pdf, id=55, 277.035pt x 502.87875pt>
File: ./Figure/Hongg_photo1.pdf Graphic file (type pdf)
<use ./Figure/Hongg_photo1.pdf>
Package pdftex.def Info: ./Figure/Hongg_photo1.pdf  used on input line 379.
(pdftex.def)             Requested size: 142.26378pt x 258.23729pt.


pdfTeX warning: pdflatex.EXE (file ./Figure/Hongg_photo0.pdf): PDF inclusion: f
ound PDF version <1.6>, but at most version <1.5> allowed
<./Figure/Hongg_photo0.pdf, id=56, 380.42125pt x 563.10374pt>
File: ./Figure/Hongg_photo0.pdf Graphic file (type pdf)
<use ./Figure/Hongg_photo0.pdf>
Package pdftex.def Info: ./Figure/Hongg_photo0.pdf  used on input line 385.
(pdftex.def)             Requested size: 170.71652pt x 252.69836pt.


pdfTeX warning: pdflatex.EXE (file ./Figure/Hongg_EG_Plan.pdf): PDF inclusion: 
found PDF version <1.6>, but at most version <1.5> allowed
<./Figure/Hongg_EG_Plan.pdf, id=57, 287.32947pt x 394.20174pt>
File: ./Figure/Hongg_EG_Plan.pdf Graphic file (type pdf)
<use ./Figure/Hongg_EG_Plan.pdf>
Package pdftex.def Info: ./Figure/Hongg_EG_Plan.pdf  used on input line 393.
(pdftex.def)             Requested size: 430.99315pt x 591.30113pt.


pdfTeX warning: pdflatex.EXE (file ./Figure/Hongg_1OG_Plan.pdf): PDF inclusion:
 found PDF version <1.6>, but at most version <1.5> allowed
<./Figure/Hongg_1OG_Plan.pdf, id=58, 289.95528pt x 399.01672pt>
File: ./Figure/Hongg_1OG_Plan.pdf Graphic file (type pdf)
<use ./Figure/Hongg_1OG_Plan.pdf>
Package pdftex.def Info: ./Figure/Hongg_1OG_Plan.pdf  used on input line 400.
(pdftex.def)             Requested size: 463.92906pt x 638.4276pt.

Overfull \hbox (10.96117pt too wide) in paragraph at lines 400--401
 [][] 
 []


Overfull \hbox (3.87213pt too wide) in paragraph at lines 407--408
\OT1/ptm/m/it/10.95 DesignBuilder \OT1/ptm/m/n/10.95 is used to model the build
-ing en-velopes of both build-ings. It is com-pat-i-ble with En-er-gy-Plus
 []

<./Figure/Sumatra_dxf.jpg, id=59, 367.3725pt x 414.79968pt>
File: ./Figure/Sumatra_dxf.jpg Graphic file (type jpg)
<use ./Figure/Sumatra_dxf.jpg>
Package pdftex.def Info: ./Figure/Sumatra_dxf.jpg  used on input line 416.
(pdftex.def)             Requested size: 257.15898pt x 290.3578pt.
[13 <./Figure/Sumatra_OG3_Plan.pdf, page is rotated 90 degrees>]
<./Figure/Hongger_dxf.jpg, id=67, 701.62125pt x 457.71pt>
File: ./Figure/Hongger_dxf.jpg Graphic file (type jpg)
<use ./Figure/Hongger_dxf.jpg>
Package pdftex.def Info: ./Figure/Hongger_dxf.jpg  used on input line 423.
(pdftex.def)             Requested size: 456.0484pt x 297.50798pt.

Overfull \hbox (3.0805pt too wide) in paragraph at lines 423--424
 [][] 
 []

[14 <./Figure/Hongg_photo1.pdf> <./Figure/Hongg_photo0.pdf> <./Figure/Sumatra_d
xf.jpg>] [15 <./Figure/Hongg_EG_Plan.pdf>] [16 <./Figure/Hongg_1OG_Plan.pdf>]
Underfull \hbox (badness 10000) in paragraph at lines 429--430

 []

[17 <./Figure/Hongger_dxf.jpg>]
Underfull \hbox (badness 10000) in paragraph at lines 500--500
[]\OT1/ptm/m/n/10.95 U-Value
 []

[18]
Underfull \hbox (badness 10000) in paragraph at lines 551--554

 []

[19]
Overfull \hbox (0.60172pt too wide) in paragraph at lines 561--561
[]\OT1/ptm/m/n/10.95 Thickness 
 []


Underfull \hbox (badness 10000) in paragraph at lines 561--561
[]\OT1/ptm/m/n/10.95 Heat
 []


Underfull \hbox (badness 10000) in paragraph at lines 561--561
[]\OT1/ptm/m/n/10.95 R
 []


Overfull \hbox (2.47221pt too wide) in paragraph at lines 561--561
\OT1/ptm/m/n/10.95 m$[]$K/W| 
 []


Underfull \hbox (badness 10000) in paragraph at lines 561--561
[]\OT1/ptm/m/n/10.95 U
 []

[20]
Overfull \hbox (1.3683pt too wide) in paragraph at lines 614--614
[]\OT1/ptm/m/n/10.95 Thickness
 []


Overfull \hbox (1.44507pt too wide) in paragraph at lines 614--614
[]\OT1/ptm/m/n/10.95 Lambda
 []


Underfull \hbox (badness 10000) in paragraph at lines 614--614
[]\OT1/ptm/m/n/10.95 Heat
 []


Underfull \hbox (badness 10000) in paragraph at lines 614--614
\OT1/ptm/m/n/10.95 Ca-pac-ity
 []

<./Figure/SumatraDesignBuilderModel.JPG, id=111, 823.57687pt x 648.17157pt>
File: ./Figure/SumatraDesignBuilderModel.JPG Graphic file (type jpg)
<use ./Figure/SumatraDesignBuilderModel.JPG>
Package pdftex.def Info: ./Figure/SumatraDesignBuilderModel.JPG  used on input 
line 654.
(pdftex.def)             Requested size: 370.60617pt x 291.6745pt.
[21]
<./Figure/HonggDesignBuilderModel.JPG, id=116, 516.42938pt x 638.385pt>
File: ./Figure/HonggDesignBuilderModel.JPG Graphic file (type jpg)
<use ./Figure/HonggDesignBuilderModel.JPG>
Package pdftex.def Info: ./Figure/HonggDesignBuilderModel.JPG  used on input li
ne 661.
(pdftex.def)             Requested size: 232.39107pt x 287.27058pt.

Underfull \hbox (badness 10000) in paragraph at lines 668--669

 []

[22 <./Figure/SumatraDesignBuilderModel.JPG> <./Figure/HonggDesignBuilderModel.
JPG>]
Overfull \hbox (4.0029pt too wide) in paragraph at lines 670--672
\OT1/ptm/m/n/10.95 build-ing costs [23]. It con-tains three ma-jor sub-pro-gram
s: Space Loads Pre-dic-tion, Air Sys-tem Sim-u-la-tion,
 []


Overfull \hbox (1.53868pt too wide) in paragraph at lines 670--672
\OT1/ptm/m/n/10.95 equa-tions in-clude heat trans-mis-sion, so-lar loads, in-te
r-nal heat gains, air in-fil-tra-tion loads, and tem-per-a-ture
 []


Underfull \hbox (badness 10000) in paragraph at lines 670--672

 []


Underfull \hbox (badness 10000) in paragraph at lines 673--677

 []


Underfull \hbox (badness 10000) in paragraph at lines 679--681

 []


Underfull \hbox (badness 10000) in paragraph at lines 685--686

 []

[23]
Underfull \hbox (badness 10000) in paragraph at lines 687--689

 []


Underfull \hbox (badness 10000) in paragraph at lines 691--693

 []


Underfull \hbox (badness 10000) in paragraph at lines 694--695

 []


Underfull \hbox (badness 10000) in paragraph at lines 696--698

 []


Underfull \hbox (badness 10000) in paragraph at lines 699--700

 []

[24]
Overfull \hbox (2.53482pt too wide) in paragraph at lines 715--717
\OT1/ptm/m/n/10.95 SIA has pub-lished a stan-dard weather data \OT1/ptm/m/it/10
.95 SIA 381/2 Kli-ma-daten zi Em-fehlung SIA 380/1 \OT1/ptm/m/n/10.95 (Rec-om-m
ended
 []


Underfull \hbox (badness 10000) in paragraph at lines 715--717

 []

LaTeX Font Info:    Font shape `OT1/ptm/bx/n' in size <10> not available
(Font)              Font shape `OT1/ptm/b/n' tried instead on input line 727.

Underfull \hbox (badness 10000) in paragraph at lines 729--729
[]\OT1/ptm/m/n/10 Average
 []


Underfull \hbox (badness 10000) in paragraph at lines 733--733
[]\OT1/ptm/m/n/10 Solar
 []


Underfull \hbox (badness 10000) in paragraph at lines 739--739
[]\OT1/ptm/m/n/10 Solar
 []


Underfull \hbox (badness 10000) in paragraph at lines 741--741
[]\OT1/ptm/m/n/10 Horizontal
 []

[25]
Underfull \hbox (badness 10000) in paragraph at lines 766--766
[]\OT1/ptm/m/n/10 Average
 []


Underfull \hbox (badness 10000) in paragraph at lines 768--768
[]\OT1/ptm/m/n/10 Heating
 []


Underfull \hbox (badness 10000) in paragraph at lines 770--770
[]\OT1/ptm/m/n/10 Solar
 []


Underfull \hbox (badness 10000) in paragraph at lines 776--776
[]\OT1/ptm/m/n/10 Solar
 []


Underfull \hbox (badness 10000) in paragraph at lines 778--778
[]\OT1/ptm/m/n/10 Horizontal
 []


Underfull \hbox (badness 10000) in paragraph at lines 808--809

 []


Underfull \hbox (badness 10000) in paragraph at lines 810--812

 []

[26]
Overfull \hbox (5.16417pt too wide) in paragraph at lines 813--815
\OT1/ptm/m/n/10.95 The 2015 weather file is cre-ated from the typ-i-cal Zurich 
weather file by re-plac-ing the dry bulb tem-per-a-ture,
 []

<./Figure/WeatherStation.jpg, id=134, 531.48563pt x 499.11469pt>
File: ./Figure/WeatherStation.jpg Graphic file (type jpg)
<use ./Figure/WeatherStation.jpg>
Package pdftex.def Info: ./Figure/WeatherStation.jpg  used on input line 818.
(pdftex.def)             Requested size: 372.0374pt x 349.37788pt.

Underfull \hbox (badness 10000) in paragraph at lines 847--849

 []

[27 <./Figure/WeatherStation.jpg>]
<./Figure/HeatIsland_Construction.jpg, id=138, 828.84656pt x 420.06938pt>
File: ./Figure/HeatIsland_Construction.jpg Graphic file (type jpg)
<use ./Figure/HeatIsland_Construction.jpg>
Package pdftex.def Info: ./Figure/HeatIsland_Construction.jpg  used on input li
ne 856.
(pdftex.def)             Requested size: 455.86702pt x 231.03888pt.

Overfull \hbox (2.89912pt too wide) in paragraph at lines 856--857
 [][] 
 []

<HeatIslandConstruction.jpg, id=139, 555.57562pt x 330.48468pt>
File: HeatIslandConstruction.jpg Graphic file (type jpg)
<use HeatIslandConstruction.jpg>
Package pdftex.def Info: HeatIslandConstruction.jpg  used on input line 863.
(pdftex.def)             Requested size: 344.45331pt x 204.89838pt.
[28 <./Figure/HeatIsland_Construction.jpg>]
Overfull \hbox (5.45842pt too wide) in paragraph at lines 875--876
\OT1/ptm/m/n/10.95 SIA takes a num-ber of losses into ac-count, mainly \OT1/ptm
/m/it/10.95 trans-mis-sion loss \OT1/ptm/m/n/10.95 and \OT1/ptm/m/it/10.95 ven-
ti-la-tion loss\OT1/ptm/m/n/10.95 . The \OT1/ptm/m/it/10.95 trans-mis-sion
 []


Underfull \hbox (badness 10000) in paragraph at lines 875--876

 []


Underfull \hbox (badness 10000) in paragraph at lines 877--878

 []


Underfull \hbox (badness 10000) in paragraph at lines 879--886

 []


Underfull \hbox (badness 10000) in paragraph at lines 888--894

 []

[29 <./HeatIslandConstruction.jpg>]
Underfull \hbox (badness 10000) in paragraph at lines 895--896

 []


Underfull \hbox (badness 10000) in paragraph at lines 896--903

 []


Underfull \hbox (badness 10000) in paragraph at lines 905--907

 []


Underfull \hbox (badness 10000) in paragraph at lines 907--914

 []


Underfull \hbox (badness 10000) in paragraph at lines 916--918

 []


Underfull \hbox (badness 10000) in paragraph at lines 918--924

 []


Underfull \hbox (badness 10000) in paragraph at lines 927--928

 []


Underfull \hbox (badness 10000) in paragraph at lines 929--931

 []


Underfull \hbox (badness 10000) in paragraph at lines 933--938

 []

[30]
Underfull \hbox (badness 10000) in paragraph at lines 942--948

 []


Underfull \hbox (badness 10000) in paragraph at lines 950--952

 []


Underfull \hbox (badness 10000) in paragraph at lines 953--959

 []


Underfull \hbox (badness 10000) in paragraph at lines 972--973

 []

[31]
LaTeX Font Info:    Try loading font information for OMS+ptm on input line 977.

 ("C:\Program Files\MiKTeX 2.9\tex\latex\psnfss\omsptm.fd"
File: omsptm.fd 
)
LaTeX Font Info:    Font shape `OMS/ptm/m/n' in size <10.95> not available
(Font)              Font shape `OMS/cmsy/m/n' tried instead on input line 977.

Underfull \hbox (badness 10000) in paragraph at lines 987--988

 []

<./Figure/TempSetpoint.jpg, id=155, 344.03531pt x 212.29312pt>
File: ./Figure/TempSetpoint.jpg Graphic file (type jpg)
<use ./Figure/TempSetpoint.jpg>
Package pdftex.def Info: ./Figure/TempSetpoint.jpg  used on input line 991.
(pdftex.def)             Requested size: 344.03447pt x 212.2926pt.
<./Figure/JanBath_Light.jpg, id=156, 730.22812pt x 435.12563pt>
File: ./Figure/JanBath_Light.jpg Graphic file (type jpg)
<use ./Figure/JanBath_Light.jpg>
Package pdftex.def Info: ./Figure/JanBath_Light.jpg  used on input line 999.
(pdftex.def)             Requested size: 292.08607pt x 174.04716pt.

LaTeX Warning: `!h' float specifier changed to `!ht'.


Overfull \hbox (6.69655pt too wide) in paragraph at lines 1008--1009
\OT1/ptm/m/n/10.95 In or-der to en-sure the sim-u-lated build-ings have sim-i-l
ar ther-mal be-hav-iors as the real build-ings, a cal-i-bra-tion
 []


Underfull \hbox (badness 10000) in paragraph at lines 1008--1009

 []


Underfull \hbox (badness 10000) in paragraph at lines 1012--1014

 []

[32 <./Figure/TempSetpoint.jpg>]
Overfull \hbox (9.04053pt too wide) in paragraph at lines 1016--1018
\OT1/ptm/m/n/10.95 Internal load such as Light-ing and ap-pli-ance sched-ule ca
n change the in-door tem-per-a-ture pat-ten. There-fore,
 []


Underfull \hbox (badness 10000) in paragraph at lines 1016--1018

 []


Underfull \hbox (badness 10000) in paragraph at lines 1020--1022

 []


Underfull \hbox (badness 10000) in paragraph at lines 1025--1027

 []


Underfull \hbox (badness 10000) in paragraph at lines 1034--1035

 []


Underfull \hbox (badness 10000) in paragraph at lines 1037--1039

 []

[33 <./Figure/JanBath_Light.jpg>]
Overfull \hbox (13.34285pt too wide) in paragraph at lines 1041--1044
\OT1/ptm/m/n/10.95 All zones' heat-ing set-point tem-per-a-ture are part of the
 pa-ram-e-ter vari-a-tion. The heat-ing set-point tem-per-a-ture
 []


Underfull \hbox (badness 10000) in paragraph at lines 1041--1044

 []

<./Figure/Residential_TempSetpoint.jpg, id=163, 456.95718pt x 345.54094pt>
File: ./Figure/Residential_TempSetpoint.jpg Graphic file (type jpg)
<use ./Figure/Residential_TempSetpoint.jpg>
Package pdftex.def Info: ./Figure/Residential_TempSetpoint.jpg  used on input l
ine 1047.
(pdftex.def)             Requested size: 365.56622pt x 276.43312pt.
<./Figure/VentilationLevel.jpg, id=164, 660.21657pt x 339.51843pt>
File: ./Figure/VentilationLevel.jpg Graphic file (type jpg)
<use ./Figure/VentilationLevel.jpg>
Package pdftex.def Info: ./Figure/VentilationLevel.jpg  used on input line 1056
.
(pdftex.def)             Requested size: 363.12022pt x 186.7357pt.

Underfull \hbox (badness 10000) in paragraph at lines 1052--1059

 []

[34 <./Figure/Residential_TempSetpoint.jpg>]
<./Figure/Office_Vent.jpg, id=168, 895.84688pt x 462.22687pt>
File: ./Figure/Office_Vent.jpg Graphic file (type jpg)
<use ./Figure/Office_Vent.jpg>
Package pdftex.def Info: ./Figure/Office_Vent.jpg  used on input line 1063.
(pdftex.def)             Requested size: 447.92235pt x 231.11287pt.

Underfull \hbox (badness 10000) in paragraph at lines 1069--1071

 []

<./Figure/Example_Normal_Distribution.jpg, id=169, 761.09344pt x 475.02469pt>
File: ./Figure/Example_Normal_Distribution.jpg Graphic file (type jpg)
<use ./Figure/Example_Normal_Distribution.jpg>
Package pdftex.def Info: ./Figure/Example_Normal_Distribution.jpg  used on inpu
t line 1074.
(pdftex.def)             Requested size: 380.54579pt x 237.51175pt.
[35 <./Figure/VentilationLevel.jpg> <./Figure/Office_Vent.jpg>]
Underfull \hbox (badness 10000) in paragraph at lines 1079--1082

 []

<./Figure/Hongger_InConvDist.jpg, id=173, 871.75688pt x 462.97969pt>
File: ./Figure/Hongger_InConvDist.jpg Graphic file (type jpg)
<use ./Figure/Hongger_InConvDist.jpg>
Package pdftex.def Info: ./Figure/Hongger_InConvDist.jpg  used on input line 10
85.
(pdftex.def)             Requested size: 435.87738pt x 231.48927pt.
File: ./Figure/Hongger_InConvDist.jpg Graphic file (type jpg)
<use ./Figure/Hongger_InConvDist.jpg>
Package pdftex.def Info: ./Figure/Hongger_InConvDist.jpg  used on input line 10
92.
(pdftex.def)             Requested size: 435.87738pt x 231.48927pt.
[36 <./Figure/Example_Normal_Distribution.jpg> <./Figure/Hongger_InConvDist.jpg
>]
Underfull \hbox (badness 10000) in paragraph at lines 1108--1110

 []

[37]
<./Figure/Office_SIA.jpg, id=181, 727.96968pt x 356.83313pt>
File: ./Figure/Office_SIA.jpg Graphic file (type jpg)
<use ./Figure/Office_SIA.jpg>
Package pdftex.def Info: ./Figure/Office_SIA.jpg  used on input line 1122.
(pdftex.def)             Requested size: 291.18271pt x 142.73071pt.
<./Figure/Residential_SIA.jpg, id=182, 828.09375pt x 459.21562pt>
File: ./Figure/Residential_SIA.jpg Graphic file (type jpg)
<use ./Figure/Residential_SIA.jpg>
Package pdftex.def Info: ./Figure/Residential_SIA.jpg  used on input line 1129.

(pdftex.def)             Requested size: 331.23163pt x 183.68298pt.
 [38 <./Figure/Office_SIA.jpg> <./Figure/Residential_SIA.jpg>]
Overfull \hbox (1.46303pt too wide) in paragraph at lines 1137--1138
\OT1/ptm/m/n/10.95 The dy-namic sim-u-la-tion re-sults are shown be-low in Fig-
ure 28[] and Fig-ure 29[] be-low. Firstly, the sim-u-la-tion
 []

<./Figure/Office_EP.jpg, id=186, 817.55438pt x 438.8897pt>
File: ./Figure/Office_EP.jpg Graphic file (type jpg)
<use ./Figure/Office_EP.jpg>
Package pdftex.def Info: ./Figure/Office_EP.jpg  used on input line 1142.
(pdftex.def)             Requested size: 408.7762pt x 219.4443pt.
<./Figure/Residential_EP.jpg, id=187, 960.58875pt x 489.32813pt>
File: ./Figure/Residential_EP.jpg Graphic file (type jpg)
<use ./Figure/Residential_EP.jpg>
Package pdftex.def Info: ./Figure/Residential_EP.jpg  used on input line 1149.
(pdftex.def)             Requested size: 384.22868pt x 195.72777pt.

Underfull \hbox (badness 10000) in paragraph at lines 1161--1162

 []

[39 <./Figure/Office_EP.jpg> <./Figure/Residential_EP.jpg>]
<./Figure/ACH_Compare.JPG, id=191, 983.17313pt x 476.53032pt>
File: ./Figure/ACH_Compare.JPG Graphic file (type jpg)
<use ./Figure/ACH_Compare.JPG>
Package pdftex.def Info: ./Figure/ACH_Compare.JPG  used on input line 1165.
(pdftex.def)             Requested size: 393.26228pt x 190.60875pt.
<Figure/Hongg_Clibration_Origin.JPG, id=192, 945.5325pt x 534.49687pt>
File: Figure/Hongg_Clibration_Origin.JPG Graphic file (type jpg)
<use Figure/Hongg_Clibration_Origin.JPG>
Package pdftex.def Info: Figure/Hongg_Clibration_Origin.JPG  used on input line
 1172.
(pdftex.def)             Requested size: 378.2063pt x 213.79495pt.

Underfull \hbox (badness 10000) in paragraph at lines 1177--1178

 []

<Figure/Hongg_Cali_NoFacility.JPG, id=193, 724.20563pt x 422.32782pt>
File: Figure/Hongg_Cali_NoFacility.JPG Graphic file (type jpg)
<use Figure/Hongg_Cali_NoFacility.JPG>
Package pdftex.def Info: Figure/Hongg_Cali_NoFacility.JPG  used on input line 1
181.
(pdftex.def)             Requested size: 289.67711pt x 168.92813pt.
[40 <./Figure/ACH_Compare.JPG> <./Figure/Hongg_Clibration_Origin.JPG>]
Underfull \hbox (badness 10000) in paragraph at lines 1186--1187

 []

<./Figure/Hongg_Clibration_03NoLight.JPG, id=197, 886.81313pt x 527.72156pt>
File: ./Figure/Hongg_Clibration_03NoLight.JPG Graphic file (type jpg)
<use ./Figure/Hongg_Clibration_03NoLight.JPG>
Package pdftex.def Info: ./Figure/Hongg_Clibration_03NoLight.JPG  used on input
 line 1190.
(pdftex.def)             Requested size: 354.71896pt x 211.08488pt.

Overfull \hbox (2.13113pt too wide) in paragraph at lines 1195--1196
[]\OT1/ptm/m/n/10.95 Figure 33[] above shows the tem-per-a-ture pro-file with-o
ut light-ing. The highly fluc-tu-ated blue line rep-re-sents
 []

<./Figure/Hongg_Clibration_03NewLight.JPG, id=198, 1199.23032pt x 596.2275pt>
File: ./Figure/Hongg_Clibration_03NewLight.JPG Graphic file (type jpg)
<use ./Figure/Hongg_Clibration_03NewLight.JPG>
Package pdftex.def Info: ./Figure/Hongg_Clibration_03NewLight.JPG  used on inpu
t line 1219.
(pdftex.def)             Requested size: 359.77187pt x 178.86963pt.
[41 <./Figure/Hongg_Cali_NoFacility.JPG> <./Figure/Hongg_Clibration_03NoLight.J
PG>]
Underfull \hbox (badness 10000) in paragraph at lines 1224--1226

 []

<Figure/Office_Calibration_Ori.JPG, id=202, 910.90312pt x 418.56375pt>
File: Figure/Office_Calibration_Ori.JPG Graphic file (type jpg)
<use Figure/Office_Calibration_Ori.JPG>
Package pdftex.def Info: Figure/Office_Calibration_Ori.JPG  used on input line 
1232.
(pdftex.def)             Requested size: 318.82086pt x 146.4995pt.
[42 <./Figure/Hongg_Clibration_03NewLight.JPG>]
<Sumatra_Calibration_AllonShading.JPG, id=206, 1072.005pt x 500.62032pt>
File: Sumatra_Calibration_AllonShading.JPG Graphic file (type jpg)
<use Sumatra_Calibration_AllonShading.JPG>
Package pdftex.def Info: Sumatra_Calibration_AllonShading.JPG  used on input li
ne 1239.
(pdftex.def)             Requested size: 321.60399pt x 150.18726pt.

Underfull \hbox (badness 10000) in paragraph at lines 1244--1245

 []

<Sumatra_Calibration_NewShading.JPG, id=207, 700.11563pt x 352.31625pt>
File: Sumatra_Calibration_NewShading.JPG Graphic file (type jpg)
<use Sumatra_Calibration_NewShading.JPG>
Package pdftex.def Info: Sumatra_Calibration_NewShading.JPG  used on input line
 1280.
(pdftex.def)             Requested size: 350.05696pt x 176.15768pt.
[43 <./Figure/Office_Calibration_Ori.JPG> <./Sumatra_Calibration_AllonShading.J
PG>]
Underfull \hbox (badness 10000) in paragraph at lines 1287--1288

 []


Underfull \hbox (badness 10000) in paragraph at lines 1289--1290

 []

<./Figure/Sumatra_2015Distribution.jpg, id=212, 615.0478pt x 309.40594pt>
File: ./Figure/Sumatra_2015Distribution.jpg Graphic file (type jpg)
<use ./Figure/Sumatra_2015Distribution.jpg>
Package pdftex.def Info: ./Figure/Sumatra_2015Distribution.jpg  used on input l
ine 1293.
(pdftex.def)             Requested size: 399.77634pt x 201.11147pt.
<./Figure/Hongg_2015Distribution.jpg, id=213, 609.02531pt x 292.84406pt>
File: ./Figure/Hongg_2015Distribution.jpg Graphic file (type jpg)
<use ./Figure/Hongg_2015Distribution.jpg>
Package pdftex.def Info: ./Figure/Hongg_2015Distribution.jpg  used on input lin
e 1300.
(pdftex.def)             Requested size: 426.3148pt x 204.98944pt.
[44 <./Sumatra_Calibration_NewShading.JPG> <./Figure/Sumatra_2015Distribution.j
pg>]
Overfull \hbox (7.747pt too wide) in paragraph at lines 1305--1306
\OT1/ptm/m/n/10.95 be-tween two in-ter-sec pa-ram-e-ters. A pixel with deep col
or in-di-cates the cor-re-la-tion be-tween two pa-ram-e-ters
 []


Underfull \hbox (badness 10000) in paragraph at lines 1305--1306

 []


Underfull \hbox (badness 10000) in paragraph at lines 1307--1308

 []


Overfull \hbox (12.52179pt too wide) in paragraph at lines 1309--1310
[]\OT1/ptm/m/n/10.95 The cor-re-la-tion ma-trix of of-fice build-ing in-di-cate
s that a strong cor-re-la-tion ex-ists be-tween of-fice tem-per-a-ture
 []

<./Figure/Sumatra_Matrix.jpg, id=217, 813.79031pt x 696.35156pt>
File: ./Figure/Sumatra_Matrix.jpg Graphic file (type jpg)
<use ./Figure/Sumatra_Matrix.jpg>
Package pdftex.def Info: ./Figure/Sumatra_Matrix.jpg  used on input line 1314.
(pdftex.def)             Requested size: 488.27795pt x 417.81415pt.

Overfull \hbox (35.31006pt too wide) in paragraph at lines 1314--1315
 [][] 
 []

[45 <./Figure/Hongg_2015Distribution.jpg>]
<./Figure/Hongger_Matrix.jpg, id=221, 797.98125pt x 690.32906pt>
File: ./Figure/Hongger_Matrix.jpg Graphic file (type jpg)
<use ./Figure/Hongger_Matrix.jpg>
Package pdftex.def Info: ./Figure/Hongger_Matrix.jpg  used on input line 1321.
(pdftex.def)             Requested size: 478.79243pt x 414.20064pt.

Overfull \hbox (25.82454pt too wide) in paragraph at lines 1321--1322
 [][] 
 []

[46 <./Figure/Sumatra_Matrix.jpg>]

LaTeX Warning: Reference `fig:Hong_solar' on page 47 undefined on input line 13
29.


Underfull \hbox (badness 10000) in paragraph at lines 1329--1330

 []

<./Figure/Solar_HeatingDemand.JPG, id=225, 829.59938pt x 429.85594pt>
File: ./Figure/Solar_HeatingDemand.JPG Graphic file (type jpg)
<use ./Figure/Solar_HeatingDemand.JPG>
Package pdftex.def Info: ./Figure/Solar_HeatingDemand.JPG  used on input line 1
333.
(pdftex.def)             Requested size: 414.79868pt x 214.92744pt.

Overfull \hbox (2.7663pt too wide) in paragraph at lines 1341--1342
\OT1/ptm/m/n/10.95 As the cor-re-la-tion ma-trix above in-di-cates a weak cor-r
e-la-tion be-tween heat-ing de-mand and heat con-vec-tion
 []


Underfull \hbox (badness 10000) in paragraph at lines 1341--1342

 []

[47 <./Figure/Hongger_Matrix.jpg>]
<./Figure/Hongg_ConvCoe.JPG, id=229, 772.38562pt x 430.60875pt>
File: ./Figure/Hongg_ConvCoe.JPG Graphic file (type jpg)
<use ./Figure/Hongg_ConvCoe.JPG>
Package pdftex.def Info: ./Figure/Hongg_ConvCoe.JPG  used on input line 1345.
(pdftex.def)             Requested size: 386.19186pt x 215.30383pt.
<./Figure/Sumatra_Comparison.jpg, id=230, 444.15938pt x 341.02406pt>
File: ./Figure/Sumatra_Comparison.jpg Graphic file (type jpg)
<use ./Figure/Sumatra_Comparison.jpg>
Package pdftex.def Info: ./Figure/Sumatra_Comparison.jpg  used on input line 13
55.
(pdftex.def)             Requested size: 279.82188pt x 214.84628pt.
 [48 <./Figure/Solar_HeatingDemand.JPG> <./Figure/Hongg_ConvCoe.JPG>]
<./Figure/Hongg_Comparison.jpg, id=234, 441.90094pt x 348.55219pt>
File: ./Figure/Hongg_Comparison.jpg Graphic file (type jpg)
<use ./Figure/Hongg_Comparison.jpg>
Package pdftex.def Info: ./Figure/Hongg_Comparison.jpg  used on input line 1362
.
(pdftex.def)             Requested size: 278.39906pt x 219.58902pt.
 [49 <./Figure/Sumatra_Comparison.jpg> <./Figure/Hongg_Comparison.jpg>]
Underfull \hbox (badness 10000) in paragraph at lines 1370--1371

 []


Underfull \hbox (badness 10000) in paragraph at lines 1372--1373

 []


Underfull \hbox (badness 10000) in paragraph at lines 1374--1375

 []

[50] [51]
LaTeX Font Info:    Try loading font information for OT1+pcr on input line 1383
.
 ("C:\Program Files\MiKTeX 2.9\tex\latex\psnfss\ot1pcr.fd"
File: ot1pcr.fd 2001/06/04 font definitions for OT1/pcr.
)
Overfull \hbox (12.58167pt too wide) in paragraph at lines 1384--1384
\OT1/pcr/m/n/10.95 http : / / www . sciencedirect . com / science / article / p
ii / S0378778818309460$\OT1/ptm/m/n/10.95 . 
 []


Overfull \hbox (6.18057pt too wide) in paragraph at lines 1384--1384
[]\OT1/ptm/m/n/10.95 Sanyuan Niu, Wei Pan, and Yisong Zhao. \  A vir-tual re-al
-ity in-te-grated de-sign ap-proach to im-prov-ing
 []


Overfull \hbox (0.89433pt too wide) in paragraph at lines 1384--1384
\OT1/ptm/m/n/10.95 in base-ments and mea-sured ver-sus cal-cu-lated U-values". 
In: \OT1/ptm/m/it/10.95 En-ergy Pro-ce-dia \OT1/ptm/m/n/10.95 122 (2017). CIS-B
AT
 []


Overfull \hbox (2.11678pt too wide) in paragraph at lines 1384--1384
\OT1/ptm/m/n/10.95 Per-for-mance of a Low Rise Build-ing in Di-verse Lo-ca-tion
s of the Hot Hu-mid Trop-ics". In: \OT1/ptm/m/it/10.95 Pro-ce-dia
 []


Overfull \hbox (12.58167pt too wide) in paragraph at lines 1384--1384
\OT1/pcr/m/n/10.95 http : / / www . sciencedirect . com / science / article / p
ii / S1877705817317058$\OT1/ptm/m/n/10.95 . 
 []


Overfull \hbox (4.16864pt too wide) in paragraph at lines 1384--1384
[]\OT1/ptm/m/n/10.95 Bruno Bueno et al. \  The ur-ban weather gen-er-a-tor". In
: \OT1/ptm/m/it/10.95 Jour-nal of Build-ing Per-for-mance Sim-u-la-tion
 []

[52]
Overfull \hbox (7.51666pt too wide) in paragraph at lines 1384--1384
[]\OT1/ptm/m/n/10.95 Zhengwei Li, Yan-min Han, and Peng Xu. \  Meth-ods for ben
ch-mark-ing build-ing en-ergy con-sump-tion
 []


Overfull \hbox (11.20169pt too wide) in paragraph at lines 1384--1384
\OT1/ptm/m/n/10.95 against its past or in-tended per-for-mance: An overview". I
n: \OT1/ptm/m/it/10.95 Ap-plied En-ergy \OT1/ptm/m/n/10.95 124 (2014), pp. 325{
334. 
 []


Underfull \hbox (badness 10000) in paragraph at lines 1390--1392

 []

[53]
Underfull \hbox (badness 10000) in paragraph at lines 1393--1395

 []


Underfull \hbox (badness 10000) in paragraph at lines 1396--1398

 []


Underfull \hbox (badness 10000) in paragraph at lines 1399--1401

 []


Underfull \hbox (badness 10000) in paragraph at lines 1433--1433
[]\OT1/ptm/m/n/10 U-Value
 []


Underfull \hbox (badness 10000) in paragraph at lines 1433--1433
[]\OT1/ptm/m/n/10 Loss (SIA)
 []


Underfull \hbox (badness 10000) in paragraph at lines 1433--1433
[]\OT1/ptm/m/n/10 Loss(2015)
 []


Underfull \hbox (badness 5388) in paragraph at lines 1464--1464
[]\OT1/ptm/m/n/10 Heating De-gree
 []


Underfull \hbox (badness 5388) in paragraph at lines 1465--1465
[]\OT1/ptm/m/n/10 Heating De-gree
 []


Underfull \hbox (badness 1033) in paragraph at lines 1466--1466
[]\OT1/ptm/m/n/10 Ventilation Loss
 []


Underfull \hbox (badness 1043) in paragraph at lines 1467--1467
[]\OT1/ptm/m/n/10 Ventilation Heat
 []


Overfull \hbox (16.07169pt too wide) in paragraph at lines 1458--1470
 [][] 
 []


Underfull \hbox (badness 10000) in paragraph at lines 1451--1472

 []

[54] [55]
Underfull \hbox (badness 10000) in paragraph at lines 1534--1534
[]\OT1/ptm/m/n/10.95 Heat Gain
 []


Underfull \hbox (badness 10000) in paragraph at lines 1551--1551
[]\OT1/ptm/m/n/10 Window
 []


Underfull \hbox (badness 10000) in paragraph at lines 1551--1551
[]\OT1/ptm/m/n/10 Solar
 []


Underfull \hbox (badness 10000) in paragraph at lines 1551--1551
\OT1/ptm/m/n/10 Gain
 []


Underfull \hbox (badness 10000) in paragraph at lines 1551--1551
[]\OT1/ptm/m/n/10 Solar
 []


Underfull \hbox (badness 10000) in paragraph at lines 1551--1551
\OT1/ptm/m/n/10 Gain
 []


Overfull \hbox (28.06181pt too wide) in paragraph at lines 1547--1566
 [][][] 
 []


Underfull \hbox (badness 10000) in paragraph at lines 1579--1579
[]\OT1/ptm/m/n/10.95 Loss
 []


Underfull \hbox (badness 10000) in paragraph at lines 1570--1599

 []

[56]
Underfull \hbox (badness 10000) in paragraph at lines 1616--1616
[]\OT1/ptm/m/n/10 Ventilation
 []


Underfull \hbox (badness 10000) in paragraph at lines 1617--1617
[]\OT1/ptm/m/n/10 Ventilation
 []


Overfull \hbox (42.5323pt too wide) in paragraph at lines 1608--1621
 [][][] 
 []


Underfull \hbox (badness 10000) in paragraph at lines 1602--1621

 []

[57]
Underfull \hbox (badness 10000) in paragraph at lines 1624--1625

 []


Underfull \hbox (badness 10000) in paragraph at lines 1635--1635
[]\OT1/ptm/m/n/10 Loss
 []


Underfull \hbox (badness 10000) in paragraph at lines 1635--1635
[]\OT1/ptm/m/n/10 Loss
 []


Underfull \hbox (badness 10000) in paragraph at lines 1667--1682

 []

[58]
Underfull \hbox (badness 10000) in paragraph at lines 1694--1694
[]\OT1/ptm/m/n/10.95 Weather
 []


Underfull \hbox (badness 10000) in paragraph at lines 1685--1701

 []


Underfull \hbox (badness 10000) in paragraph at lines 1705--1706

 []


Overfull \hbox (4.1499pt too wide) in paragraph at lines 1714--1714
[]\OT1/ptm/m/n/10.95 Window 
 []


Overfull \hbox (9.73396pt too wide) in paragraph at lines 1714--1714
[]\OT1/ptm/m/n/10.95 Radiation 
 []


Overfull \hbox (9.73396pt too wide) in paragraph at lines 1714--1714
[]\OT1/ptm/m/n/10.95 Radiation 
 []


Underfull \hbox (badness 10000) in paragraph at lines 1714--1714
[]\OT1/ptm/m/n/10.95 Solar
 []


Underfull \hbox (badness 10000) in paragraph at lines 1714--1714
[]\OT1/ptm/m/n/10.95 Solar
 []


Overfull \hbox (25.60875pt too wide) in paragraph at lines 1710--1730
 [][][] 
 []

[59] ("Draft 12Oct.aux")

LaTeX Warning: There were undefined references.

Package logreq Info: Writing requests to '"Draft 12Oct".run.xml'.
\openout1 = `"Draft 12Oct.run.xml"'.

 ) 
Here is how much of TeX's memory you used:
 27168 strings out of 493305
 511193 string characters out of 3138865
 1054051 words of memory out of 3000000
 30133 multiletter control sequences out of 15000+200000
 30898 words of font info for 72 fonts, out of 3000000 for 9000
 1141 hyphenation exceptions out of 8191
 55i,11n,77p,1329b,1711s stack positions out of 5000i,500n,10000p,200000b,50000s
{C:/Program Files/MiKTeX 2.9/fonts/enc/dvips/base/8r.enc}<C:/Program Files/Mi
KTeX 2.9/fonts/type1/public/amsfonts/cm/cmex10.pfb><C:/Program Files/MiKTeX 2.9
/fonts/type1/public/amsfonts/cm/cmmi10.pfb><C:/Program Files/MiKTeX 2.9/fonts/t
ype1/public/amsfonts/cm/cmmi6.pfb><C:/Program Files/MiKTeX 2.9/fonts/type1/publ
ic/amsfonts/cm/cmmi8.pfb><C:/Program Files/MiKTeX 2.9/fonts/type1/public/amsfon
ts/cm/cmr10.pfb><C:/Program Files/MiKTeX 2.9/fonts/type1/public/amsfonts/cm/cmr
6.pfb><C:/Program Files/MiKTeX 2.9/fonts/type1/public/amsfonts/cm/cmr7.pfb><C:/
Program Files/MiKTeX 2.9/fonts/type1/public/amsfonts/cm/cmr8.pfb><C:/Program Fi
les/MiKTeX 2.9/fonts/type1/public/amsfonts/cm/cmsy10.pfb><C:/Program Files/MiKT
eX 2.9/fonts/type1/urw/courier/ucrr8a.pfb><C:/Program Files/MiKTeX 2.9/fonts/ty
pe1/urw/times/utmb8a.pfb><C:/Program Files/MiKTeX 2.9/fonts/type1/urw/times/utm
r8a.pfb><C:/Program Files/MiKTeX 2.9/fonts/type1/urw/times/utmri8a.pfb>
Output written on "Draft 12Oct.pdf" (59 pages, 4911555 bytes).
PDF statistics:
 316 PDF objects out of 1000 (max. 8388607)
 0 named destinations out of 1000 (max. 500000)
 233 words of extra memory for PDF output out of 10000 (max. 10000000)

